#
# A fatal error has been detected by the Java Runtime Environment:
#
#  EXCEPTION_ACCESS_VIOLATION (0xc0000005) at pc=0x000000006a2ca2c2, pid=13984, tid=6800
#
# JRE version: OpenJDK Runtime Environment (10.0+44) (build 10+44)
# Java VM: OpenJDK 64-Bit Server VM (10+44, mixed mode, tiered, compressed oops, g1 gc, windows-amd64)
# Problematic frame:
# V  [jvm.dll+0x5aa2c2]
#
# No core dump will be written. Minidumps are not enabled by default on client versions of Windows
#
# If you would like to submit a bug report, please visit:
#   http://bugreport.java.com/bugreport/crash.jsp
#

---------------  S U M M A R Y ------------

Command Line: -agentlib:jdwp=transport=dt_socket,suspend=y,address=localhost:62823 -Dapplication.entityManagerFactory.generateDdl=true -javaagent:D:\oopscraft\sdk\eclipse\configuration\org.eclipse.osgi\411\0\.cp\lib\javaagent-shaded.jar -Dfile.encoding=utf-8 net.oopscraft.application.Application

Host: AMD Ryzen 5 3500U with Radeon Vega Mobile Gfx  , 8 cores, 13G,  Windows 10 , 64 bit Build 18362 (10.0.18362.329)
Time: Fri Apr 03 17:02:31 2020 ¢¥eCN©öI¡¾©ö C¡ÍA¨ª¨öA elapsed time: 1219 seconds (0d 0h 20m 19s)

---------------  T H R E A D  ---------------

Current thread (0x000002a4634c7800):  JavaThread "http-nio-10001-exec-3" daemon [_thread_in_vm, id=6800, stack(0x000000e7e0d00000,0x000000e7e0e00000)]

Stack: [0x000000e7e0d00000,0x000000e7e0e00000],  sp=0x000000e7e0df8a00,  free space=994k
Native frames: (J=compiled Java code, j=interpreted, Vv=VM code, C=native code)
V  [jvm.dll+0x5aa2c2]
V  [jvm.dll+0x35e6fb]
V  [jvm.dll+0x4611f6]
V  [jvm.dll+0x45c495]
V  [jvm.dll+0x361149]
V  [jvm.dll+0x5d6998]
V  [jvm.dll+0x5d6daf]
V  [jvm.dll+0x5d68c7]
V  [jvm.dll+0x3a35ef]
C  0x000002a44add77be

Java frames: (J=compiled Java code, j=interpreted, Vv=VM code)
J 10168  java.lang.StackStreamFactory$AbstractStackWalker.fetchStackFrames(JJII[Ljava/lang/Object;)I java.base@10 (0 bytes) @ 0x000002a44add771e [0x000002a44add76c0+0x000000000000005e]
J 10183 c1 java.lang.StackStreamFactory$AbstractStackWalker.fetchStackFrames(I)I java.base@10 (121 bytes) @ 0x000002a4445f5afc [0x000002a4445f5820+0x00000000000002dc]
J 10184 c2 java.lang.StackStreamFactory$StackFrameTraverser.nextStackFrame()Ljava/lang/StackWalker$StackFrame; java.base@10 (32 bytes) @ 0x000002a44ade20f8 [0x000002a44ade2060+0x0000000000000098]
j  java.lang.StackStreamFactory$StackFrameTraverser.forEachRemaining(Ljava/util/function/Consumer;)V+18 java.base@10
J 2423 c1 java.util.stream.AbstractPipeline.copyInto(Ljava/util/stream/Sink;Ljava/util/Spliterator;)V java.base@10 (54 bytes) @ 0x000002a44331a2bc [0x000002a443319ee0+0x00000000000003dc]
J 1958 c1 java.util.stream.AbstractPipeline.wrapAndCopyInto(Ljava/util/stream/Sink;Ljava/util/Spliterator;)Ljava/util/stream/Sink; java.base@10 (18 bytes) @ 0x000002a4431c48b4 [0x000002a4431c4780+0x0000000000000134]
J 10590 c1 java.util.stream.ReduceOps$ReduceOp.evaluateSequential(Ljava/util/stream/PipelineHelper;Ljava/util/Spliterator;)Ljava/lang/Object; java.base@10 (18 bytes) @ 0x000002a4430a1544 [0x000002a4430a1380+0x00000000000001c4]
J 1961 c1 java.util.stream.AbstractPipeline.evaluate(Ljava/util/stream/TerminalOp;)Ljava/lang/Object; java.base@10 (94 bytes) @ 0x000002a4431c5fb4 [0x000002a4431c5b60+0x0000000000000454]
j  java.util.stream.ReferencePipeline.collect(Ljava/util/stream/Collector;)Ljava/lang/Object;+86 java.base@10
j  org.apache.logging.log4j.util.StackLocator.lambda$getCurrentStackTrace$9(Ljava/util/stream/Stream;)Ljava/util/List;+14
j  org.apache.logging.log4j.util.StackLocator$$Lambda$250.apply(Ljava/lang/Object;)Ljava/lang/Object;+4
J 5484 c1 java.lang.StackStreamFactory$StackFrameTraverser.consumeFrames()Ljava/lang/Object; java.base@10 (39 bytes) @ 0x000002a443a5be9c [0x000002a443a5bb40+0x000000000000035c]
J 4724 c1 java.lang.StackStreamFactory$AbstractStackWalker.doStackWalk(JIIII)Ljava/lang/Object; java.base@10 (82 bytes) @ 0x000002a44383d95c [0x000002a44383d780+0x00000000000001dc]
v  ~StubRoutines::call_stub
J 5482  java.lang.StackStreamFactory$AbstractStackWalker.callStackWalk(JIII[Ljava/lang/Object;)Ljava/lang/Object; java.base@10 (0 bytes) @ 0x000002a44a7d399e [0x000002a44a7d3940+0x000000000000005e]
J 5480 c1 java.lang.StackStreamFactory$AbstractStackWalker.beginStackWalk()Ljava/lang/Object; java.base@10 (35 bytes) @ 0x000002a443a59efc [0x000002a443a59c00+0x00000000000002fc]
J 4722 c1 java.lang.StackWalker.walk(Ljava/util/function/Function;)Ljava/lang/Object; java.base@10 (14 bytes) @ 0x000002a44383c394 [0x000002a44383bf00+0x0000000000000494]
j  org.apache.logging.log4j.util.StackLocator.getCurrentStackTrace()Ljava/util/Stack;+16
j  org.apache.logging.log4j.util.StackLocatorUtil.getCurrentStackTrace()Ljava/util/Stack;+3
j  org.apache.logging.log4j.core.impl.ThrowableProxy.<init>(Ljava/lang/Throwable;Ljava/util/Set;)V+44
j  org.apache.logging.log4j.core.impl.ThrowableProxy.<init>(Ljava/lang/Throwable;)V+3
J 6135 c1 org.apache.logging.log4j.core.impl.Log4jLogEvent.getThrownProxy()Lorg/apache/logging/log4j/core/impl/ThrowableProxy; (34 bytes) @ 0x000002a443c25dfc [0x000002a443c25ce0+0x000000000000011c]
J 6134 c1 org.apache.logging.log4j.core.pattern.ExtendedThrowablePatternConverter.format(Lorg/apache/logging/log4j/core/LogEvent;Ljava/lang/StringBuilder;)V (233 bytes) @ 0x000002a443c225d4 [0x000002a443c224c0+0x0000000000000114]
J 4754 c1 org.apache.logging.log4j.core.layout.PatternLayout$PatternSerializer.toSerializable(Lorg/apache/logging/log4j/core/LogEvent;Ljava/lang/StringBuilder;)Ljava/lang/StringBuilder; (71 bytes) @ 0x000002a44384dc74 [0x000002a44384da40+0x0000000000000234]
J 6089 c1 org.apache.logging.log4j.core.layout.PatternLayout.encode(Lorg/apache/logging/log4j/core/LogEvent;Lorg/apache/logging/log4j/core/layout/ByteBufferDestination;)V (53 bytes) @ 0x000002a443c0f384 [0x000002a443c0f000+0x0000000000000384]
J 6088 c1 org.apache.logging.log4j.core.layout.PatternLayout.encode(Ljava/lang/Object;Lorg/apache/logging/log4j/core/layout/ByteBufferDestination;)V (10 bytes) @ 0x000002a443c0eaec [0x000002a443c0e960+0x000000000000018c]
J 6087 c1 org.apache.logging.log4j.core.appender.AbstractOutputStreamAppender.directEncodeEvent(Lorg/apache/logging/log4j/core/LogEvent;)V (38 bytes) @ 0x000002a443c0df4c [0x000002a443c0dda0+0x00000000000001ac]
J 6085 c1 org.apache.logging.log4j.core.appender.AbstractOutputStreamAppender.append(Lorg/apache/logging/log4j/core/LogEvent;)V (62 bytes) @ 0x000002a443c0c104 [0x000002a443c0bfa0+0x0000000000000164]
J 6093 c1 org.apache.logging.log4j.core.config.AppenderControl.tryCallAppender(Lorg/apache/logging/log4j/core/LogEvent;)V (36 bytes) @ 0x000002a443c12c94 [0x000002a443c12b80+0x0000000000000114]
J 6036 c1 org.apache.logging.log4j.core.config.AppenderControl.callAppenderPreventRecursion(Lorg/apache/logging/log4j/core/LogEvent;)V (36 bytes) @ 0x000002a443bf2a84 [0x000002a443bf2500+0x0000000000000584]
J 10488 c1 org.apache.logging.log4j.core.config.LoggerConfig.callAppenders(Lorg/apache/logging/log4j/core/LogEvent;)V (30 bytes) @ 0x000002a442ffda14 [0x000002a442ffd300+0x0000000000000714]
J 6677 c1 org.apache.logging.log4j.core.config.LoggerConfig.log(Ljava/lang/String;Ljava/lang/String;Lorg/apache/logging/log4j/Marker;Lorg/apache/logging/log4j/Level;Lorg/apache/logging/log4j/message/Message;Ljava/lang/Throwable;)V (220 bytes) @ 0x000002a443dab97c [0x000002a443daa380+0x00000000000015fc]
J 6674 c1 org.apache.logging.log4j.core.config.AwaitCompletionReliabilityStrategy.log(Lorg/apache/logging/log4j/util/Supplier;Ljava/lang/String;Ljava/lang/String;Lorg/apache/logging/log4j/Marker;Lorg/apache/logging/log4j/Level;Lorg/apache/logging/log4j/message/Message;Ljava/lang/Throwable;)V (51 bytes) @ 0x000002a443da860c [0x000002a443da80e0+0x000000000000052c]
J 6673 c1 org.apache.logging.log4j.core.Logger.logMessage(Ljava/lang/String;Lorg/apache/logging/log4j/Level;Lorg/apache/logging/log4j/Marker;Lorg/apache/logging/log4j/message/Message;Ljava/lang/Throwable;)V (53 bytes) @ 0x000002a443da7a54 [0x000002a443da7600+0x0000000000000454]
J 6630 c1 org.apache.logging.log4j.spi.AbstractLogger.logMessageSafely(Ljava/lang/String;Lorg/apache/logging/log4j/Level;Lorg/apache/logging/log4j/Marker;Lorg/apache/logging/log4j/message/Message;Ljava/lang/Throwable;)V (30 bytes) @ 0x000002a443d721a4 [0x000002a443d72020+0x0000000000000184]
j  org.apache.logging.log4j.spi.AbstractLogger.logMessage(Ljava/lang/String;Lorg/apache/logging/log4j/Level;Lorg/apache/logging/log4j/Marker;Ljava/lang/String;Ljava/lang/Throwable;)V+17
j  org.apache.logging.log4j.spi.AbstractLogger.logIfEnabled(Ljava/lang/String;Lorg/apache/logging/log4j/Level;Lorg/apache/logging/log4j/Marker;Ljava/lang/String;Ljava/lang/Throwable;)V+21
j  org.apache.logging.slf4j.Log4jLogger.warn(Ljava/lang/String;Ljava/lang/Throwable;)V+13
j  net.oopscraft.application.api.ApiController.getApis()Ljava/util/List;+575
v  ~StubRoutines::call_stub
J 2488  jdk.internal.reflect.NativeMethodAccessorImpl.invoke0(Ljava/lang/reflect/Method;Ljava/lang/Object;[Ljava/lang/Object;)Ljava/lang/Object; java.base@10 (0 bytes) @ 0x000002a44a46fcbf [0x000002a44a46fc40+0x000000000000007f]
J 2487 c1 jdk.internal.reflect.NativeMethodAccessorImpl.invoke(Ljava/lang/Object;[Ljava/lang/Object;)Ljava/lang/Object; java.base@10 (104 bytes) @ 0x000002a443342244 [0x000002a4433415c0+0x0000000000000c84]
J 4128 c2 java.lang.reflect.Method.invoke(Ljava/lang/Object;[Ljava/lang/Object;)Ljava/lang/Object; java.base@10 (65 bytes) @ 0x000002a44a6d2bb0 [0x000002a44a6d2a80+0x0000000000000130]
j  org.springframework.web.method.support.InvocableHandlerMethod.doInvoke([Ljava/lang/Object;)Ljava/lang/Object;+16
j  org.springframework.web.method.support.InvocableHandlerMethod.invokeForRequest(Lorg/springframework/web/context/request/NativeWebRequest;Lorg/springframework/web/method/support/ModelAndViewContainer;[Ljava/lang/Object;)Ljava/lang/Object;+75
j  org.springframework.web.servlet.mvc.method.annotation.ServletInvocableHandlerMethod.invokeAndHandle(Lorg/springframework/web/context/request/ServletWebRequest;Lorg/springframework/web/method/support/ModelAndViewContainer;[Ljava/lang/Object;)V+4
j  org.springframework.web.servlet.mvc.method.annotation.RequestMappingHandlerAdapter.invokeHandlerMethod(Ljavax/servlet/http/HttpServletRequest;Ljavax/servlet/http/HttpServletResponse;Lorg/springframework/web/method/HandlerMethod;)Lorg/springframework/web/servlet/ModelAndView;+278
j  org.springframework.web.servlet.mvc.method.annotation.RequestMappingHandlerAdapter.handleInternal(Ljavax/servlet/http/HttpServletRequest;Ljavax/servlet/http/HttpServletResponse;Lorg/springframework/web/method/HandlerMethod;)Lorg/springframework/web/servlet/ModelAndView;+81
j  org.springframework.web.servlet.mvc.method.AbstractHandlerMethodAdapter.handle(Ljavax/servlet/http/HttpServletRequest;Ljavax/servlet/http/HttpServletResponse;Ljava/lang/Object;)Lorg/springframework/web/servlet/ModelAndView;+7
j  org.springframework.web.servlet.DispatcherServlet.doDispatch(Ljavax/servlet/http/HttpServletRequest;Ljavax/servlet/http/HttpServletResponse;)V+314
j  org.springframework.web.servlet.DispatcherServlet.doService(Ljavax/servlet/http/HttpServletRequest;Ljavax/servlet/http/HttpServletResponse;)V+314
j  org.springframework.web.servlet.FrameworkServlet.processRequest(Ljavax/servlet/http/HttpServletRequest;Ljavax/servlet/http/HttpServletResponse;)V+71
j  org.springframework.web.servlet.FrameworkServlet.doGet(Ljavax/servlet/http/HttpServletRequest;Ljavax/servlet/http/HttpServletResponse;)V+3
j  javax.servlet.http.HttpServlet.service(Ljavax/servlet/http/HttpServletRequest;Ljavax/servlet/http/HttpServletResponse;)V+35
j  org.springframework.web.servlet.FrameworkServlet.service(Ljavax/servlet/http/HttpServletRequest;Ljavax/servlet/http/HttpServletResponse;)V+33
j  javax.servlet.http.HttpServlet.service(Ljavax/servlet/ServletRequest;Ljavax/servlet/ServletResponse;)V+31
j  org.apache.catalina.core.ApplicationFilterChain.internalDoFilter(Ljavax/servlet/ServletRequest;Ljavax/servlet/ServletResponse;)V+304
j  org.apache.catalina.core.ApplicationFilterChain.doFilter(Ljavax/servlet/ServletRequest;Ljavax/servlet/ServletResponse;)V+101
j  org.apache.tomcat.websocket.server.WsFilter.doFilter(Ljavax/servlet/ServletRequest;Ljavax/servlet/ServletResponse;Ljavax/servlet/FilterChain;)V+21
j  org.apache.catalina.core.ApplicationFilterChain.internalDoFilter(Ljavax/servlet/ServletRequest;Ljavax/servlet/ServletResponse;)V+135
j  org.apache.catalina.core.ApplicationFilterChain.doFilter(Ljavax/servlet/ServletRequest;Ljavax/servlet/ServletResponse;)V+101
j  org.springframework.security.web.FilterChainProxy$VirtualFilterChain.doFilter(Ljavax/servlet/ServletRequest;Ljavax/servlet/ServletResponse;)V+68
j  org.springframework.security.web.access.ExceptionTranslationFilter.doFilter(Ljavax/servlet/ServletRequest;Ljavax/servlet/ServletResponse;Ljavax/servlet/FilterChain;)V+17
j  org.springframework.security.web.FilterChainProxy$VirtualFilterChain.doFilter(Ljavax/servlet/ServletRequest;Ljavax/servlet/ServletResponse;)V+192
j  org.springframework.security.web.session.SessionManagementFilter.doFilter(Ljavax/servlet/ServletRequest;Ljavax/servlet/ServletResponse;Ljavax/servlet/FilterChain;)V+258
j  org.springframework.security.web.FilterChainProxy$VirtualFilterChain.doFilter(Ljavax/servlet/ServletRequest;Ljavax/servlet/ServletResponse;)V+192
j  org.springframework.security.web.authentication.AnonymousAuthenticationFilter.doFilter(Ljavax/servlet/ServletRequest;Ljavax/servlet/ServletResponse;Ljavax/servlet/FilterChain;)V+137
j  org.springframework.security.web.FilterChainProxy$VirtualFilterChain.doFilter(Ljavax/servlet/ServletRequest;Ljavax/servlet/ServletResponse;)V+192
j  org.springframework.security.web.servletapi.SecurityContextHolderAwareRequestFilter.doFilter(Ljavax/servlet/ServletRequest;Ljavax/servlet/ServletResponse;Ljavax/servlet/FilterChain;)V+19
j  org.springframework.security.web.FilterChainProxy$VirtualFilterChain.doFilter(Ljavax/servlet/ServletRequest;Ljavax/servlet/ServletResponse;)V+192
j  org.springframework.security.web.savedrequest.RequestCacheAwareFilter.doFilter(Ljavax/servlet/ServletRequest;Ljavax/servlet/ServletResponse;Ljavax/servlet/FilterChain;)V+32
j  org.springframework.security.web.FilterChainProxy$VirtualFilterChain.doFilter(Ljavax/servlet/ServletRequest;Ljavax/servlet/ServletResponse;)V+192
j  org.springframework.security.web.authentication.logout.LogoutFilter.doFilter(Ljavax/servlet/ServletRequest;Ljavax/servlet/ServletResponse;Ljavax/servlet/FilterChain;)V+115
j  org.springframework.security.web.FilterChainProxy$VirtualFilterChain.doFilter(Ljavax/servlet/ServletRequest;Ljavax/servlet/ServletResponse;)V+192
j  org.springframework.security.web.csrf.CsrfFilter.doFilterInternal(Ljavax/servlet/http/HttpServletRequest;Ljavax/servlet/http/HttpServletResponse;Ljavax/servlet/FilterChain;)V+110
j  org.springframework.web.filter.OncePerRequestFilter.doFilter(Ljavax/servlet/ServletRequest;Ljavax/servlet/ServletResponse;Ljavax/servlet/FilterChain;)V+111
j  org.springframework.security.web.FilterChainProxy$VirtualFilterChain.doFilter(Ljavax/servlet/ServletRequest;Ljavax/servlet/ServletResponse;)V+192
j  org.springframework.security.web.header.HeaderWriterFilter.doFilterInternal(Ljavax/servlet/http/HttpServletRequest;Ljavax/servlet/http/HttpServletResponse;Ljavax/servlet/FilterChain;)V+19
j  org.springframework.web.filter.OncePerRequestFilter.doFilter(Ljavax/servlet/ServletRequest;Ljavax/servlet/ServletResponse;Ljavax/servlet/FilterChain;)V+111
j  org.springframework.security.web.FilterChainProxy$VirtualFilterChain.doFilter(Ljavax/servlet/ServletRequest;Ljavax/servlet/ServletResponse;)V+192
j  org.springframework.security.web.context.SecurityContextPersistenceFilter.doFilter(Ljavax/servlet/ServletRequest;Ljavax/servlet/ServletResponse;Ljavax/servlet/FilterChain;)V+165
j  org.springframework.security.web.FilterChainProxy$VirtualFilterChain.doFilter(Ljavax/servlet/ServletRequest;Ljavax/servlet/ServletResponse;)V+192
j  org.springframework.security.web.context.request.async.WebAsyncManagerIntegrationFilter.doFilterInternal(Ljavax/servlet/http/HttpServletRequest;Ljavax/servlet/http/HttpServletResponse;Ljavax/servlet/FilterChain;)V+42
j  org.springframework.web.filter.OncePerRequestFilter.doFilter(Ljavax/servlet/ServletRequest;Ljavax/servlet/ServletResponse;Ljavax/servlet/FilterChain;)V+111
j  org.springframework.security.web.FilterChainProxy$VirtualFilterChain.doFilter(Ljavax/servlet/ServletRequest;Ljavax/servlet/ServletResponse;)V+192
j  org.springframework.security.web.FilterChainProxy.doFilterInternal(Ljavax/servlet/ServletRequest;Ljavax/servlet/ServletResponse;Ljavax/servlet/FilterChain;)V+142
j  org.springframework.security.web.FilterChainProxy.doFilter(Ljavax/servlet/ServletRequest;Ljavax/servlet/ServletResponse;Ljavax/servlet/FilterChain;)V+40
j  org.springframework.web.filter.DelegatingFilterProxy.invokeDelegate(Ljavax/servlet/Filter;Ljavax/servlet/ServletRequest;Ljavax/servlet/ServletResponse;Ljavax/servlet/FilterChain;)V+5
j  org.springframework.web.filter.DelegatingFilterProxy.doFilter(Ljavax/servlet/ServletRequest;Ljavax/servlet/ServletResponse;Ljavax/servlet/FilterChain;)V+85
j  org.apache.catalina.core.ApplicationFilterChain.internalDoFilter(Ljavax/servlet/ServletRequest;Ljavax/servlet/ServletResponse;)V+135
j  org.apache.catalina.core.ApplicationFilterChain.doFilter(Ljavax/servlet/ServletRequest;Ljavax/servlet/ServletResponse;)V+101
j  org.springframework.orm.jpa.support.OpenEntityManagerInViewFilter.doFilterInternal(Ljavax/servlet/http/HttpServletRequest;Ljavax/servlet/http/HttpServletResponse;Ljavax/servlet/FilterChain;)V+155
j  org.springframework.web.filter.OncePerRequestFilter.doFilter(Ljavax/servlet/ServletRequest;Ljavax/servlet/ServletResponse;Ljavax/servlet/FilterChain;)V+111
j  org.apache.catalina.core.ApplicationFilterChain.internalDoFilter(Ljavax/servlet/ServletRequest;Ljavax/servlet/ServletResponse;)V+135
j  org.apache.catalina.core.ApplicationFilterChain.doFilter(Ljavax/servlet/ServletRequest;Ljavax/servlet/ServletResponse;)V+101
j  org.springframework.web.filter.CharacterEncodingFilter.doFilterInternal(Ljavax/servlet/http/HttpServletRequest;Ljavax/servlet/http/HttpServletResponse;Ljavax/servlet/FilterChain;)V+53
j  org.springframework.web.filter.OncePerRequestFilter.doFilter(Ljavax/servlet/ServletRequest;Ljavax/servlet/ServletResponse;Ljavax/servlet/FilterChain;)V+111
j  org.apache.catalina.core.ApplicationFilterChain.internalDoFilter(Ljavax/servlet/ServletRequest;Ljavax/servlet/ServletResponse;)V+135
j  org.apache.catalina.core.ApplicationFilterChain.doFilter(Ljavax/servlet/ServletRequest;Ljavax/servlet/ServletResponse;)V+101
j  org.apache.catalina.core.StandardWrapperValve.invoke(Lorg/apache/catalina/connector/Request;Lorg/apache/catalina/connector/Response;)V+688
j  org.apache.catalina.core.StandardContextValve.invoke(Lorg/apache/catalina/connector/Request;Lorg/apache/catalina/connector/Response;)V+166
j  org.apache.catalina.authenticator.AuthenticatorBase.invoke(Lorg/apache/catalina/connector/Request;Lorg/apache/catalina/connector/Response;)V+260
j  org.apache.catalina.core.StandardHostValve.invoke(Lorg/apache/catalina/connector/Request;Lorg/apache/catalina/connector/Response;)V+138
j  org.apache.catalina.valves.ErrorReportValve.invoke(Lorg/apache/catalina/connector/Request;Lorg/apache/catalina/connector/Response;)V+6
j  org.apache.catalina.core.StandardEngineValve.invoke(Lorg/apache/catalina/connector/Request;Lorg/apache/catalina/connector/Response;)V+71
j  org.apache.catalina.connector.CoyoteAdapter.service(Lorg/apache/coyote/Request;Lorg/apache/coyote/Response;)V+200
j  org.apache.coyote.http11.Http11Processor.service(Lorg/apache/tomcat/util/net/SocketWrapperBase;)Lorg/apache/tomcat/util/net/AbstractEndpoint$Handler$SocketState;+814
j  org.apache.coyote.AbstractProcessorLight.process(Lorg/apache/tomcat/util/net/SocketWrapperBase;Lorg/apache/tomcat/util/net/SocketEvent;)Lorg/apache/tomcat/util/net/AbstractEndpoint$Handler$SocketState;+113
j  org.apache.coyote.AbstractProtocol$ConnectionHandler.process(Lorg/apache/tomcat/util/net/SocketWrapperBase;Lorg/apache/tomcat/util/net/SocketEvent;)Lorg/apache/tomcat/util/net/AbstractEndpoint$Handler$SocketState;+414
j  org.apache.tomcat.util.net.NioEndpoint$SocketProcessor.doRun()V+191
j  org.apache.tomcat.util.net.SocketProcessorBase.run()V+21
j  java.util.concurrent.ThreadPoolExecutor.runWorker(Ljava/util/concurrent/ThreadPoolExecutor$Worker;)V+92 java.base@10
j  java.util.concurrent.ThreadPoolExecutor$Worker.run()V+5 java.base@10
j  org.apache.tomcat.util.threads.TaskThread$WrappingRunnable.run()V+4
j  java.lang.Thread.run()V+11 java.base@10
v  ~StubRoutines::call_stub

siginfo: EXCEPTION_ACCESS_VIOLATION (0xc0000005), reading address 0x0000000000000008


Register to memory mapping:

RIP=0x000000006a2ca2c2 jvm.dll
RAX=0x0000000000000010 is an unknown value
RBX=0x000002a43909b1b0 is an unknown value
RCX=0x00000006f0b74bd8 is an oop
java.lang.invoke.ResolvedMethodName 
{0x00000006f0b74bd8} - klass: 'java/lang/invoke/ResolvedMethodName'
RDX=0x0000000000000010 is an unknown value
RSP=0x000000e7e0df8a00 is pointing into the stack for thread: 0x000002a4634c7800
RBP=0x000002a4634c7800 is a thread
RSI=0x0000000000000000 is an unknown value
RDI=0x0000000000000000 is an unknown value
R8 =0x0000000000000000 is an unknown value
R9 ={method} {0x000002a46eee4098} 'getApis' '()Ljava/util/List;' in 'net/oopscraft/application/api/ApiController'
R10=0x0000000000000007 is an unknown value
R11=0x0000000000000006 is an unknown value
R12=0x000002a4634c7800 is a thread
R13=0x00000007c06fec50 is pointing into metadata
R14=0x000000e7e0df8b20 is pointing into the stack for thread: 0x000002a4634c7800
R15=0x0000000000000000 is an unknown value


Registers:
RAX=0x0000000000000010, RBX=0x000002a43909b1b0, RCX=0x00000006f0b74bd8, RDX=0x0000000000000010
RSP=0x000000e7e0df8a00, RBP=0x000002a4634c7800, RSI=0x0000000000000000, RDI=0x0000000000000000
R8 =0x0000000000000000, R9 =0x000002a46eee4090, R10=0x0000000000000007, R11=0x0000000000000006
R12=0x000002a4634c7800, R13=0x00000007c06fec50, R14=0x000000e7e0df8b20, R15=0x0000000000000000
RIP=0x000000006a2ca2c2, EFLAGS=0x0000000000010206

Top of Stack: (sp=0x000000e7e0df8a00)
0x000000e7e0df8a00:   000002a43909b1b0 000000e7e0df8a80
0x000000e7e0df8a10:   000002a4634c7800 0000000000000000
0x000000e7e0df8a20:   00000006f0b74bd8 000000006a07e6fb
0x000000e7e0df8a30:   000002a45f274528 000002a4634c7800
0x000000e7e0df8a40:   000000e7e0df8a80 32303a3731203330
0x000000e7e0df8a50:   000002a463150f00 000000006a1811f6
0x000000e7e0df8a60:   0000000000000000 000002a46eed7968
0x000000e7e0df8a70:   00000006f0b72168 0000000000000000
0x000000e7e0df8a80:   000002a46eed7968 000002a4634c7800
0x000000e7e0df8a90:   000002a4679b5b58 000000006a17c495
0x000000e7e0df8aa0:   000000e7e0df8b20 00000007c06fec50
0x000000e7e0df8ab0:   000002a46eed7968 0000000000000008
0x000000e7e0df8ac0:   000002a46eed7968 000002a4634c7800
0x000000e7e0df8ad0:   0000000000000000 000000e7e0df8c20
0x000000e7e0df8ae0:   000000000000000b 000002a4634c7800
0x000000e7e0df8af0:   0000000000000000 000000006a081149 

Instructions: (pc=0x000000006a2ca2c2)
0x000000006a2ca2a2:   e8 09 85 d9 ff 48 8b cf 48 8b f0 48 8b 44 24 30
0x000000006a2ca2b2:   48 85 c0 74 03 48 8b 08 48 8b d6 e8 1e 74 db ff
0x000000006a2ca2c2:   48 8b 46 08 48 8b 48 08 48 8b 41 18 b9 00 80 00
0x000000006a2ca2d2:   00 66 09 88 12 01 00 00 48 8b 44 24 30 48 85 c0 



---------------  P R O C E S S  ---------------

Threads class SMR info:
_java_thread_list=0x000002a461d50090, length=33, elements={
0x000002a43909d000, 0x000002a45dae0000, 0x000002a45dae1800, 0x000002a45dad8000,
0x000002a45dad9000, 0x000002a45db3b800, 0x000002a45db3f800, 0x000002a45db4d000,
0x000002a45db4e000, 0x000002a45db74800, 0x000002a45df4a000, 0x000002a45df4b000,
0x000002a45df4c000, 0x000002a45df2c000, 0x000002a45df27800, 0x000002a45df28800,
0x000002a45df29000, 0x000002a45df2b800, 0x000002a4634c3000, 0x000002a4634c4800,
0x000002a4634c8800, 0x000002a4634c7800, 0x000002a4634c1800, 0x000002a4634c9000,
0x000002a4634c3800, 0x000002a4634ca000, 0x000002a4634cc000, 0x000002a4634ca800,
0x000002a4634cd800, 0x000002a4634cb800, 0x000002a4634cd000, 0x000002a4634ce800,
0x000002a4634d0000
}

Java Threads: ( => current thread )
  0x000002a43909d000 JavaThread "main" [_thread_blocked, id=11360, stack(0x000000e7de100000,0x000000e7de200000)]
  0x000002a45dae0000 JavaThread "Reference Handler" daemon [_thread_blocked, id=2788, stack(0x000000e7df700000,0x000000e7df800000)]
  0x000002a45dae1800 JavaThread "Finalizer" daemon [_thread_blocked, id=16744, stack(0x000000e7df800000,0x000000e7df900000)]
  0x000002a45dad8000 JavaThread "Signal Dispatcher" daemon [_thread_blocked, id=5468, stack(0x000000e7df900000,0x000000e7dfa00000)]
  0x000002a45dad9000 JavaThread "Attach Listener" daemon [_thread_blocked, id=12192, stack(0x000000e7dfa00000,0x000000e7dfb00000)]
  0x000002a45db3b800 JavaThread "C2 CompilerThread0" daemon [_thread_blocked, id=10972, stack(0x000000e7dfb00000,0x000000e7dfc00000)]
  0x000002a45db3f800 JavaThread "C2 CompilerThread1" daemon [_thread_blocked, id=9600, stack(0x000000e7dfc00000,0x000000e7dfd00000)]
  0x000002a45db4d000 JavaThread "C2 CompilerThread2" daemon [_thread_blocked, id=11108, stack(0x000000e7dfd00000,0x000000e7dfe00000)]
  0x000002a45db4e000 JavaThread "C1 CompilerThread3" daemon [_thread_blocked, id=8008, stack(0x000000e7dfe00000,0x000000e7dff00000)]
  0x000002a45db74800 JavaThread "Sweeper thread" daemon [_thread_blocked, id=5912, stack(0x000000e7dff00000,0x000000e7e0000000)]
  0x000002a45df4a000 JavaThread "JDWP Transport Listener: dt_socket" daemon [_thread_blocked, id=15544, stack(0x000000e7e0000000,0x000000e7e0100000)]
  0x000002a45df4b000 JavaThread "JDWP Event Helper Thread" daemon [_thread_blocked, id=14512, stack(0x000000e7e0100000,0x000000e7e0200000)]
  0x000002a45df4c000 JavaThread "JDWP Command Reader" daemon [_thread_in_native, id=6684, stack(0x000000e7e0200000,0x000000e7e0300000)]
  0x000002a45df2c000 JavaThread "Common-Cleaner" daemon [_thread_blocked, id=1700, stack(0x000000e7e0300000,0x000000e7e0400000)]
  0x000002a45df27800 JavaThread "Service Thread" daemon [_thread_blocked, id=9772, stack(0x000000e7e0400000,0x000000e7e0500000)]
  0x000002a45df28800 JavaThread "Log4j2-TF-3-Scheduled-1" daemon [_thread_blocked, id=19052, stack(0x000000e7e0600000,0x000000e7e0700000)]
  0x000002a45df29000 JavaThread "Abandoned connection cleanup thread" daemon [_thread_blocked, id=5624, stack(0x000000e7e0700000,0x000000e7e0800000)]
  0x000002a45df2b800 JavaThread "NioBlockingSelector.BlockPoller-1" daemon [_thread_in_native, id=17112, stack(0x000000e7e0800000,0x000000e7e0900000)]
  0x000002a4634c3000 JavaThread "ContainerBackgroundProcessor[StandardEngine[Tomcat]]" daemon [_thread_blocked, id=9120, stack(0x000000e7ddf00000,0x000000e7de000000)]
  0x000002a4634c4800 JavaThread "http-nio-10001-exec-1" daemon [_thread_blocked, id=680, stack(0x000000e7e0b00000,0x000000e7e0c00000)]
  0x000002a4634c8800 JavaThread "http-nio-10001-exec-2" daemon [_thread_blocked, id=15796, stack(0x000000e7e0c00000,0x000000e7e0d00000)]
=>0x000002a4634c7800 JavaThread "http-nio-10001-exec-3" daemon [_thread_in_vm, id=6800, stack(0x000000e7e0d00000,0x000000e7e0e00000)]
  0x000002a4634c1800 JavaThread "http-nio-10001-exec-4" daemon [_thread_blocked, id=17248, stack(0x000000e7e0e00000,0x000000e7e0f00000)]
  0x000002a4634c9000 JavaThread "http-nio-10001-exec-5" daemon [_thread_blocked, id=15580, stack(0x000000e7e0f00000,0x000000e7e1000000)]
  0x000002a4634c3800 JavaThread "http-nio-10001-exec-6" daemon [_thread_blocked, id=17808, stack(0x000000e7e1000000,0x000000e7e1100000)]
  0x000002a4634ca000 JavaThread "http-nio-10001-exec-7" daemon [_thread_blocked, id=7608, stack(0x000000e7e1100000,0x000000e7e1200000)]
  0x000002a4634cc000 JavaThread "http-nio-10001-exec-8" daemon [_thread_blocked, id=16260, stack(0x000000e7e1200000,0x000000e7e1300000)]
  0x000002a4634ca800 JavaThread "http-nio-10001-exec-9" daemon [_thread_blocked, id=10752, stack(0x000000e7e1300000,0x000000e7e1400000)]
  0x000002a4634cd800 JavaThread "http-nio-10001-exec-10" daemon [_thread_blocked, id=776, stack(0x000000e7e1400000,0x000000e7e1500000)]
  0x000002a4634cb800 JavaThread "http-nio-10001-ClientPoller-0" daemon [_thread_in_native, id=15852, stack(0x000000e7e1500000,0x000000e7e1600000)]
  0x000002a4634cd000 JavaThread "http-nio-10001-ClientPoller-1" daemon [_thread_in_native, id=17600, stack(0x000000e7e1600000,0x000000e7e1700000)]
  0x000002a4634ce800 JavaThread "http-nio-10001-Acceptor-0" daemon [_thread_in_native, id=10732, stack(0x000000e7e1700000,0x000000e7e1800000)]
  0x000002a4634d0000 JavaThread "http-nio-10001-AsyncTimeout" daemon [_thread_blocked, id=17128, stack(0x000000e7e1800000,0x000000e7e1900000)]

Other Threads:
  0x000002a45dac9800 VMThread "VM Thread" [stack: 0x000000e7df600000,0x000000e7df700000] [id=2144]
  0x000002a45e540800 WatcherThread [stack: 0x000000e7e0500000,0x000000e7e0600000] [id=18332]
  0x000002a4390b5800 GCTaskThread "GC Thread#0" [stack: 0x000000e7de200000,0x000000e7de300000] [id=16952]
  0x000002a4390b7000 GCTaskThread "GC Thread#1" [stack: 0x000000e7de300000,0x000000e7de400000] [id=14716]
  0x000002a4390ba000 GCTaskThread "GC Thread#2" [stack: 0x000000e7de400000,0x000000e7de500000] [id=18480]
  0x000002a4390bc000 GCTaskThread "GC Thread#3" [stack: 0x000000e7de500000,0x000000e7de600000] [id=12800]
  0x000002a4390c3800 GCTaskThread "GC Thread#4" [stack: 0x000000e7de600000,0x000000e7de700000] [id=2376]
  0x000002a4390c5000 GCTaskThread "GC Thread#5" [stack: 0x000000e7de700000,0x000000e7de800000] [id=16164]
  0x000002a4390c7000 GCTaskThread "GC Thread#6" [stack: 0x000000e7de800000,0x000000e7de900000] [id=8000]
  0x000002a4390c8800 GCTaskThread "GC Thread#7" [stack: 0x000000e7de900000,0x000000e7dea00000] [id=13016]
  0x000002a439109000 ConcurrentGCThread "G1 Main Marker" [stack: 0x000000e7dea00000,0x000000e7deb00000] [id=15332]
  0x000002a43910a000 ConcurrentGCThread "G1 Conc#0" [stack: 0x000000e7deb00000,0x000000e7dec00000] [id=18568]
  0x000002a439122000 ConcurrentGCThread "G1 Conc#1" [stack: 0x000000e7dec00000,0x000000e7ded00000] [id=15236]
  0x000002a45a7c5000 ConcurrentGCThread "G1 Refine#0" [stack: 0x000000e7ded00000,0x000000e7dee00000] [id=10344]
  0x000002a45a7c6000 ConcurrentGCThread "G1 Refine#1" [stack: 0x000000e7dee00000,0x000000e7def00000] [id=352]
  0x000002a45a7c9000 ConcurrentGCThread "G1 Refine#2" [stack: 0x000000e7def00000,0x000000e7df000000] [id=3172]
  0x000002a45a7cc000 ConcurrentGCThread "G1 Refine#3" [stack: 0x000000e7df000000,0x000000e7df100000] [id=16996]
  0x000002a45a7cf000 ConcurrentGCThread "G1 Refine#4" [stack: 0x000000e7df100000,0x000000e7df200000] [id=15940]
  0x000002a45a7d0000 ConcurrentGCThread "G1 Refine#5" [stack: 0x000000e7df200000,0x000000e7df300000] [id=18544]
  0x000002a45a7da000 ConcurrentGCThread "G1 Refine#6" [stack: 0x000000e7df300000,0x000000e7df400000] [id=18212]
  0x000002a45a7d6800 ConcurrentGCThread "G1 Refine#7" [stack: 0x000000e7df400000,0x000000e7df500000] [id=3348]
  0x000002a45a7e4000 ConcurrentGCThread "G1 Young RemSet Sampling" [stack: 0x000000e7df500000,0x000000e7df600000] [id=17176]

Threads with active compile tasks:

VM state:synchronizing (normal execution)

VM Mutex/Monitor currently owned by a thread:  ([mutex/lock_event])
[0x000002a43909c7a0] Threads_lock - owner thread: 0x000002a45dac9800
[0x000002a43909b1b0] ResolvedMethodTable_lock - owner thread: 0x000002a4634c7800

Heap address: 0x00000006e1e00000, size: 3554 MB, Compressed Oops mode: Zero based, Oop shift amount: 3
Narrow klass base: 0x0000000000000000, Narrow klass shift: 3
Compressed class space size: 1073741824 Address: 0x00000007c0000000

Heap:
 garbage-first heap   total 275456K, used 96353K [0x00000006e1e00000, 0x00000007c0000000)
  region size 1024K, 52 young (53248K), 20 survivors (20480K)
 Metaspace       used 90503K, capacity 91760K, committed 92032K, reserved 1130496K
  class space    used 9577K, capacity 10021K, committed 10112K, reserved 1048576K
Heap Regions: E=young(eden), S=young(survivor), O=old, HS=humongous(starts), HC=humongous(continues), CS=collection set, F=free, A=archive, TS=gc time stamp, AC=allocation context, TAMS=top-at-mark-start (previous, next)
|   0|0x00000006e1e00000, 0x00000006e1f00000, 0x00000006e1f00000|100%|HS|  |TS  0|AC  0|TAMS 0x00000006e1f00000, 0x00000006e1f00000|
|   1|0x00000006e1f00000, 0x00000006e2000000, 0x00000006e2000000|100%| O|  |TS  0|AC  0|TAMS 0x00000006e2000000, 0x00000006e2000000|
|   2|0x00000006e2000000, 0x00000006e2100000, 0x00000006e2100000|100%| O|  |TS  0|AC  0|TAMS 0x00000006e2100000, 0x00000006e2100000|
|   3|0x00000006e2100000, 0x00000006e2200000, 0x00000006e2200000|100%| O|  |TS  0|AC  0|TAMS 0x00000006e2200000, 0x00000006e2200000|
|   4|0x00000006e2200000, 0x00000006e2300000, 0x00000006e2300000|100%| O|  |TS  0|AC  0|TAMS 0x00000006e2300000, 0x00000006e2300000|
|   5|0x00000006e2300000, 0x00000006e2400000, 0x00000006e2400000|100%| O|  |TS  0|AC  0|TAMS 0x00000006e2400000, 0x00000006e2400000|
|   6|0x00000006e2400000, 0x00000006e2500000, 0x00000006e2500000|100%| O|  |TS  0|AC  0|TAMS 0x00000006e2500000, 0x00000006e2500000|
|   7|0x00000006e2500000, 0x00000006e2600000, 0x00000006e2600000|100%| O|  |TS  0|AC  0|TAMS 0x00000006e2600000, 0x00000006e2600000|
|   8|0x00000006e2600000, 0x00000006e2700000, 0x00000006e2700000|100%| O|  |TS  0|AC  0|TAMS 0x00000006e2700000, 0x00000006e2700000|
|   9|0x00000006e2700000, 0x00000006e2800000, 0x00000006e2800000|100%| O|  |TS  0|AC  0|TAMS 0x00000006e2800000, 0x00000006e2800000|
|  10|0x00000006e2800000, 0x00000006e2900000, 0x00000006e2900000|100%| O|  |TS  0|AC  0|TAMS 0x00000006e2900000, 0x00000006e2900000|
|  11|0x00000006e2900000, 0x00000006e2a00000, 0x00000006e2a00000|100%| O|  |TS  0|AC  0|TAMS 0x00000006e2a00000, 0x00000006e2a00000|
|  12|0x00000006e2a00000, 0x00000006e2b00000, 0x00000006e2b00000|100%| O|  |TS  0|AC  0|TAMS 0x00000006e2b00000, 0x00000006e2b00000|
|  13|0x00000006e2b00000, 0x00000006e2c00000, 0x00000006e2c00000|100%| O|  |TS  0|AC  0|TAMS 0x00000006e2c00000, 0x00000006e2c00000|
|  14|0x00000006e2c00000, 0x00000006e2d00000, 0x00000006e2d00000|100%| O|  |TS  0|AC  0|TAMS 0x00000006e2d00000, 0x00000006e2d00000|
|  15|0x00000006e2d00000, 0x00000006e2e00000, 0x00000006e2e00000|100%| O|  |TS  0|AC  0|TAMS 0x00000006e2e00000, 0x00000006e2e00000|
|  16|0x00000006e2e00000, 0x00000006e2f00000, 0x00000006e2f00000|100%| O|  |TS  0|AC  0|TAMS 0x00000006e2f00000, 0x00000006e2f00000|
|  17|0x00000006e2f00000, 0x00000006e3000000, 0x00000006e3000000|100%| O|  |TS  0|AC  0|TAMS 0x00000006e3000000, 0x00000006e3000000|
|  18|0x00000006e3000000, 0x00000006e3100000, 0x00000006e3100000|100%| O|  |TS  0|AC  0|TAMS 0x00000006e3100000, 0x00000006e3100000|
|  19|0x00000006e3100000, 0x00000006e3200000, 0x00000006e3200000|100%| O|  |TS  0|AC  0|TAMS 0x00000006e3200000, 0x00000006e3200000|
|  20|0x00000006e3200000, 0x00000006e3300000, 0x00000006e3300000|100%| O|  |TS  0|AC  0|TAMS 0x00000006e3300000, 0x00000006e3300000|
|  21|0x00000006e3300000, 0x00000006e3400000, 0x00000006e3400000|100%| O|  |TS  0|AC  0|TAMS 0x00000006e3400000, 0x00000006e3400000|
|  22|0x00000006e3400000, 0x00000006e3500000, 0x00000006e3500000|100%| O|  |TS  0|AC  0|TAMS 0x00000006e3500000, 0x00000006e3500000|
|  23|0x00000006e3500000, 0x00000006e3600000, 0x00000006e3600000|100%| O|  |TS  0|AC  0|TAMS 0x00000006e3600000, 0x00000006e3600000|
|  24|0x00000006e3600000, 0x00000006e3700000, 0x00000006e3700000|100%| O|  |TS  0|AC  0|TAMS 0x00000006e3700000, 0x00000006e3700000|
|  25|0x00000006e3700000, 0x00000006e3800000, 0x00000006e3800000|100%| O|  |TS  0|AC  0|TAMS 0x00000006e3800000, 0x00000006e3800000|
|  26|0x00000006e3800000, 0x00000006e3900000, 0x00000006e3900000|100%| O|  |TS  0|AC  0|TAMS 0x00000006e3900000, 0x00000006e3900000|
|  27|0x00000006e3900000, 0x00000006e3a00000, 0x00000006e3a00000|100%| O|  |TS  0|AC  0|TAMS 0x00000006e3a00000, 0x00000006e3a00000|
|  28|0x00000006e3a00000, 0x00000006e3b00000, 0x00000006e3b00000|100%| O|  |TS  0|AC  0|TAMS 0x00000006e3b00000, 0x00000006e3b00000|
|  29|0x00000006e3b00000, 0x00000006e3c00000, 0x00000006e3c00000|100%| O|  |TS  4|AC  0|TAMS 0x00000006e3b06800, 0x00000006e3b06800|
|  30|0x00000006e3c00000, 0x00000006e3d00000, 0x00000006e3d00000|100%| O|  |TS  4|AC  0|TAMS 0x00000006e3c00000, 0x00000006e3c00000|
|  31|0x00000006e3d00000, 0x00000006e3e00000, 0x00000006e3e00000|100%| O|  |TS  4|AC  0|TAMS 0x00000006e3d00000, 0x00000006e3d00000|
|  32|0x00000006e3e00000, 0x00000006e3f00000, 0x00000006e3f00000|100%| O|  |TS  4|AC  0|TAMS 0x00000006e3e00000, 0x00000006e3e00000|
|  33|0x00000006e3f00000, 0x00000006e4000000, 0x00000006e4000000|100%| O|  |TS  4|AC  0|TAMS 0x00000006e3f00000, 0x00000006e3f00000|
|  34|0x00000006e4000000, 0x00000006e4100000, 0x00000006e4100000|100%| O|  |TS  5|AC  0|TAMS 0x00000006e4000000, 0x00000006e4000000|
|  35|0x00000006e4100000, 0x00000006e4200000, 0x00000006e4200000|100%| O|  |TS  5|AC  0|TAMS 0x00000006e4100000, 0x00000006e4100000|
|  36|0x00000006e4200000, 0x00000006e4300000, 0x00000006e4300000|100%| O|  |TS  5|AC  0|TAMS 0x00000006e4200000, 0x00000006e4200000|
|  37|0x00000006e4300000, 0x00000006e4400000, 0x00000006e4400000|100%| O|  |TS  5|AC  0|TAMS 0x00000006e4300000, 0x00000006e4300000|
|  38|0x00000006e4400000, 0x00000006e4500000, 0x00000006e4500000|100%| O|  |TS  5|AC  0|TAMS 0x00000006e4400000, 0x00000006e4400000|
|  39|0x00000006e4500000, 0x00000006e4600000, 0x00000006e4600000|100%| O|  |TS  5|AC  0|TAMS 0x00000006e4500000, 0x00000006e4500000|
|  40|0x00000006e4600000, 0x00000006e4700000, 0x00000006e4700000|100%| O|  |TS  5|AC  0|TAMS 0x00000006e4600000, 0x00000006e4600000|
|  41|0x00000006e4700000, 0x00000006e4800000, 0x00000006e4800000|100%| O|  |TS  5|AC  0|TAMS 0x00000006e4700000, 0x00000006e4700000|
|  42|0x00000006e4800000, 0x00000006e4900000, 0x00000006e4900000|100%| O|  |TS  5|AC  0|TAMS 0x00000006e4800000, 0x00000006e4800000|
|  43|0x00000006e4900000, 0x00000006e494f000, 0x00000006e4a00000| 30%| O|  |TS  5|AC  0|TAMS 0x00000006e4900000, 0x00000006e4900000|
|  44|0x00000006e4a00000, 0x00000006e4a00000, 0x00000006e4b00000|  0%| F|  |TS  0|AC  0|TAMS 0x00000006e4a00000, 0x00000006e4a00000|
|  45|0x00000006e4b00000, 0x00000006e4b00000, 0x00000006e4c00000|  0%| F|  |TS  0|AC  0|TAMS 0x00000006e4b00000, 0x00000006e4b00000|
|  46|0x00000006e4c00000, 0x00000006e4c00000, 0x00000006e4d00000|  0%| F|  |TS  0|AC  0|TAMS 0x00000006e4c00000, 0x00000006e4c00000|
|  47|0x00000006e4d00000, 0x00000006e4d00000, 0x00000006e4e00000|  0%| F|  |TS  0|AC  0|TAMS 0x00000006e4d00000, 0x00000006e4d00000|
|  48|0x00000006e4e00000, 0x00000006e4e00000, 0x00000006e4f00000|  0%| F|  |TS  0|AC  0|TAMS 0x00000006e4e00000, 0x00000006e4e00000|
|  49|0x00000006e4f00000, 0x00000006e4f00000, 0x00000006e5000000|  0%| F|  |TS  0|AC  0|TAMS 0x00000006e4f00000, 0x00000006e4f00000|
|  50|0x00000006e5000000, 0x00000006e5000000, 0x00000006e5100000|  0%| F|  |TS  0|AC  0|TAMS 0x00000006e5000000, 0x00000006e5000000|
|  51|0x00000006e5100000, 0x00000006e5100000, 0x00000006e5200000|  0%| F|  |TS  0|AC  0|TAMS 0x00000006e5100000, 0x00000006e5100000|
|  52|0x00000006e5200000, 0x00000006e5200000, 0x00000006e5300000|  0%| F|  |TS  0|AC  0|TAMS 0x00000006e5200000, 0x00000006e5200000|
|  53|0x00000006e5300000, 0x00000006e5300000, 0x00000006e5400000|  0%| F|  |TS  0|AC  0|TAMS 0x00000006e5300000, 0x00000006e5300000|
|  54|0x00000006e5400000, 0x00000006e5400000, 0x00000006e5500000|  0%| F|  |TS  0|AC  0|TAMS 0x00000006e5400000, 0x00000006e5400000|
|  55|0x00000006e5500000, 0x00000006e5500000, 0x00000006e5600000|  0%| F|  |TS  0|AC  0|TAMS 0x00000006e5500000, 0x00000006e5500000|
|  56|0x00000006e5600000, 0x00000006e5600000, 0x00000006e5700000|  0%| F|  |TS  0|AC  0|TAMS 0x00000006e5600000, 0x00000006e5600000|
|  57|0x00000006e5700000, 0x00000006e5700000, 0x00000006e5800000|  0%| F|  |TS  0|AC  0|TAMS 0x00000006e5700000, 0x00000006e5700000|
|  58|0x00000006e5800000, 0x00000006e5800000, 0x00000006e5900000|  0%| F|  |TS  0|AC  0|TAMS 0x00000006e5800000, 0x00000006e5800000|
|  59|0x00000006e5900000, 0x00000006e5900000, 0x00000006e5a00000|  0%| F|  |TS  0|AC  0|TAMS 0x00000006e5900000, 0x00000006e5900000|
|  60|0x00000006e5a00000, 0x00000006e5a00000, 0x00000006e5b00000|  0%| F|  |TS  0|AC  0|TAMS 0x00000006e5a00000, 0x00000006e5a00000|
|  61|0x00000006e5b00000, 0x00000006e5b00000, 0x00000006e5c00000|  0%| F|  |TS  0|AC  0|TAMS 0x00000006e5b00000, 0x00000006e5b00000|
|  62|0x00000006e5c00000, 0x00000006e5c00000, 0x00000006e5d00000|  0%| F|  |TS  0|AC  0|TAMS 0x00000006e5c00000, 0x00000006e5c00000|
|  63|0x00000006e5d00000, 0x00000006e5d00000, 0x00000006e5e00000|  0%| F|  |TS  0|AC  0|TAMS 0x00000006e5d00000, 0x00000006e5d00000|
|  64|0x00000006e5e00000, 0x00000006e5e00000, 0x00000006e5f00000|  0%| F|  |TS  0|AC  0|TAMS 0x00000006e5e00000, 0x00000006e5e00000|
|  65|0x00000006e5f00000, 0x00000006e5f00000, 0x00000006e6000000|  0%| F|  |TS  0|AC  0|TAMS 0x00000006e5f00000, 0x00000006e5f00000|
|  66|0x00000006e6000000, 0x00000006e6000000, 0x00000006e6100000|  0%| F|  |TS  0|AC  0|TAMS 0x00000006e6000000, 0x00000006e6000000|
|  67|0x00000006e6100000, 0x00000006e6100000, 0x00000006e6200000|  0%| F|  |TS  0|AC  0|TAMS 0x00000006e6100000, 0x00000006e6100000|
|  68|0x00000006e6200000, 0x00000006e6200000, 0x00000006e6300000|  0%| F|  |TS  0|AC  0|TAMS 0x00000006e6200000, 0x00000006e6200000|
|  69|0x00000006e6300000, 0x00000006e6300000, 0x00000006e6400000|  0%| F|  |TS  0|AC  0|TAMS 0x00000006e6300000, 0x00000006e6300000|
|  70|0x00000006e6400000, 0x00000006e6400000, 0x00000006e6500000|  0%| F|  |TS  0|AC  0|TAMS 0x00000006e6400000, 0x00000006e6400000|
|  71|0x00000006e6500000, 0x00000006e6500000, 0x00000006e6600000|  0%| F|  |TS  0|AC  0|TAMS 0x00000006e6500000, 0x00000006e6500000|
|  72|0x00000006e6600000, 0x00000006e6600000, 0x00000006e6700000|  0%| F|  |TS  0|AC  0|TAMS 0x00000006e6600000, 0x00000006e6600000|
|  73|0x00000006e6700000, 0x00000006e6700000, 0x00000006e6800000|  0%| F|  |TS  0|AC  0|TAMS 0x00000006e6700000, 0x00000006e6700000|
|  74|0x00000006e6800000, 0x00000006e6800000, 0x00000006e6900000|  0%| F|  |TS  0|AC  0|TAMS 0x00000006e6800000, 0x00000006e6800000|
|  75|0x00000006e6900000, 0x00000006e6900000, 0x00000006e6a00000|  0%| F|  |TS  0|AC  0|TAMS 0x00000006e6900000, 0x00000006e6900000|
|  76|0x00000006e6a00000, 0x00000006e6a00000, 0x00000006e6b00000|  0%| F|  |TS  0|AC  0|TAMS 0x00000006e6a00000, 0x00000006e6a00000|
|  77|0x00000006e6b00000, 0x00000006e6b00000, 0x00000006e6c00000|  0%| F|  |TS  0|AC  0|TAMS 0x00000006e6b00000, 0x00000006e6b00000|
|  78|0x00000006e6c00000, 0x00000006e6c00000, 0x00000006e6d00000|  0%| F|  |TS  0|AC  0|TAMS 0x00000006e6c00000, 0x00000006e6c00000|
|  79|0x00000006e6d00000, 0x00000006e6d00000, 0x00000006e6e00000|  0%| F|  |TS  0|AC  0|TAMS 0x00000006e6d00000, 0x00000006e6d00000|
|  80|0x00000006e6e00000, 0x00000006e6e00000, 0x00000006e6f00000|  0%| F|  |TS  0|AC  0|TAMS 0x00000006e6e00000, 0x00000006e6e00000|
|  81|0x00000006e6f00000, 0x00000006e6f00000, 0x00000006e7000000|  0%| F|  |TS  0|AC  0|TAMS 0x00000006e6f00000, 0x00000006e6f00000|
|  82|0x00000006e7000000, 0x00000006e7000000, 0x00000006e7100000|  0%| F|  |TS  0|AC  0|TAMS 0x00000006e7000000, 0x00000006e7000000|
|  83|0x00000006e7100000, 0x00000006e7100000, 0x00000006e7200000|  0%| F|  |TS  0|AC  0|TAMS 0x00000006e7100000, 0x00000006e7100000|
|  84|0x00000006e7200000, 0x00000006e7200000, 0x00000006e7300000|  0%| F|  |TS  0|AC  0|TAMS 0x00000006e7200000, 0x00000006e7200000|
|  85|0x00000006e7300000, 0x00000006e7300000, 0x00000006e7400000|  0%| F|  |TS  0|AC  0|TAMS 0x00000006e7300000, 0x00000006e7300000|
|  86|0x00000006e7400000, 0x00000006e7400000, 0x00000006e7500000|  0%| F|  |TS  0|AC  0|TAMS 0x00000006e7400000, 0x00000006e7400000|
|  87|0x00000006e7500000, 0x00000006e7500000, 0x00000006e7600000|  0%| F|  |TS  0|AC  0|TAMS 0x00000006e7500000, 0x00000006e7500000|
|  88|0x00000006e7600000, 0x00000006e76c9780, 0x00000006e7700000| 78%| S|CS|TS  5|AC  0|TAMS 0x00000006e7600000, 0x00000006e7600000|
|  89|0x00000006e7700000, 0x00000006e7800000, 0x00000006e7800000|100%| S|CS|TS  5|AC  0|TAMS 0x00000006e7700000, 0x00000006e7700000|
|  90|0x00000006e7800000, 0x00000006e7800000, 0x00000006e7900000|  0%| F|  |TS  5|AC  0|TAMS 0x00000006e7800000, 0x00000006e7800000|
|  91|0x00000006e7900000, 0x00000006e7900000, 0x00000006e7a00000|  0%| F|  |TS  5|AC  0|TAMS 0x00000006e7900000, 0x00000006e7900000|
|  92|0x00000006e7a00000, 0x00000006e7a00000, 0x00000006e7b00000|  0%| F|  |TS  5|AC  0|TAMS 0x00000006e7a00000, 0x00000006e7a00000|
|  93|0x00000006e7b00000, 0x00000006e7c00000, 0x00000006e7c00000|100%| S|CS|TS  5|AC  0|TAMS 0x00000006e7b00000, 0x00000006e7b00000|
|  94|0x00000006e7c00000, 0x00000006e7d00000, 0x00000006e7d00000|100%| S|CS|TS  5|AC  0|TAMS 0x00000006e7c00000, 0x00000006e7c00000|
|  95|0x00000006e7d00000, 0x00000006e7e00000, 0x00000006e7e00000|100%| S|CS|TS  5|AC  0|TAMS 0x00000006e7d00000, 0x00000006e7d00000|
|  96|0x00000006e7e00000, 0x00000006e7f00000, 0x00000006e7f00000|100%| S|CS|TS  5|AC  0|TAMS 0x00000006e7e00000, 0x00000006e7e00000|
|  97|0x00000006e7f00000, 0x00000006e7f00000, 0x00000006e8000000|  0%| F|  |TS  5|AC  0|TAMS 0x00000006e7f00000, 0x00000006e7f00000|
|  98|0x00000006e8000000, 0x00000006e8000000, 0x00000006e8100000|  0%| F|  |TS  5|AC  0|TAMS 0x00000006e8000000, 0x00000006e8000000|
|  99|0x00000006e8100000, 0x00000006e8100000, 0x00000006e8200000|  0%| F|  |TS  5|AC  0|TAMS 0x00000006e8100000, 0x00000006e8100000|
| 100|0x00000006e8200000, 0x00000006e8200000, 0x00000006e8300000|  0%| F|  |TS  5|AC  0|TAMS 0x00000006e8200000, 0x00000006e8200000|
| 101|0x00000006e8300000, 0x00000006e8400000, 0x00000006e8400000|100%| S|CS|TS  5|AC  0|TAMS 0x00000006e8300000, 0x00000006e8300000|
| 102|0x00000006e8400000, 0x00000006e8500000, 0x00000006e8500000|100%| S|CS|TS  5|AC  0|TAMS 0x00000006e8400000, 0x00000006e8400000|
| 103|0x00000006e8500000, 0x00000006e8600000, 0x00000006e8600000|100%| S|CS|TS  5|AC  0|TAMS 0x00000006e8500000, 0x00000006e8500000|
| 104|0x00000006e8600000, 0x00000006e8700000, 0x00000006e8700000|100%| S|CS|TS  5|AC  0|TAMS 0x00000006e8600000, 0x00000006e8600000|
| 105|0x00000006e8700000, 0x00000006e8800000, 0x00000006e8800000|100%| S|CS|TS  5|AC  0|TAMS 0x00000006e8700000, 0x00000006e8700000|
| 106|0x00000006e8800000, 0x00000006e8900000, 0x00000006e8900000|100%| S|CS|TS  5|AC  0|TAMS 0x00000006e8800000, 0x00000006e8800000|
| 107|0x00000006e8900000, 0x00000006e8a00000, 0x00000006e8a00000|100%| S|CS|TS  5|AC  0|TAMS 0x00000006e8900000, 0x00000006e8900000|
| 108|0x00000006e8a00000, 0x00000006e8a00000, 0x00000006e8b00000|  0%| F|  |TS  5|AC  0|TAMS 0x00000006e8a00000, 0x00000006e8a00000|
| 109|0x00000006e8b00000, 0x00000006e8b00000, 0x00000006e8c00000|  0%| F|  |TS  5|AC  0|TAMS 0x00000006e8b00000, 0x00000006e8b00000|
| 110|0x00000006e8c00000, 0x00000006e8c00000, 0x00000006e8d00000|  0%| F|  |TS  5|AC  0|TAMS 0x00000006e8c00000, 0x00000006e8c00000|
| 111|0x00000006e8d00000, 0x00000006e8d00000, 0x00000006e8e00000|  0%| F|  |TS  5|AC  0|TAMS 0x00000006e8d00000, 0x00000006e8d00000|
| 112|0x00000006e8e00000, 0x00000006e8e00000, 0x00000006e8f00000|  0%| F|  |TS  5|AC  0|TAMS 0x00000006e8e00000, 0x00000006e8e00000|
| 113|0x00000006e8f00000, 0x00000006e8f00000, 0x00000006e9000000|  0%| F|  |TS  5|AC  0|TAMS 0x00000006e8f00000, 0x00000006e8f00000|
| 114|0x00000006e9000000, 0x00000006e9000000, 0x00000006e9100000|  0%| F|  |TS  5|AC  0|TAMS 0x00000006e9000000, 0x00000006e9000000|
| 115|0x00000006e9100000, 0x00000006e9200000, 0x00000006e9200000|100%| S|CS|TS  5|AC  0|TAMS 0x00000006e9100000, 0x00000006e9100000|
| 116|0x00000006e9200000, 0x00000006e9300000, 0x00000006e9300000|100%| S|CS|TS  5|AC  0|TAMS 0x00000006e9200000, 0x00000006e9200000|
| 117|0x00000006e9300000, 0x00000006e9400000, 0x00000006e9400000|100%| S|CS|TS  5|AC  0|TAMS 0x00000006e9300000, 0x00000006e9300000|
| 118|0x00000006e9400000, 0x00000006e9500000, 0x00000006e9500000|100%| S|CS|TS  5|AC  0|TAMS 0x00000006e9400000, 0x00000006e9400000|
| 119|0x00000006e9500000, 0x00000006e9500000, 0x00000006e9600000|  0%| F|  |TS  5|AC  0|TAMS 0x00000006e9500000, 0x00000006e9500000|
| 120|0x00000006e9600000, 0x00000006e9600000, 0x00000006e9700000|  0%| F|  |TS  5|AC  0|TAMS 0x00000006e9600000, 0x00000006e9600000|
| 121|0x00000006e9700000, 0x00000006e9700000, 0x00000006e9800000|  0%| F|  |TS  5|AC  0|TAMS 0x00000006e9700000, 0x00000006e9700000|
| 122|0x00000006e9800000, 0x00000006e9800000, 0x00000006e9900000|  0%| F|  |TS  5|AC  0|TAMS 0x00000006e9800000, 0x00000006e9800000|
| 123|0x00000006e9900000, 0x00000006e9a00000, 0x00000006e9a00000|100%| S|CS|TS  5|AC  0|TAMS 0x00000006e9900000, 0x00000006e9900000|
| 124|0x00000006e9a00000, 0x00000006e9b00000, 0x00000006e9b00000|100%| S|CS|TS  5|AC  0|TAMS 0x00000006e9a00000, 0x00000006e9a00000|
| 125|0x00000006e9b00000, 0x00000006e9c00000, 0x00000006e9c00000|100%| S|CS|TS  5|AC  0|TAMS 0x00000006e9b00000, 0x00000006e9b00000|
| 126|0x00000006e9c00000, 0x00000006e9c00000, 0x00000006e9d00000|  0%| F|  |TS  5|AC  0|TAMS 0x00000006e9c00000, 0x00000006e9c00000|
| 127|0x00000006e9d00000, 0x00000006e9d00000, 0x00000006e9e00000|  0%| F|  |TS  5|AC  0|TAMS 0x00000006e9d00000, 0x00000006e9d00000|
| 128|0x00000006e9e00000, 0x00000006e9e00000, 0x00000006e9f00000|  0%| F|  |TS  5|AC  0|TAMS 0x00000006e9e00000, 0x00000006e9e00000|
| 129|0x00000006e9f00000, 0x00000006e9f00000, 0x00000006ea000000|  0%| F|  |TS  5|AC  0|TAMS 0x00000006e9f00000, 0x00000006e9f00000|
| 130|0x00000006ea000000, 0x00000006ea000000, 0x00000006ea100000|  0%| F|  |TS  5|AC  0|TAMS 0x00000006ea000000, 0x00000006ea000000|
| 131|0x00000006ea100000, 0x00000006ea100000, 0x00000006ea200000|  0%| F|  |TS  5|AC  0|TAMS 0x00000006ea100000, 0x00000006ea100000|
| 132|0x00000006ea200000, 0x00000006ea200000, 0x00000006ea300000|  0%| F|  |TS  5|AC  0|TAMS 0x00000006ea200000, 0x00000006ea200000|
| 133|0x00000006ea300000, 0x00000006ea300000, 0x00000006ea400000|  0%| F|  |TS  5|AC  0|TAMS 0x00000006ea300000, 0x00000006ea300000|
| 134|0x00000006ea400000, 0x00000006ea400000, 0x00000006ea500000|  0%| F|  |TS  5|AC  0|TAMS 0x00000006ea400000, 0x00000006ea400000|
| 135|0x00000006ea500000, 0x00000006ea500000, 0x00000006ea600000|  0%| F|  |TS  5|AC  0|TAMS 0x00000006ea500000, 0x00000006ea500000|
| 136|0x00000006ea600000, 0x00000006ea600000, 0x00000006ea700000|  0%| F|  |TS  5|AC  0|TAMS 0x00000006ea600000, 0x00000006ea600000|
| 137|0x00000006ea700000, 0x00000006ea700000, 0x00000006ea800000|  0%| F|  |TS  5|AC  0|TAMS 0x00000006ea700000, 0x00000006ea700000|
| 138|0x00000006ea800000, 0x00000006ea800000, 0x00000006ea900000|  0%| F|  |TS  5|AC  0|TAMS 0x00000006ea800000, 0x00000006ea800000|
| 139|0x00000006ea900000, 0x00000006ea900000, 0x00000006eaa00000|  0%| F|  |TS  5|AC  0|TAMS 0x00000006ea900000, 0x00000006ea900000|
| 140|0x00000006eaa00000, 0x00000006eaa00000, 0x00000006eab00000|  0%| F|  |TS  5|AC  0|TAMS 0x00000006eaa00000, 0x00000006eaa00000|
| 141|0x00000006eab00000, 0x00000006eab00000, 0x00000006eac00000|  0%| F|  |TS  5|AC  0|TAMS 0x00000006eab00000, 0x00000006eab00000|
| 142|0x00000006eac00000, 0x00000006eac00000, 0x00000006ead00000|  0%| F|  |TS  5|AC  0|TAMS 0x00000006eac00000, 0x00000006eac00000|
| 143|0x00000006ead00000, 0x00000006ead00000, 0x00000006eae00000|  0%| F|  |TS  5|AC  0|TAMS 0x00000006ead00000, 0x00000006ead00000|
| 144|0x00000006eae00000, 0x00000006eae00000, 0x00000006eaf00000|  0%| F|  |TS  5|AC  0|TAMS 0x00000006eae00000, 0x00000006eae00000|
| 145|0x00000006eaf00000, 0x00000006eaf00000, 0x00000006eb000000|  0%| F|  |TS  5|AC  0|TAMS 0x00000006eaf00000, 0x00000006eaf00000|
| 146|0x00000006eb000000, 0x00000006eb000000, 0x00000006eb100000|  0%| F|  |TS  5|AC  0|TAMS 0x00000006eb000000, 0x00000006eb000000|
| 147|0x00000006eb100000, 0x00000006eb100000, 0x00000006eb200000|  0%| F|  |TS  5|AC  0|TAMS 0x00000006eb100000, 0x00000006eb100000|
| 148|0x00000006eb200000, 0x00000006eb200000, 0x00000006eb300000|  0%| F|  |TS  5|AC  0|TAMS 0x00000006eb200000, 0x00000006eb200000|
| 149|0x00000006eb300000, 0x00000006eb300000, 0x00000006eb400000|  0%| F|  |TS  5|AC  0|TAMS 0x00000006eb300000, 0x00000006eb300000|
| 150|0x00000006eb400000, 0x00000006eb400000, 0x00000006eb500000|  0%| F|  |TS  5|AC  0|TAMS 0x00000006eb400000, 0x00000006eb400000|
| 151|0x00000006eb500000, 0x00000006eb500000, 0x00000006eb600000|  0%| F|  |TS  5|AC  0|TAMS 0x00000006eb500000, 0x00000006eb500000|
| 152|0x00000006eb600000, 0x00000006eb600000, 0x00000006eb700000|  0%| F|  |TS  5|AC  0|TAMS 0x00000006eb600000, 0x00000006eb600000|
| 153|0x00000006eb700000, 0x00000006eb700000, 0x00000006eb800000|  0%| F|  |TS  5|AC  0|TAMS 0x00000006eb700000, 0x00000006eb700000|
| 154|0x00000006eb800000, 0x00000006eb800000, 0x00000006eb900000|  0%| F|  |TS  5|AC  0|TAMS 0x00000006eb800000, 0x00000006eb800000|
| 155|0x00000006eb900000, 0x00000006eb900000, 0x00000006eba00000|  0%| F|  |TS  5|AC  0|TAMS 0x00000006eb900000, 0x00000006eb900000|
| 156|0x00000006eba00000, 0x00000006eba00000, 0x00000006ebb00000|  0%| F|  |TS  5|AC  0|TAMS 0x00000006eba00000, 0x00000006eba00000|
| 157|0x00000006ebb00000, 0x00000006ebb00000, 0x00000006ebc00000|  0%| F|  |TS  5|AC  0|TAMS 0x00000006ebb00000, 0x00000006ebb00000|
| 158|0x00000006ebc00000, 0x00000006ebc00000, 0x00000006ebd00000|  0%| F|  |TS  5|AC  0|TAMS 0x00000006ebc00000, 0x00000006ebc00000|
| 159|0x00000006ebd00000, 0x00000006ebd00000, 0x00000006ebe00000|  0%| F|  |TS  5|AC  0|TAMS 0x00000006ebd00000, 0x00000006ebd00000|
| 160|0x00000006ebe00000, 0x00000006ebe00000, 0x00000006ebf00000|  0%| F|  |TS  5|AC  0|TAMS 0x00000006ebe00000, 0x00000006ebe00000|
| 161|0x00000006ebf00000, 0x00000006ebf00000, 0x00000006ec000000|  0%| F|  |TS  5|AC  0|TAMS 0x00000006ebf00000, 0x00000006ebf00000|
| 162|0x00000006ec000000, 0x00000006ec000000, 0x00000006ec100000|  0%| F|  |TS  5|AC  0|TAMS 0x00000006ec000000, 0x00000006ec000000|
| 163|0x00000006ec100000, 0x00000006ec100000, 0x00000006ec200000|  0%| F|  |TS  5|AC  0|TAMS 0x00000006ec100000, 0x00000006ec100000|
| 164|0x00000006ec200000, 0x00000006ec200000, 0x00000006ec300000|  0%| F|  |TS  5|AC  0|TAMS 0x00000006ec200000, 0x00000006ec200000|
| 165|0x00000006ec300000, 0x00000006ec300000, 0x00000006ec400000|  0%| F|  |TS  5|AC  0|TAMS 0x00000006ec300000, 0x00000006ec300000|
| 166|0x00000006ec400000, 0x00000006ec400000, 0x00000006ec500000|  0%| F|  |TS  5|AC  0|TAMS 0x00000006ec400000, 0x00000006ec400000|
| 167|0x00000006ec500000, 0x00000006ec500000, 0x00000006ec600000|  0%| F|  |TS  5|AC  0|TAMS 0x00000006ec500000, 0x00000006ec500000|
| 168|0x00000006ec600000, 0x00000006ec600000, 0x00000006ec700000|  0%| F|  |TS  5|AC  0|TAMS 0x00000006ec600000, 0x00000006ec600000|
| 169|0x00000006ec700000, 0x00000006ec700000, 0x00000006ec800000|  0%| F|  |TS  5|AC  0|TAMS 0x00000006ec700000, 0x00000006ec700000|
| 170|0x00000006ec800000, 0x00000006ec800000, 0x00000006ec900000|  0%| F|  |TS  5|AC  0|TAMS 0x00000006ec800000, 0x00000006ec800000|
| 171|0x00000006ec900000, 0x00000006ec900000, 0x00000006eca00000|  0%| F|  |TS  5|AC  0|TAMS 0x00000006ec900000, 0x00000006ec900000|
| 172|0x00000006eca00000, 0x00000006eca00000, 0x00000006ecb00000|  0%| F|  |TS  5|AC  0|TAMS 0x00000006eca00000, 0x00000006eca00000|
| 173|0x00000006ecb00000, 0x00000006ecb00000, 0x00000006ecc00000|  0%| F|  |TS  5|AC  0|TAMS 0x00000006ecb00000, 0x00000006ecb00000|
| 174|0x00000006ecc00000, 0x00000006ecc00000, 0x00000006ecd00000|  0%| F|  |TS  5|AC  0|TAMS 0x00000006ecc00000, 0x00000006ecc00000|
| 175|0x00000006ecd00000, 0x00000006ecd00000, 0x00000006ece00000|  0%| F|  |TS  5|AC  0|TAMS 0x00000006ecd00000, 0x00000006ecd00000|
| 176|0x00000006ece00000, 0x00000006ece00000, 0x00000006ecf00000|  0%| F|  |TS  5|AC  0|TAMS 0x00000006ece00000, 0x00000006ece00000|
| 177|0x00000006ecf00000, 0x00000006ecf00000, 0x00000006ed000000|  0%| F|  |TS  5|AC  0|TAMS 0x00000006ecf00000, 0x00000006ecf00000|
| 178|0x00000006ed000000, 0x00000006ed000000, 0x00000006ed100000|  0%| F|  |TS  5|AC  0|TAMS 0x00000006ed000000, 0x00000006ed000000|
| 179|0x00000006ed100000, 0x00000006ed100000, 0x00000006ed200000|  0%| F|  |TS  5|AC  0|TAMS 0x00000006ed100000, 0x00000006ed100000|
| 180|0x00000006ed200000, 0x00000006ed200000, 0x00000006ed300000|  0%| F|  |TS  5|AC  0|TAMS 0x00000006ed200000, 0x00000006ed200000|
| 181|0x00000006ed300000, 0x00000006ed300000, 0x00000006ed400000|  0%| F|  |TS  5|AC  0|TAMS 0x00000006ed300000, 0x00000006ed300000|
| 182|0x00000006ed400000, 0x00000006ed400000, 0x00000006ed500000|  0%| F|  |TS  5|AC  0|TAMS 0x00000006ed400000, 0x00000006ed400000|
| 183|0x00000006ed500000, 0x00000006ed500000, 0x00000006ed600000|  0%| F|  |TS  5|AC  0|TAMS 0x00000006ed500000, 0x00000006ed500000|
| 184|0x00000006ed600000, 0x00000006ed600000, 0x00000006ed700000|  0%| F|  |TS  5|AC  0|TAMS 0x00000006ed600000, 0x00000006ed600000|
| 185|0x00000006ed700000, 0x00000006ed700000, 0x00000006ed800000|  0%| F|  |TS  5|AC  0|TAMS 0x00000006ed700000, 0x00000006ed700000|
| 186|0x00000006ed800000, 0x00000006ed800000, 0x00000006ed900000|  0%| F|  |TS  5|AC  0|TAMS 0x00000006ed800000, 0x00000006ed800000|
| 187|0x00000006ed900000, 0x00000006ed900000, 0x00000006eda00000|  0%| F|  |TS  5|AC  0|TAMS 0x00000006ed900000, 0x00000006ed900000|
| 188|0x00000006eda00000, 0x00000006eda00000, 0x00000006edb00000|  0%| F|  |TS  5|AC  0|TAMS 0x00000006eda00000, 0x00000006eda00000|
| 189|0x00000006edb00000, 0x00000006edb00000, 0x00000006edc00000|  0%| F|  |TS  5|AC  0|TAMS 0x00000006edb00000, 0x00000006edb00000|
| 190|0x00000006edc00000, 0x00000006edc00000, 0x00000006edd00000|  0%| F|  |TS  5|AC  0|TAMS 0x00000006edc00000, 0x00000006edc00000|
| 191|0x00000006edd00000, 0x00000006edd00000, 0x00000006ede00000|  0%| F|  |TS  5|AC  0|TAMS 0x00000006edd00000, 0x00000006edd00000|
| 192|0x00000006ede00000, 0x00000006ede00000, 0x00000006edf00000|  0%| F|  |TS  5|AC  0|TAMS 0x00000006ede00000, 0x00000006ede00000|
| 193|0x00000006edf00000, 0x00000006edf00000, 0x00000006ee000000|  0%| F|  |TS  5|AC  0|TAMS 0x00000006edf00000, 0x00000006edf00000|
| 194|0x00000006ee000000, 0x00000006ee000000, 0x00000006ee100000|  0%| F|  |TS  5|AC  0|TAMS 0x00000006ee000000, 0x00000006ee000000|
| 195|0x00000006ee100000, 0x00000006ee100000, 0x00000006ee200000|  0%| F|  |TS  5|AC  0|TAMS 0x00000006ee100000, 0x00000006ee100000|
| 196|0x00000006ee200000, 0x00000006ee200000, 0x00000006ee300000|  0%| F|  |TS  5|AC  0|TAMS 0x00000006ee200000, 0x00000006ee200000|
| 197|0x00000006ee300000, 0x00000006ee300000, 0x00000006ee400000|  0%| F|  |TS  5|AC  0|TAMS 0x00000006ee300000, 0x00000006ee300000|
| 198|0x00000006ee400000, 0x00000006ee400000, 0x00000006ee500000|  0%| F|  |TS  5|AC  0|TAMS 0x00000006ee400000, 0x00000006ee400000|
| 199|0x00000006ee500000, 0x00000006ee500000, 0x00000006ee600000|  0%| F|  |TS  5|AC  0|TAMS 0x00000006ee500000, 0x00000006ee500000|
| 200|0x00000006ee600000, 0x00000006ee600000, 0x00000006ee700000|  0%| F|  |TS  5|AC  0|TAMS 0x00000006ee600000, 0x00000006ee600000|
| 201|0x00000006ee700000, 0x00000006ee700000, 0x00000006ee800000|  0%| F|  |TS  5|AC  0|TAMS 0x00000006ee700000, 0x00000006ee700000|
| 202|0x00000006ee800000, 0x00000006ee800000, 0x00000006ee900000|  0%| F|  |TS  5|AC  0|TAMS 0x00000006ee800000, 0x00000006ee800000|
| 203|0x00000006ee900000, 0x00000006ee900000, 0x00000006eea00000|  0%| F|  |TS  5|AC  0|TAMS 0x00000006ee900000, 0x00000006ee900000|
| 204|0x00000006eea00000, 0x00000006eea00000, 0x00000006eeb00000|  0%| F|  |TS  5|AC  0|TAMS 0x00000006eea00000, 0x00000006eea00000|
| 205|0x00000006eeb00000, 0x00000006eeb00000, 0x00000006eec00000|  0%| F|  |TS  5|AC  0|TAMS 0x00000006eeb00000, 0x00000006eeb00000|
| 206|0x00000006eec00000, 0x00000006eec00000, 0x00000006eed00000|  0%| F|  |TS  5|AC  0|TAMS 0x00000006eec00000, 0x00000006eec00000|
| 207|0x00000006eed00000, 0x00000006eed00000, 0x00000006eee00000|  0%| F|  |TS  5|AC  0|TAMS 0x00000006eed00000, 0x00000006eed00000|
| 208|0x00000006eee00000, 0x00000006eee00000, 0x00000006eef00000|  0%| F|  |TS  5|AC  0|TAMS 0x00000006eee00000, 0x00000006eee00000|
| 209|0x00000006eef00000, 0x00000006eef00000, 0x00000006ef000000|  0%| F|  |TS  5|AC  0|TAMS 0x00000006eef00000, 0x00000006eef00000|
| 210|0x00000006ef000000, 0x00000006ef000000, 0x00000006ef100000|  0%| F|  |TS  5|AC  0|TAMS 0x00000006ef000000, 0x00000006ef000000|
| 211|0x00000006ef100000, 0x00000006ef100000, 0x00000006ef200000|  0%| F|  |TS  5|AC  0|TAMS 0x00000006ef100000, 0x00000006ef100000|
| 212|0x00000006ef200000, 0x00000006ef200000, 0x00000006ef300000|  0%| F|  |TS  5|AC  0|TAMS 0x00000006ef200000, 0x00000006ef200000|
| 213|0x00000006ef300000, 0x00000006ef300000, 0x00000006ef400000|  0%| F|  |TS  5|AC  0|TAMS 0x00000006ef300000, 0x00000006ef300000|
| 214|0x00000006ef400000, 0x00000006ef400000, 0x00000006ef500000|  0%| F|  |TS  5|AC  0|TAMS 0x00000006ef400000, 0x00000006ef400000|
| 215|0x00000006ef500000, 0x00000006ef500000, 0x00000006ef600000|  0%| F|  |TS  5|AC  0|TAMS 0x00000006ef500000, 0x00000006ef500000|
| 216|0x00000006ef600000, 0x00000006ef600000, 0x00000006ef700000|  0%| F|  |TS  5|AC  0|TAMS 0x00000006ef600000, 0x00000006ef600000|
| 217|0x00000006ef700000, 0x00000006ef700000, 0x00000006ef800000|  0%| F|  |TS  5|AC  0|TAMS 0x00000006ef700000, 0x00000006ef700000|
| 218|0x00000006ef800000, 0x00000006ef800000, 0x00000006ef900000|  0%| F|  |TS  5|AC  0|TAMS 0x00000006ef800000, 0x00000006ef800000|
| 219|0x00000006ef900000, 0x00000006ef900000, 0x00000006efa00000|  0%| F|  |TS  5|AC  0|TAMS 0x00000006ef900000, 0x00000006ef900000|
| 220|0x00000006efa00000, 0x00000006efa00000, 0x00000006efb00000|  0%| F|  |TS  5|AC  0|TAMS 0x00000006efa00000, 0x00000006efa00000|
| 221|0x00000006efb00000, 0x00000006efb00000, 0x00000006efc00000|  0%| F|  |TS  5|AC  0|TAMS 0x00000006efb00000, 0x00000006efb00000|
| 222|0x00000006efc00000, 0x00000006efc00000, 0x00000006efd00000|  0%| F|  |TS  5|AC  0|TAMS 0x00000006efc00000, 0x00000006efc00000|
| 223|0x00000006efd00000, 0x00000006efd00000, 0x00000006efe00000|  0%| F|  |TS  5|AC  0|TAMS 0x00000006efd00000, 0x00000006efd00000|
| 224|0x00000006efe00000, 0x00000006efe00000, 0x00000006eff00000|  0%| F|  |TS  5|AC  0|TAMS 0x00000006efe00000, 0x00000006efe00000|
| 225|0x00000006eff00000, 0x00000006eff00000, 0x00000006f0000000|  0%| F|  |TS  5|AC  0|TAMS 0x00000006eff00000, 0x00000006eff00000|
| 226|0x00000006f0000000, 0x00000006f0000000, 0x00000006f0100000|  0%| F|  |TS  5|AC  0|TAMS 0x00000006f0000000, 0x00000006f0000000|
| 227|0x00000006f0100000, 0x00000006f0100000, 0x00000006f0200000|  0%| F|  |TS  5|AC  0|TAMS 0x00000006f0100000, 0x00000006f0100000|
| 228|0x00000006f0200000, 0x00000006f0200000, 0x00000006f0300000|  0%| F|  |TS  5|AC  0|TAMS 0x00000006f0200000, 0x00000006f0200000|
| 229|0x00000006f0300000, 0x00000006f0300000, 0x00000006f0400000|  0%| F|  |TS  5|AC  0|TAMS 0x00000006f0300000, 0x00000006f0300000|
| 230|0x00000006f0400000, 0x00000006f0400000, 0x00000006f0500000|  0%| F|  |TS  5|AC  0|TAMS 0x00000006f0400000, 0x00000006f0400000|
| 231|0x00000006f0500000, 0x00000006f0500000, 0x00000006f0600000|  0%| F|  |TS  5|AC  0|TAMS 0x00000006f0500000, 0x00000006f0500000|
| 232|0x00000006f0600000, 0x00000006f0600000, 0x00000006f0700000|  0%| F|  |TS  5|AC  0|TAMS 0x00000006f0600000, 0x00000006f0600000|
| 233|0x00000006f0700000, 0x00000006f0700000, 0x00000006f0800000|  0%| F|  |TS  5|AC  0|TAMS 0x00000006f0700000, 0x00000006f0700000|
| 234|0x00000006f0800000, 0x00000006f0800000, 0x00000006f0900000|  0%| F|  |TS  5|AC  0|TAMS 0x00000006f0800000, 0x00000006f0800000|
| 235|0x00000006f0900000, 0x00000006f0900000, 0x00000006f0a00000|  0%| F|  |TS  5|AC  0|TAMS 0x00000006f0900000, 0x00000006f0900000|
| 236|0x00000006f0a00000, 0x00000006f0a00000, 0x00000006f0b00000|  0%| F|  |TS  5|AC  0|TAMS 0x00000006f0a00000, 0x00000006f0a00000|
| 237|0x00000006f0b00000, 0x00000006f0bd6200, 0x00000006f0c00000| 83%| E|  |TS  5|AC  0|TAMS 0x00000006f0b00000, 0x00000006f0b00000|
| 238|0x00000006f0c00000, 0x00000006f0d00000, 0x00000006f0d00000|100%| E|CS|TS  5|AC  0|TAMS 0x00000006f0c00000, 0x00000006f0c00000|
| 239|0x00000006f0d00000, 0x00000006f0e00000, 0x00000006f0e00000|100%| E|CS|TS  5|AC  0|TAMS 0x00000006f0d00000, 0x00000006f0d00000|
| 240|0x00000006f0e00000, 0x00000006f0f00000, 0x00000006f0f00000|100%| E|CS|TS  5|AC  0|TAMS 0x00000006f0e00000, 0x00000006f0e00000|
| 241|0x00000006f0f00000, 0x00000006f1000000, 0x00000006f1000000|100%| E|CS|TS  5|AC  0|TAMS 0x00000006f0f00000, 0x00000006f0f00000|
| 242|0x00000006f1000000, 0x00000006f1100000, 0x00000006f1100000|100%| E|CS|TS  5|AC  0|TAMS 0x00000006f1000000, 0x00000006f1000000|
| 243|0x00000006f1100000, 0x00000006f1200000, 0x00000006f1200000|100%| E|CS|TS  5|AC  0|TAMS 0x00000006f1100000, 0x00000006f1100000|
| 244|0x00000006f1200000, 0x00000006f1300000, 0x00000006f1300000|100%| E|CS|TS  5|AC  0|TAMS 0x00000006f1200000, 0x00000006f1200000|
| 245|0x00000006f1300000, 0x00000006f1400000, 0x00000006f1400000|100%| E|CS|TS  5|AC  0|TAMS 0x00000006f1300000, 0x00000006f1300000|
| 246|0x00000006f1400000, 0x00000006f1500000, 0x00000006f1500000|100%| E|CS|TS  5|AC  0|TAMS 0x00000006f1400000, 0x00000006f1400000|
| 247|0x00000006f1500000, 0x00000006f1600000, 0x00000006f1600000|100%| E|CS|TS  5|AC  0|TAMS 0x00000006f1500000, 0x00000006f1500000|
| 248|0x00000006f1600000, 0x00000006f1700000, 0x00000006f1700000|100%| E|CS|TS  5|AC  0|TAMS 0x00000006f1600000, 0x00000006f1600000|
| 249|0x00000006f1700000, 0x00000006f1800000, 0x00000006f1800000|100%| E|CS|TS  5|AC  0|TAMS 0x00000006f1700000, 0x00000006f1700000|
| 250|0x00000006f1800000, 0x00000006f1900000, 0x00000006f1900000|100%| E|CS|TS  5|AC  0|TAMS 0x00000006f1800000, 0x00000006f1800000|
| 251|0x00000006f1900000, 0x00000006f1a00000, 0x00000006f1a00000|100%| E|CS|TS  5|AC  0|TAMS 0x00000006f1900000, 0x00000006f1900000|
| 252|0x00000006f1a00000, 0x00000006f1b00000, 0x00000006f1b00000|100%| E|CS|TS  5|AC  0|TAMS 0x00000006f1a00000, 0x00000006f1a00000|
| 253|0x00000006f1b00000, 0x00000006f1c00000, 0x00000006f1c00000|100%| E|CS|TS  5|AC  0|TAMS 0x00000006f1b00000, 0x00000006f1b00000|
| 254|0x00000006f1c00000, 0x00000006f1d00000, 0x00000006f1d00000|100%| E|CS|TS  5|AC  0|TAMS 0x00000006f1c00000, 0x00000006f1c00000|
| 255|0x00000006f1d00000, 0x00000006f1e00000, 0x00000006f1e00000|100%| E|CS|TS  5|AC  0|TAMS 0x00000006f1d00000, 0x00000006f1d00000|
| 256|0x00000006f1e00000, 0x00000006f1f00000, 0x00000006f1f00000|100%| E|CS|TS  5|AC  0|TAMS 0x00000006f1e00000, 0x00000006f1e00000|
| 257|0x00000006f1f00000, 0x00000006f2000000, 0x00000006f2000000|100%| E|CS|TS  5|AC  0|TAMS 0x00000006f1f00000, 0x00000006f1f00000|
| 258|0x00000006f2000000, 0x00000006f2100000, 0x00000006f2100000|100%| E|CS|TS  5|AC  0|TAMS 0x00000006f2000000, 0x00000006f2000000|
| 259|0x00000006f2100000, 0x00000006f2200000, 0x00000006f2200000|100%| E|CS|TS  5|AC  0|TAMS 0x00000006f2100000, 0x00000006f2100000|
| 260|0x00000006f2200000, 0x00000006f2300000, 0x00000006f2300000|100%| E|CS|TS  5|AC  0|TAMS 0x00000006f2200000, 0x00000006f2200000|
| 261|0x00000006f2300000, 0x00000006f2400000, 0x00000006f2400000|100%| E|CS|TS  5|AC  0|TAMS 0x00000006f2300000, 0x00000006f2300000|
| 262|0x00000006f2400000, 0x00000006f2500000, 0x00000006f2500000|100%| E|CS|TS  5|AC  0|TAMS 0x00000006f2400000, 0x00000006f2400000|
| 263|0x00000006f2500000, 0x00000006f2600000, 0x00000006f2600000|100%| E|CS|TS  5|AC  0|TAMS 0x00000006f2500000, 0x00000006f2500000|
| 264|0x00000006f2600000, 0x00000006f2700000, 0x00000006f2700000|100%| E|CS|TS  5|AC  0|TAMS 0x00000006f2600000, 0x00000006f2600000|
| 265|0x00000006f2700000, 0x00000006f2800000, 0x00000006f2800000|100%| E|CS|TS  5|AC  0|TAMS 0x00000006f2700000, 0x00000006f2700000|
| 266|0x00000006f2800000, 0x00000006f2900000, 0x00000006f2900000|100%| E|CS|TS  5|AC  0|TAMS 0x00000006f2800000, 0x00000006f2800000|
| 267|0x00000006f2900000, 0x00000006f2a00000, 0x00000006f2a00000|100%| E|CS|TS  5|AC  0|TAMS 0x00000006f2900000, 0x00000006f2900000|
| 268|0x00000006f2a00000, 0x00000006f2b00000, 0x00000006f2b00000|100%| E|CS|TS  5|AC  0|TAMS 0x00000006f2a00000, 0x00000006f2a00000|

Card table byte_map: [0x000002a452990000,0x000002a453090000] byte_map_base: 0x000002a44f281000

Marking Bits (Prev, Next): (CMBitMap*) 0x000002a4391087b8, (CMBitMap*) 0x000002a439108780
 Prev Bits: [0x000002a456f20000, 0x000002a45a6a8000)
 Next Bits: [0x000002a453790000, 0x000002a456f18000)

Polling page: 0x000002a439040000

CodeHeap 'non-profiled nmethods': size=120000Kb used=8773Kb max_used=11358Kb free=111226Kb
 bounds [0x000002a44a2f0000, 0x000002a44ae10000, 0x000002a451820000]
CodeHeap 'profiled nmethods': size=120000Kb used=20376Kb max_used=24850Kb free=99623Kb
 bounds [0x000002a442dc0000, 0x000002a444610000, 0x000002a44a2f0000]
CodeHeap 'non-nmethods': size=5760Kb used=2402Kb max_used=2484Kb free=3357Kb
 bounds [0x000002a442820000, 0x000002a442a90000, 0x000002a442dc0000]
 total_blobs=14863 nmethods=8712 adapters=853
 compilation: enabled

Compilation events (10 events):
Event: 1151.313 Thread 0x000002a45db4e000 10736       3       java.util.concurrent.ScheduledThreadPoolExecutor$DelayedWorkQueue::take (5 bytes)
Event: 1151.313 Thread 0x000002a45db4e000 nmethod 10736 0x000002a443154010 code [0x000002a4431541c0, 0x000002a443154370]
Event: 1151.313 Thread 0x000002a45db4e000 10732       3       java.util.concurrent.ScheduledThreadPoolExecutor$ScheduledFutureTask::setNextRunTime (38 bytes)
Event: 1151.313 Thread 0x000002a45db4e000 nmethod 10732 0x000002a44315c110 code [0x000002a44315c2e0, 0x000002a44315c670]
Event: 1151.313 Thread 0x000002a45db4e000 10733       3       java.util.concurrent.ScheduledThreadPoolExecutor::reExecutePeriodic (49 bytes)
Event: 1151.314 Thread 0x000002a45db4e000 nmethod 10733 0x000002a443170a10 code [0x000002a443170c40, 0x000002a443171330]
Event: 1154.311 Thread 0x000002a45db4e000 10738       3       org.apache.logging.log4j.core.util.WatchManager$WatchRunnable::run (122 bytes)
Event: 1154.313 Thread 0x000002a45db4e000 nmethod 10738 0x000002a443248a10 code [0x000002a443248d20, 0x000002a443249f50]
Event: 1154.313 Thread 0x000002a45db4e000 10737       3       java.util.concurrent.Executors$RunnableAdapter::call (14 bytes)
Event: 1154.313 Thread 0x000002a45db4e000 nmethod 10737 0x000002a443164210 code [0x000002a4431643e0, 0x000002a443164610]

GC Heap History (10 events):
Event: 22.897 GC heap before
{Heap before GC invocations=20 (full 0):
 garbage-first heap   total 275456K, used 194085K [0x00000006e1e00000, 0x00000007c0000000)
  region size 1024K, 161 young (164864K), 4 survivors (4096K)
 Metaspace       used 62757K, capacity 63580K, committed 64000K, reserved 1105920K
  class space    used 7127K, capacity 7387K, committed 7424K, reserved 1048576K
}
Event: 22.904 GC heap after
{Heap after GC invocations=21 (full 0):
 garbage-first heap   total 275456K, used 36651K [0x00000006e1e00000, 0x00000007c0000000)
  region size 1024K, 7 young (7168K), 7 survivors (7168K)
 Metaspace       used 62757K, capacity 63580K, committed 64000K, reserved 1105920K
  class space    used 7127K, capacity 7387K, committed 7424K, reserved 1048576K
}
Event: 26.011 GC heap before
{Heap before GC invocations=21 (full 0):
 garbage-first heap   total 275456K, used 194347K [0x00000006e1e00000, 0x00000007c0000000)
  region size 1024K, 161 young (164864K), 7 survivors (7168K)
 Metaspace       used 67126K, capacity 68136K, committed 68352K, reserved 1110016K
  class space    used 7563K, capacity 7902K, committed 7936K, reserved 1048576K
}
Event: 26.022 GC heap after
{Heap after GC invocations=22 (full 0):
 garbage-first heap   total 275456K, used 40384K [0x00000006e1e00000, 0x00000007c0000000)
  region size 1024K, 11 young (11264K), 11 survivors (11264K)
 Metaspace       used 67126K, capacity 68136K, committed 68352K, reserved 1110016K
  class space    used 7563K, capacity 7902K, committed 7936K, reserved 1048576K
}
Event: 28.432 GC heap before
{Heap before GC invocations=22 (full 0):
 garbage-first heap   total 275456K, used 204224K [0x00000006e1e00000, 0x00000007c0000000)
  region size 1024K, 161 young (164864K), 11 survivors (11264K)
 Metaspace       used 73602K, capacity 74665K, committed 75008K, reserved 1116160K
  class space    used 8275K, capacity 8623K, committed 8704K, reserved 1048576K
}
Event: 28.445 GC heap after
{Heap after GC invocations=23 (full 0):
 garbage-first heap   total 275456K, used 45082K [0x00000006e1e00000, 0x00000007c0000000)
  region size 1024K, 15 young (15360K), 15 survivors (15360K)
 Metaspace       used 73602K, capacity 74665K, committed 75008K, reserved 1116160K
  class space    used 8275K, capacity 8623K, committed 8704K, reserved 1048576K
}
Event: 31.089 GC heap before
{Heap before GC invocations=23 (full 0):
 garbage-first heap   total 275456K, used 194586K [0x00000006e1e00000, 0x00000007c0000000)
  region size 1024K, 161 young (164864K), 15 survivors (15360K)
 Metaspace       used 82270K, capacity 83292K, committed 83584K, reserved 1124352K
  class space    used 8955K, capacity 9315K, committed 9344K, reserved 1048576K
}
Event: 31.112 GC heap after
{Heap after GC invocations=24 (full 0):
 garbage-first heap   total 275456K, used 54085K [0x00000006e1e00000, 0x00000007c0000000)
  region size 1024K, 18 young (18432K), 18 survivors (18432K)
 Metaspace       used 82270K, capacity 83292K, committed 83584K, reserved 1124352K
  class space    used 8955K, capacity 9315K, committed 9344K, reserved 1048576K
}
Event: 93.312 GC heap before
{Heap before GC invocations=24 (full 0):
 garbage-first heap   total 275456K, used 200517K [0x00000006e1e00000, 0x00000007c0000000)
  region size 1024K, 161 young (164864K), 18 survivors (18432K)
 Metaspace       used 90048K, capacity 91306K, committed 91776K, reserved 1130496K
  class space    used 9568K, capacity 10009K, committed 10112K, reserved 1048576K
}
Event: 93.340 GC heap after
{Heap after GC invocations=25 (full 0):
 garbage-first heap   total 275456K, used 64609K [0x00000006e1e00000, 0x00000007c0000000)
  region size 1024K, 20 young (20480K), 20 survivors (20480K)
 Metaspace       used 90048K, capacity 91306K, committed 91776K, reserved 1130496K
  class space    used 9568K, capacity 10009K, committed 10112K, reserved 1048576K
}

Deoptimization events (10 events):
Event: 1120.232 Thread 0x000002a4634c3000 Uncommon trap: reason=unhandled action=none pc=0x000002a44ab988a4 method=java.lang.Class.getDeclaredMethod(Ljava/lang/String;[Ljava/lang/Class;)Ljava/lang/reflect/Method; @ 53 c2
Event: 1130.233 Thread 0x000002a4634c3000 Uncommon trap: reason=unhandled action=none pc=0x000002a44ab988a4 method=java.lang.Class.getDeclaredMethod(Ljava/lang/String;[Ljava/lang/Class;)Ljava/lang/reflect/Method; @ 53 c2
Event: 1140.233 Thread 0x000002a4634c3000 Uncommon trap: reason=unhandled action=none pc=0x000002a44ab988a4 method=java.lang.Class.getDeclaredMethod(Ljava/lang/String;[Ljava/lang/Class;)Ljava/lang/reflect/Method; @ 53 c2
Event: 1150.234 Thread 0x000002a4634c3000 Uncommon trap: reason=unhandled action=none pc=0x000002a44ab988a4 method=java.lang.Class.getDeclaredMethod(Ljava/lang/String;[Ljava/lang/Class;)Ljava/lang/reflect/Method; @ 53 c2
Event: 1160.235 Thread 0x000002a4634c3000 Uncommon trap: reason=unhandled action=none pc=0x000002a44ab988a4 method=java.lang.Class.getDeclaredMethod(Ljava/lang/String;[Ljava/lang/Class;)Ljava/lang/reflect/Method; @ 53 c2
Event: 1170.237 Thread 0x000002a4634c3000 Uncommon trap: reason=unhandled action=none pc=0x000002a44ab988a4 method=java.lang.Class.getDeclaredMethod(Ljava/lang/String;[Ljava/lang/Class;)Ljava/lang/reflect/Method; @ 53 c2
Event: 1180.238 Thread 0x000002a4634c3000 Uncommon trap: reason=unhandled action=none pc=0x000002a44ab988a4 method=java.lang.Class.getDeclaredMethod(Ljava/lang/String;[Ljava/lang/Class;)Ljava/lang/reflect/Method; @ 53 c2
Event: 1190.238 Thread 0x000002a4634c3000 Uncommon trap: reason=unhandled action=none pc=0x000002a44ab988a4 method=java.lang.Class.getDeclaredMethod(Ljava/lang/String;[Ljava/lang/Class;)Ljava/lang/reflect/Method; @ 53 c2
Event: 1200.238 Thread 0x000002a4634c3000 Uncommon trap: reason=unhandled action=none pc=0x000002a44ab988a4 method=java.lang.Class.getDeclaredMethod(Ljava/lang/String;[Ljava/lang/Class;)Ljava/lang/reflect/Method; @ 53 c2
Event: 1210.239 Thread 0x000002a4634c3000 Uncommon trap: reason=unhandled action=none pc=0x000002a44ab988a4 method=java.lang.Class.getDeclaredMethod(Ljava/lang/String;[Ljava/lang/Class;)Ljava/lang/reflect/Method; @ 53 c2

Classes redefined (3 events):
Event: 97.497 Thread 0x000002a45dac9800 redefined class name=net.oopscraft.application.api.ApiController, count=1
Event: 147.958 Thread 0x000002a45dac9800 redefined class name=net.oopscraft.application.api.ApiController, count=2
Event: 1215.464 Thread 0x000002a45dac9800 redefined class name=net.oopscraft.application.api.ApiController, count=3

Internal exceptions (10 events):
Event: 33.328 Thread 0x000002a4634c4800 Exception <a 'java/lang/ClassNotFoundException'{0x00000006ead155b0}: groovy/lang/GStringBeanInfo> (0x00000006ead155b0) thrown at [t:/workspace/src/hotspot/share/classfile/systemDictionary.cpp, line 233]
Event: 33.330 Thread 0x000002a4634c4800 Exception <a 'java/lang/ClassNotFoundException'{0x00000006ead286d8}: groovy/lang/GStringCustomizer> (0x00000006ead286d8) thrown at [t:/workspace/src/hotspot/share/classfile/systemDictionary.cpp, line 233]
Event: 33.335 Thread 0x000002a4634c4800 Exception <a 'java/lang/ClassNotFoundException'{0x00000006ead45e78}: groovy/lang/GString$1Customizer> (0x00000006ead45e78) thrown at [t:/workspace/src/hotspot/share/classfile/systemDictionary.cpp, line 233]
Event: 33.341 Thread 0x000002a4634c4800 Exception <a 'java/lang/ClassNotFoundException'{0x00000006ead82cd8}: org/codehaus/groovy/runtime/GStringImplBeanInfo> (0x00000006ead82cd8) thrown at [t:/workspace/src/hotspot/share/classfile/systemDictionary.cpp, line 233]
Event: 33.344 Thread 0x000002a4634c4800 Exception <a 'java/lang/ClassNotFoundException'{0x00000006ead97e60}: org/codehaus/groovy/runtime/GStringImplCustomizer> (0x00000006ead97e60) thrown at [t:/workspace/src/hotspot/share/classfile/systemDictionary.cpp, line 233]
Event: 33.349 Thread 0x000002a4634c4800 Exception <a 'java/lang/ClassNotFoundException'{0x00000006eadc7d48}: org/thymeleaf/engine/ElementTagStructureHandlerBeanInfo> (0x00000006eadc7d48) thrown at [t:/workspace/src/hotspot/share/classfile/systemDictionary.cpp, line 233]
Event: 33.352 Thread 0x000002a4634c4800 Exception <a 'java/lang/ClassNotFoundException'{0x00000006eaddd450}: org/thymeleaf/engine/ElementTagStructureHandlerCustomizer> (0x00000006eaddd450) thrown at [t:/workspace/src/hotspot/share/classfile/systemDictionary.cpp, line 233]
Event: 33.846 Thread 0x000002a4634ca800 Implicit null exception at 0x000002a44aadf472 to 0x000002a44aadf632
Event: 100.684 Thread 0x000002a4634c1800 Implicit null exception at 0x000002a44ad42b66 to 0x000002a44ad42c22
Event: 155.878 Thread 0x000002a4634c7800 Exception <a 'java/lang/NoSuchMethodError'{0x00000006f2ad8c48}: java.lang.Object.lambda$thenComparing$36697e65$1(Ljava/util/Comparator;Ljava/lang/Object;Ljava/lang/Object;)I> (0x00000006f2ad8c48) thrown at [t:/workspace/src/hotspot/share/interpreter/linkR

Events (10 events):
Event: 1215.931 Executing VM operation: GetOrSetLocal done
Event: 1215.932 Executing VM operation: GetFrameLocation
Event: 1215.932 Executing VM operation: GetFrameLocation done
Event: 1215.932 Executing VM operation: GetOrSetLocal
Event: 1215.932 Executing VM operation: GetOrSetLocal done
Event: 1215.933 Executing VM operation: GetFrameLocation
Event: 1215.933 Executing VM operation: GetFrameLocation done
Event: 1215.933 Executing VM operation: GetOrSetLocal
Event: 1215.933 Executing VM operation: GetOrSetLocal done
Event: 1219.670 Executing VM operation: GetObjectMonitorUsage


Dynamic libraries:
0x00007ff6d6570000 - 0x00007ff6d65ad000 	D:\oopscraft\sdk\jdk-10\bin\javaw.exe
0x00007ffbdd0a0000 - 0x00007ffbdd290000 	C:\WINDOWS\SYSTEM32\ntdll.dll
0x00007ffbdb160000 - 0x00007ffbdb212000 	C:\WINDOWS\System32\KERNEL32.DLL
0x00007ffbdada0000 - 0x00007ffbdb043000 	C:\WINDOWS\System32\KERNELBASE.dll
0x00007ffbdcad0000 - 0x00007ffbdcc64000 	C:\WINDOWS\System32\USER32.dll
0x00007ffbda5f0000 - 0x00007ffbda611000 	C:\WINDOWS\System32\win32u.dll
0x00007ffbdcaa0000 - 0x00007ffbdcac6000 	C:\WINDOWS\System32\GDI32.dll
0x00007ffbda0b0000 - 0x00007ffbda244000 	C:\WINDOWS\System32\gdi32full.dll
0x00007ffbdb050000 - 0x00007ffbdb0ee000 	C:\WINDOWS\System32\msvcp_win.dll
0x00007ffbda4d0000 - 0x00007ffbda5ca000 	C:\WINDOWS\System32\ucrtbase.dll
0x00007ffbbdf10000 - 0x00007ffbbe195000 	C:\WINDOWS\WinSxS\amd64_microsoft.windows.common-controls_6595b64144ccf1df_6.0.18362.720_none_e6beb5c51314836b\COMCTL32.dll
0x00007ffbdbc30000 - 0x00007ffbdbcce000 	C:\WINDOWS\System32\msvcrt.dll
0x00007ffbdbfa0000 - 0x00007ffbdc2d6000 	C:\WINDOWS\System32\combase.dll
0x00007ffbdbe60000 - 0x00007ffbdbf80000 	C:\WINDOWS\System32\RPCRT4.dll
0x00007ffbda030000 - 0x00007ffbda0b0000 	C:\WINDOWS\System32\bcryptPrimitives.dll
0x00007ffbdbcd0000 - 0x00007ffbdbcfe000 	C:\WINDOWS\System32\IMM32.DLL
0x00007ffba97d0000 - 0x00007ffba98bf000 	D:\oopscraft\sdk\jdk-10\bin\msvcr120.dll
0x00007ffbaab80000 - 0x00007ffbaac26000 	D:\oopscraft\sdk\jdk-10\bin\msvcp120.dll
0x0000000069d20000 - 0x000000006a70d000 	D:\oopscraft\sdk\jdk-10\bin\server\jvm.dll
0x00007ffbdccf0000 - 0x00007ffbdcd93000 	C:\WINDOWS\System32\ADVAPI32.dll
0x00007ffbdcfc0000 - 0x00007ffbdd057000 	C:\WINDOWS\System32\sechost.dll
0x00007ffbdb150000 - 0x00007ffbdb158000 	C:\WINDOWS\System32\PSAPI.DLL
0x00007ffbb96f0000 - 0x00007ffbb96f9000 	C:\WINDOWS\SYSTEM32\WSOCK32.dll
0x00007ffbd2480000 - 0x00007ffbd248a000 	C:\WINDOWS\SYSTEM32\VERSION.dll
0x00007ffbd0520000 - 0x00007ffbd0544000 	C:\WINDOWS\SYSTEM32\WINMM.dll
0x00007ffbdb510000 - 0x00007ffbdb57f000 	C:\WINDOWS\System32\WS2_32.dll
0x00007ffbd04f0000 - 0x00007ffbd051d000 	C:\WINDOWS\SYSTEM32\WINMMBASE.dll
0x00007ffbda250000 - 0x00007ffbda29a000 	C:\WINDOWS\System32\cfgmgr32.dll
0x00007ffbd52f0000 - 0x00007ffbd52ff000 	D:\oopscraft\sdk\jdk-10\bin\verify.dll
0x00007ffbd15c0000 - 0x00007ffbd17b4000 	C:\WINDOWS\SYSTEM32\DBGHELP.DLL
0x00007ffbd1590000 - 0x00007ffbd15ba000 	C:\WINDOWS\SYSTEM32\dbgcore.DLL
0x00007ffbc33f0000 - 0x00007ffbc3417000 	D:\oopscraft\sdk\jdk-10\bin\java.dll
0x00007ffbbb7d0000 - 0x00007ffbbb806000 	D:\oopscraft\sdk\jdk-10\bin\jdwp.dll
0x00007ffbbec40000 - 0x00007ffbbec6a000 	D:\oopscraft\sdk\jdk-10\bin\instrument.dll
0x00007ffbc34c0000 - 0x00007ffbc34d6000 	D:\oopscraft\sdk\jdk-10\bin\zip.dll
0x00007ffbd52e0000 - 0x00007ffbd52ea000 	D:\oopscraft\sdk\jdk-10\bin\jimage.dll
0x00007ffbdc2e0000 - 0x00007ffbdc9c5000 	C:\WINDOWS\System32\SHELL32.dll
0x00007ffbdb220000 - 0x00007ffbdb2c9000 	C:\WINDOWS\System32\shcore.dll
0x00007ffbda620000 - 0x00007ffbdada0000 	C:\WINDOWS\System32\windows.storage.dll
0x00007ffbd9fe0000 - 0x00007ffbda003000 	C:\WINDOWS\System32\profapi.dll
0x00007ffbd9f70000 - 0x00007ffbd9fba000 	C:\WINDOWS\System32\powrprof.dll
0x00007ffbd9f60000 - 0x00007ffbd9f70000 	C:\WINDOWS\System32\UMPDC.dll
0x00007ffbdcf60000 - 0x00007ffbdcfb2000 	C:\WINDOWS\System32\shlwapi.dll
0x00007ffbd9fc0000 - 0x00007ffbd9fd1000 	C:\WINDOWS\System32\kernel.appcore.dll
0x00007ffbda5d0000 - 0x00007ffbda5e7000 	C:\WINDOWS\System32\cryptsp.dll
0x00007ffbd3af0000 - 0x00007ffbd3afa000 	D:\oopscraft\sdk\jdk-10\bin\dt_socket.dll
0x00007ffbd97d0000 - 0x00007ffbd9837000 	C:\WINDOWS\System32\mswsock.dll
0x00007ffbd9520000 - 0x00007ffbd95ea000 	C:\WINDOWS\SYSTEM32\DNSAPI.dll
0x00007ffbdcda0000 - 0x00007ffbdcda8000 	C:\WINDOWS\System32\NSI.dll
0x00007ffbd94e0000 - 0x00007ffbd951a000 	C:\WINDOWS\SYSTEM32\IPHLPAPI.DLL
0x000000006c380000 - 0x000000006c3a6000 	C:\Program Files\Bonjour\mdnsNSP.dll
0x00007ffbd2660000 - 0x00007ffbd26d7000 	C:\WINDOWS\System32\fwpuclnt.dll
0x00007ffbda4a0000 - 0x00007ffbda4c6000 	C:\WINDOWS\System32\bcrypt.dll
0x00007ffbd1f00000 - 0x00007ffbd1f0a000 	C:\Windows\System32\rasadhlp.dll
0x00007ffbc3460000 - 0x00007ffbc347a000 	D:\oopscraft\sdk\jdk-10\bin\net.dll
0x00007ffbd1f10000 - 0x00007ffbd2001000 	C:\WINDOWS\SYSTEM32\WINHTTP.dll
0x00007ffbc33d0000 - 0x00007ffbc33e1000 	D:\oopscraft\sdk\jdk-10\bin\nio.dll
0x00007ffbd27e0000 - 0x00007ffbd27e9000 	D:\oopscraft\sdk\jdk-10\bin\management.dll
0x00007ffbd27b0000 - 0x00007ffbd27ba000 	D:\oopscraft\sdk\jdk-10\bin\management_ext.dll
0x00007ffbbeed0000 - 0x00007ffbbeee6000 	C:\WINDOWS\system32\napinsp.dll
0x00007ffbbeeb0000 - 0x00007ffbbeeca000 	C:\WINDOWS\system32\pnrpnsp.dll
0x00007ffbbeea0000 - 0x00007ffbbeeae000 	C:\WINDOWS\System32\winrnr.dll
0x00007ffbd3a00000 - 0x00007ffbd3a1c000 	C:\WINDOWS\system32\NLAapi.dll
0x00007ffbd5f70000 - 0x00007ffbd5f85000 	C:\WINDOWS\system32\wshbth.dll
0x00007ffbd9340000 - 0x00007ffbd9373000 	C:\WINDOWS\system32\rsaenh.dll
0x00007ffbd9e80000 - 0x00007ffbd9ea5000 	C:\WINDOWS\SYSTEM32\USERENV.dll
0x00007ffbd99a0000 - 0x00007ffbd99ac000 	C:\WINDOWS\SYSTEM32\CRYPTBASE.dll
0x00007ffbd2d00000 - 0x00007ffbd2d16000 	C:\WINDOWS\SYSTEM32\dhcpcsvc6.DLL
0x00007ffbd31f0000 - 0x00007ffbd320c000 	C:\WINDOWS\SYSTEM32\dhcpcsvc.DLL
0x00007ffbc3380000 - 0x00007ffbc338b000 	D:\oopscraft\sdk\jdk-10\bin\sunmscapi.dll
0x00007ffbda2a0000 - 0x00007ffbda3e9000 	C:\WINDOWS\System32\CRYPT32.dll
0x00007ffbda010000 - 0x00007ffbda022000 	C:\WINDOWS\System32\MSASN1.dll
0x00007ffbbd4d0000 - 0x00007ffbbd4f3000 	D:\oopscraft\sdk\jdk-10\bin\sunec.dll

dbghelp: loaded successfully - version: 4.0.5 - missing functions: none
symbol engine: initialized successfully - sym options: 0x614 - pdb path: .;D:\oopscraft\sdk\jdk-10\bin;C:\WINDOWS\SYSTEM32;C:\WINDOWS\WinSxS\amd64_microsoft.windows.common-controls_6595b64144ccf1df_6.0.18362.720_none_e6beb5c51314836b;D:\oopscraft\sdk\jdk-10\bin\server;C:\Program Files\Bonjour

VM Arguments:
jvm_args: -agentlib:jdwp=transport=dt_socket,suspend=y,address=localhost:62823 -Dapplication.entityManagerFactory.generateDdl=true -javaagent:D:\oopscraft\sdk\eclipse\configuration\org.eclipse.osgi\411\0\.cp\lib\javaagent-shaded.jar -Dfile.encoding=utf-8 
java_command: net.oopscraft.application.Application
java_class_path (initial): C:\Users\chomookun\git\application\target\classes;C:\Users\chomookun\.m2\repository\junit\junit\4.12\junit-4.12.jar;C:\Users\chomookun\.m2\repository\org\hamcrest\hamcrest-core\1.3\hamcrest-core-1.3.jar;C:\Users\chomookun\.m2\repository\org\springframework\spring-core\5.0.1.RELEASE\spring-core-5.0.1.RELEASE.jar;C:\Users\chomookun\.m2\repository\org\springframework\spring-jcl\5.0.1.RELEASE\spring-jcl-5.0.1.RELEASE.jar;C:\Users\chomookun\.m2\repository\org\springframework\spring-beans\5.0.1.RELEASE\spring-beans-5.0.1.RELEASE.jar;C:\Users\chomookun\.m2\repository\org\springframework\spring-context\5.0.1.RELEASE\spring-context-5.0.1.RELEASE.jar;C:\Users\chomookun\.m2\repository\org\springframework\spring-web\5.0.1.RELEASE\spring-web-5.0.1.RELEASE.jar;C:\Users\chomookun\.m2\repository\org\springframework\spring-webmvc\5.0.1.RELEASE\spring-webmvc-5.0.1.RELEASE.jar;C:\Users\chomookun\.m2\repository\org\springframework\spring-jdbc\5.0.1.RELEASE\spring-jdbc-5.0.1.RELEASE.jar;C:\Users\chomookun\.m2\repository\org\springframework\spring-orm\5.0.1.RELEASE\spring-orm-5.0.1.RELEASE.jar;C:\Users\chomookun\.m2\repository\org\springframework\spring-tx\5.0.1.RELEASE\spring-tx-5.0.1.RELEASE.jar;C:\Users\chomookun\.m2\repository\org\springframework\spring-test\5.0.1.RELEASE\spring-test-5.0.1.RELEASE.jar;C:\Users\chomookun\.m2\repository\org\springframework\spring-websocket\5.0.1.RELEASE\spring-websocket-5.0.1.RELEASE.jar;C:\Users\chomookun\.m2\repository\org\springframework\spring-expression\5.0.1.RELEASE\spring-expression-5.0.1.RELEASE.jar;C:\Users\chomookun\.m2\repository\org\springframework\spring-aop\5.0.1.RELEASE\spring-aop-5.0.1.RELEASE.jar;C:\Users\chomookun\.m2\repository\commons-dbcp\commons-dbcp\1.4\commons-dbcp-1.4.jar;C:\Users\chomookun\.m2\repository\commons-pool\commons-pool\1.5.4\commons-pool-1.5.4.jar;C:\Users\chomookun\.m2\repository\commons-lang\commons-lang\2.6\commons-lang-2.6.jar;C:\Users\chomookun\.m2\repository\org\apache\commons\comm
Launcher Type: SUN_STANDARD

Logging:
Log output configuration:
#0: stdout all=warning uptime,level,tags
#1: stderr all=off uptime,level,tags

Environment Variables:
JAVA_HOME=C:\Program Files\ojdkbuild\java-1.8.0-openjdk-1.8.0.212-1
PATH=C:/Program Files/ojdkbuild/java-1.8.0-openjdk-1.8.0.212-1/bin/../jre/bin/server;C:/Program Files/ojdkbuild/java-1.8.0-openjdk-1.8.0.212-1/bin/../jre/bin;C:/Program Files/ojdkbuild/java-1.8.0-openjdk-1.8.0.212-1/bin/../jre/lib/amd64;C:\WINDOWS\system32;C:\WINDOWS;C:\WINDOWS\System32\Wbem;C:\WINDOWS\System32\WindowsPowerShell\v1.0\;C:\Program Files\ojdkbuild\java-1.8.0-openjdk-1.8.0.212-1\bin;C:\WINDOWS\System32\OpenSSH\;C:\Program Files\Git\cmd;C:\Program Files\nodejs\;C:\Users\chomookun\AppData\Local\Microsoft\WindowsApps;C:\Users\chomookun\AppData\Roaming\npm;C:\Users\chomookun\AppData\Local\Programs\Microsoft VS Code\bin;D:\oopscraft\sdk\eclipse;
USERNAME=chomookun
OS=Windows_NT
PROCESSOR_IDENTIFIER=AMD64 Family 23 Model 24 Stepping 1, AuthenticAMD



---------------  S Y S T E M  ---------------

OS: Windows 10 , 64 bit Build 18362 (10.0.18362.329)

CPU:total 8 (initial active 8) (8 cores per cpu, 2 threads per core) family 23 model 24 stepping 1, cmov, cx8, fxsr, mmx, sse, sse2, sse3, ssse3, sse4.1, sse4.2, popcnt, avx, avx2, aes, clmul, mmxext, 3dnowpref, lzcnt, sse4a, ht, tsc, tscinvbit, tscinv, bmi1, bmi2, adx, sha, fma

Memory: 4k page, physical 14554396k(7149532k free), swap 19272988k(7051584k free)

vm_info: OpenJDK 64-Bit Server VM (10+44) for windows-amd64 JRE (10+44), built on Feb 16 2018 20:30:25 by "mach5one" with MS VC++ 12.0 (VS2013)

END.
