#
# A fatal error has been detected by the Java Runtime Environment:
#
#  EXCEPTION_ACCESS_VIOLATION (0xc0000005) at pc=0x000000006a2ca2c2, pid=17344, tid=14792
#
# JRE version: OpenJDK Runtime Environment (10.0+44) (build 10+44)
# Java VM: OpenJDK 64-Bit Server VM (10+44, mixed mode, tiered, compressed oops, g1 gc, windows-amd64)
# Problematic frame:
# V  [jvm.dll+0x5aa2c2]
#
# No core dump will be written. Minidumps are not enabled by default on client versions of Windows
#
# If you would like to submit a bug report, please visit:
#   http://bugreport.java.com/bugreport/crash.jsp
#

---------------  S U M M A R Y ------------

Command Line: -agentlib:jdwp=transport=dt_socket,suspend=y,address=localhost:63517 -Dapplication.entityManagerFactory.generateDdl=true -javaagent:D:\oopscraft\sdk\eclipse\configuration\org.eclipse.osgi\411\0\.cp\lib\javaagent-shaded.jar -Dfile.encoding=utf-8 net.oopscraft.application.Application

Host: AMD Ryzen 5 3500U with Radeon Vega Mobile Gfx  , 8 cores, 13G,  Windows 10 , 64 bit Build 18362 (10.0.18362.329)
Time: Fri Apr 03 17:11:02 2020 ¢¥eCN©öI¡¾©ö C¡ÍA¨ª¨öA elapsed time: 492 seconds (0d 0h 8m 12s)

---------------  T H R E A D  ---------------

Current thread (0x000002431d4d6800):  JavaThread "http-nio-10001-exec-3" daemon [_thread_in_vm, id=14792, stack(0x000000a4e8600000,0x000000a4e8700000)]

Stack: [0x000000a4e8600000,0x000000a4e8700000],  sp=0x000000a4e86f8b50,  free space=994k
Native frames: (J=compiled Java code, j=interpreted, Vv=VM code, C=native code)
V  [jvm.dll+0x5aa2c2]
V  [jvm.dll+0x35e6fb]
V  [jvm.dll+0x4611f6]
V  [jvm.dll+0x45c495]
V  [jvm.dll+0x361149]
V  [jvm.dll+0x5d6998]
V  [jvm.dll+0x5d6daf]
V  [jvm.dll+0x5d68c7]
V  [jvm.dll+0x3a35ef]
C  0x0000024300015c16

Java frames: (J=compiled Java code, j=interpreted, Vv=VM code)
j  java.lang.StackStreamFactory$AbstractStackWalker.fetchStackFrames(JJII[Ljava/lang/Object;)I+0 java.base@10
j  java.lang.StackStreamFactory$AbstractStackWalker.fetchStackFrames(I)I+35 java.base@10
j  java.lang.StackStreamFactory$AbstractStackWalker.getNextBatch()I+61 java.base@10
j  java.lang.StackStreamFactory$AbstractStackWalker.peekFrame()Ljava/lang/Class;+32 java.base@10
J 3144 c1 java.lang.StackStreamFactory$StackFrameTraverser.nextStackFrame()Ljava/lang/StackWalker$StackFrame; java.base@10 (32 bytes) @ 0x0000024300d4ca3c [0x0000024300d4c980+0x00000000000000bc]
j  java.lang.StackStreamFactory$StackFrameTraverser.forEachRemaining(Ljava/util/function/Consumer;)V+18 java.base@10
J 2448 c1 java.util.stream.AbstractPipeline.copyInto(Ljava/util/stream/Sink;Ljava/util/Spliterator;)V java.base@10 (54 bytes) @ 0x0000024300b046bc [0x0000024300b042e0+0x00000000000003dc]
J 1981 c1 java.util.stream.AbstractPipeline.wrapAndCopyInto(Ljava/util/stream/Sink;Ljava/util/Spliterator;)Ljava/util/stream/Sink; java.base@10 (18 bytes) @ 0x00000243009b5a34 [0x00000243009b5900+0x0000000000000134]
j  java.util.stream.ReduceOps$ReduceOp.evaluateSequential(Ljava/util/stream/PipelineHelper;Ljava/util/Spliterator;)Ljava/lang/Object;+6 java.base@10
J 1985 c1 java.util.stream.AbstractPipeline.evaluate(Ljava/util/stream/TerminalOp;)Ljava/lang/Object; java.base@10 (94 bytes) @ 0x00000243009b7834 [0x00000243009b73e0+0x0000000000000454]
j  java.util.stream.ReferencePipeline.collect(Ljava/util/stream/Collector;)Ljava/lang/Object;+86 java.base@10
j  org.apache.logging.log4j.util.StackLocator.lambda$getCurrentStackTrace$9(Ljava/util/stream/Stream;)Ljava/util/List;+14
j  org.apache.logging.log4j.util.StackLocator$$Lambda$242.apply(Ljava/lang/Object;)Ljava/lang/Object;+4
J 5529 c1 java.lang.StackStreamFactory$StackFrameTraverser.consumeFrames()Ljava/lang/Object; java.base@10 (39 bytes) @ 0x000002430125721c [0x0000024301256ec0+0x000000000000035c]
J 4766 c1 java.lang.StackStreamFactory$AbstractStackWalker.doStackWalk(JIIII)Ljava/lang/Object; java.base@10 (82 bytes) @ 0x00000243010703dc [0x0000024301070200+0x00000000000001dc]
v  ~StubRoutines::call_stub
J 5527  java.lang.StackStreamFactory$AbstractStackWalker.callStackWalk(JIII[Ljava/lang/Object;)Ljava/lang/Object; java.base@10 (0 bytes) @ 0x0000024307fedc9e [0x0000024307fedc40+0x000000000000005e]
J 5525 c1 java.lang.StackStreamFactory$AbstractStackWalker.beginStackWalk()Ljava/lang/Object; java.base@10 (35 bytes) @ 0x000002430125527c [0x0000024301254f80+0x00000000000002fc]
J 4764 c1 java.lang.StackWalker.walk(Ljava/util/function/Function;)Ljava/lang/Object; java.base@10 (14 bytes) @ 0x000002430106ee14 [0x000002430106e980+0x0000000000000494]
j  org.apache.logging.log4j.util.StackLocator.getCurrentStackTrace()Ljava/util/Stack;+16
j  org.apache.logging.log4j.util.StackLocatorUtil.getCurrentStackTrace()Ljava/util/Stack;+3
j  org.apache.logging.log4j.core.impl.ThrowableProxy.<init>(Ljava/lang/Throwable;Ljava/util/Set;)V+44
j  org.apache.logging.log4j.core.impl.ThrowableProxy.<init>(Ljava/lang/Throwable;)V+3
J 6752 c1 org.apache.logging.log4j.core.impl.Log4jLogEvent.getThrownProxy()Lorg/apache/logging/log4j/core/impl/ThrowableProxy; (34 bytes) @ 0x00000243015b617c [0x00000243015b6060+0x000000000000011c]
J 6751 c1 org.apache.logging.log4j.core.pattern.ExtendedThrowablePatternConverter.format(Lorg/apache/logging/log4j/core/LogEvent;Ljava/lang/StringBuilder;)V (233 bytes) @ 0x00000243015b3dd4 [0x00000243015b3cc0+0x0000000000000114]
J 4795 c1 org.apache.logging.log4j.core.layout.PatternLayout$PatternSerializer.toSerializable(Lorg/apache/logging/log4j/core/LogEvent;Ljava/lang/StringBuilder;)Ljava/lang/StringBuilder; (71 bytes) @ 0x000002430107fcf4 [0x000002430107fac0+0x0000000000000234]
J 6192 c1 org.apache.logging.log4j.core.layout.PatternLayout.encode(Lorg/apache/logging/log4j/core/LogEvent;Lorg/apache/logging/log4j/core/layout/ByteBufferDestination;)V (53 bytes) @ 0x000002430142da84 [0x000002430142d700+0x0000000000000384]
J 6191 c1 org.apache.logging.log4j.core.layout.PatternLayout.encode(Ljava/lang/Object;Lorg/apache/logging/log4j/core/layout/ByteBufferDestination;)V (10 bytes) @ 0x000002430142d1ec [0x000002430142d060+0x000000000000018c]
J 6190 c1 org.apache.logging.log4j.core.appender.AbstractOutputStreamAppender.directEncodeEvent(Lorg/apache/logging/log4j/core/LogEvent;)V (38 bytes) @ 0x000002430142c64c [0x000002430142c4a0+0x00000000000001ac]
J 6159 c1 org.apache.logging.log4j.core.appender.AbstractOutputStreamAppender.append(Lorg/apache/logging/log4j/core/LogEvent;)V (62 bytes) @ 0x000002430141e184 [0x000002430141e020+0x0000000000000164]
J 6158 c1 org.apache.logging.log4j.core.config.AppenderControl.tryCallAppender(Lorg/apache/logging/log4j/core/LogEvent;)V (36 bytes) @ 0x000002430141d814 [0x000002430141d700+0x0000000000000114]
J 6161 c1 org.apache.logging.log4j.core.config.AppenderControl.callAppenderPreventRecursion(Lorg/apache/logging/log4j/core/LogEvent;)V (36 bytes) @ 0x0000024301420484 [0x000002430141ff00+0x0000000000000584]
j  org.apache.logging.log4j.core.config.AppenderControl.callAppender(Lorg/apache/logging/log4j/core/LogEvent;)V+11
j  org.apache.logging.log4j.core.config.LoggerConfig.callAppenders(Lorg/apache/logging/log4j/core/LogEvent;)V+20
J 6864 c1 org.apache.logging.log4j.core.config.LoggerConfig.log(Ljava/lang/String;Ljava/lang/String;Lorg/apache/logging/log4j/Marker;Lorg/apache/logging/log4j/Level;Lorg/apache/logging/log4j/message/Message;Ljava/lang/Throwable;)V (220 bytes) @ 0x000002430162bffc [0x000002430162aa00+0x00000000000015fc]
J 6153 c1 org.apache.logging.log4j.core.config.AwaitCompletionReliabilityStrategy.log(Lorg/apache/logging/log4j/util/Supplier;Ljava/lang/String;Ljava/lang/String;Lorg/apache/logging/log4j/Marker;Lorg/apache/logging/log4j/Level;Lorg/apache/logging/log4j/message/Message;Ljava/lang/Throwable;)V (51 bytes) @ 0x000002430142320c [0x0000024301422ce0+0x000000000000052c]
J 6152 c1 org.apache.logging.log4j.core.Logger.logMessage(Ljava/lang/String;Lorg/apache/logging/log4j/Level;Lorg/apache/logging/log4j/Marker;Lorg/apache/logging/log4j/message/Message;Ljava/lang/Throwable;)V (53 bytes) @ 0x000002430141a5d4 [0x000002430141a180+0x0000000000000454]
J 6700 c1 org.apache.logging.log4j.spi.AbstractLogger.logMessageSafely(Ljava/lang/String;Lorg/apache/logging/log4j/Level;Lorg/apache/logging/log4j/Marker;Lorg/apache/logging/log4j/message/Message;Ljava/lang/Throwable;)V (30 bytes) @ 0x0000024301586424 [0x00000243015862a0+0x0000000000000184]
j  org.apache.logging.log4j.spi.AbstractLogger.logMessage(Ljava/lang/String;Lorg/apache/logging/log4j/Level;Lorg/apache/logging/log4j/Marker;Ljava/lang/String;Ljava/lang/Throwable;)V+17
j  org.apache.logging.log4j.spi.AbstractLogger.logIfEnabled(Ljava/lang/String;Lorg/apache/logging/log4j/Level;Lorg/apache/logging/log4j/Marker;Ljava/lang/String;Ljava/lang/Throwable;)V+21
j  org.apache.logging.slf4j.Log4jLogger.warn(Ljava/lang/String;Ljava/lang/Throwable;)V+13
j  net.oopscraft.application.api.ApiController.getApis()Ljava/util/List;+600
v  ~StubRoutines::call_stub
J 2517  jdk.internal.reflect.NativeMethodAccessorImpl.invoke0(Ljava/lang/reflect/Method;Ljava/lang/Object;[Ljava/lang/Object;)Ljava/lang/Object; java.base@10 (0 bytes) @ 0x0000024307c6083f [0x0000024307c607c0+0x000000000000007f]
J 2516 c1 jdk.internal.reflect.NativeMethodAccessorImpl.invoke(Ljava/lang/Object;[Ljava/lang/Object;)Ljava/lang/Object; java.base@10 (104 bytes) @ 0x0000024300b3b444 [0x0000024300b3a7c0+0x0000000000000c84]
J 4908 c2 java.lang.reflect.Method.invoke(Ljava/lang/Object;[Ljava/lang/Object;)Ljava/lang/Object; java.base@10 (65 bytes) @ 0x0000024307f5a828 [0x0000024307f5a700+0x0000000000000128]
j  org.springframework.web.method.support.InvocableHandlerMethod.doInvoke([Ljava/lang/Object;)Ljava/lang/Object;+16
j  org.springframework.web.method.support.InvocableHandlerMethod.invokeForRequest(Lorg/springframework/web/context/request/NativeWebRequest;Lorg/springframework/web/method/support/ModelAndViewContainer;[Ljava/lang/Object;)Ljava/lang/Object;+75
j  org.springframework.web.servlet.mvc.method.annotation.ServletInvocableHandlerMethod.invokeAndHandle(Lorg/springframework/web/context/request/ServletWebRequest;Lorg/springframework/web/method/support/ModelAndViewContainer;[Ljava/lang/Object;)V+4
j  org.springframework.web.servlet.mvc.method.annotation.RequestMappingHandlerAdapter.invokeHandlerMethod(Ljavax/servlet/http/HttpServletRequest;Ljavax/servlet/http/HttpServletResponse;Lorg/springframework/web/method/HandlerMethod;)Lorg/springframework/web/servlet/ModelAndView;+278
j  org.springframework.web.servlet.mvc.method.annotation.RequestMappingHandlerAdapter.handleInternal(Ljavax/servlet/http/HttpServletRequest;Ljavax/servlet/http/HttpServletResponse;Lorg/springframework/web/method/HandlerMethod;)Lorg/springframework/web/servlet/ModelAndView;+81
j  org.springframework.web.servlet.mvc.method.AbstractHandlerMethodAdapter.handle(Ljavax/servlet/http/HttpServletRequest;Ljavax/servlet/http/HttpServletResponse;Ljava/lang/Object;)Lorg/springframework/web/servlet/ModelAndView;+7
j  org.springframework.web.servlet.DispatcherServlet.doDispatch(Ljavax/servlet/http/HttpServletRequest;Ljavax/servlet/http/HttpServletResponse;)V+314
j  org.springframework.web.servlet.DispatcherServlet.doService(Ljavax/servlet/http/HttpServletRequest;Ljavax/servlet/http/HttpServletResponse;)V+314
j  org.springframework.web.servlet.FrameworkServlet.processRequest(Ljavax/servlet/http/HttpServletRequest;Ljavax/servlet/http/HttpServletResponse;)V+71
j  org.springframework.web.servlet.FrameworkServlet.doGet(Ljavax/servlet/http/HttpServletRequest;Ljavax/servlet/http/HttpServletResponse;)V+3
j  javax.servlet.http.HttpServlet.service(Ljavax/servlet/http/HttpServletRequest;Ljavax/servlet/http/HttpServletResponse;)V+35
j  org.springframework.web.servlet.FrameworkServlet.service(Ljavax/servlet/http/HttpServletRequest;Ljavax/servlet/http/HttpServletResponse;)V+33
j  javax.servlet.http.HttpServlet.service(Ljavax/servlet/ServletRequest;Ljavax/servlet/ServletResponse;)V+31
j  org.apache.catalina.core.ApplicationFilterChain.internalDoFilter(Ljavax/servlet/ServletRequest;Ljavax/servlet/ServletResponse;)V+304
j  org.apache.catalina.core.ApplicationFilterChain.doFilter(Ljavax/servlet/ServletRequest;Ljavax/servlet/ServletResponse;)V+101
j  org.apache.tomcat.websocket.server.WsFilter.doFilter(Ljavax/servlet/ServletRequest;Ljavax/servlet/ServletResponse;Ljavax/servlet/FilterChain;)V+21
j  org.apache.catalina.core.ApplicationFilterChain.internalDoFilter(Ljavax/servlet/ServletRequest;Ljavax/servlet/ServletResponse;)V+135
j  org.apache.catalina.core.ApplicationFilterChain.doFilter(Ljavax/servlet/ServletRequest;Ljavax/servlet/ServletResponse;)V+101
j  org.springframework.security.web.FilterChainProxy$VirtualFilterChain.doFilter(Ljavax/servlet/ServletRequest;Ljavax/servlet/ServletResponse;)V+68
j  org.springframework.security.web.access.ExceptionTranslationFilter.doFilter(Ljavax/servlet/ServletRequest;Ljavax/servlet/ServletResponse;Ljavax/servlet/FilterChain;)V+17
j  org.springframework.security.web.FilterChainProxy$VirtualFilterChain.doFilter(Ljavax/servlet/ServletRequest;Ljavax/servlet/ServletResponse;)V+192
j  org.springframework.security.web.session.SessionManagementFilter.doFilter(Ljavax/servlet/ServletRequest;Ljavax/servlet/ServletResponse;Ljavax/servlet/FilterChain;)V+258
j  org.springframework.security.web.FilterChainProxy$VirtualFilterChain.doFilter(Ljavax/servlet/ServletRequest;Ljavax/servlet/ServletResponse;)V+192
j  org.springframework.security.web.authentication.AnonymousAuthenticationFilter.doFilter(Ljavax/servlet/ServletRequest;Ljavax/servlet/ServletResponse;Ljavax/servlet/FilterChain;)V+137
j  org.springframework.security.web.FilterChainProxy$VirtualFilterChain.doFilter(Ljavax/servlet/ServletRequest;Ljavax/servlet/ServletResponse;)V+192
j  org.springframework.security.web.servletapi.SecurityContextHolderAwareRequestFilter.doFilter(Ljavax/servlet/ServletRequest;Ljavax/servlet/ServletResponse;Ljavax/servlet/FilterChain;)V+19
j  org.springframework.security.web.FilterChainProxy$VirtualFilterChain.doFilter(Ljavax/servlet/ServletRequest;Ljavax/servlet/ServletResponse;)V+192
j  org.springframework.security.web.savedrequest.RequestCacheAwareFilter.doFilter(Ljavax/servlet/ServletRequest;Ljavax/servlet/ServletResponse;Ljavax/servlet/FilterChain;)V+32
j  org.springframework.security.web.FilterChainProxy$VirtualFilterChain.doFilter(Ljavax/servlet/ServletRequest;Ljavax/servlet/ServletResponse;)V+192
j  org.springframework.security.web.authentication.logout.LogoutFilter.doFilter(Ljavax/servlet/ServletRequest;Ljavax/servlet/ServletResponse;Ljavax/servlet/FilterChain;)V+115
j  org.springframework.security.web.FilterChainProxy$VirtualFilterChain.doFilter(Ljavax/servlet/ServletRequest;Ljavax/servlet/ServletResponse;)V+192
j  org.springframework.security.web.csrf.CsrfFilter.doFilterInternal(Ljavax/servlet/http/HttpServletRequest;Ljavax/servlet/http/HttpServletResponse;Ljavax/servlet/FilterChain;)V+110
j  org.springframework.web.filter.OncePerRequestFilter.doFilter(Ljavax/servlet/ServletRequest;Ljavax/servlet/ServletResponse;Ljavax/servlet/FilterChain;)V+111
j  org.springframework.security.web.FilterChainProxy$VirtualFilterChain.doFilter(Ljavax/servlet/ServletRequest;Ljavax/servlet/ServletResponse;)V+192
j  org.springframework.security.web.header.HeaderWriterFilter.doFilterInternal(Ljavax/servlet/http/HttpServletRequest;Ljavax/servlet/http/HttpServletResponse;Ljavax/servlet/FilterChain;)V+19
j  org.springframework.web.filter.OncePerRequestFilter.doFilter(Ljavax/servlet/ServletRequest;Ljavax/servlet/ServletResponse;Ljavax/servlet/FilterChain;)V+111
j  org.springframework.security.web.FilterChainProxy$VirtualFilterChain.doFilter(Ljavax/servlet/ServletRequest;Ljavax/servlet/ServletResponse;)V+192
j  org.springframework.security.web.context.SecurityContextPersistenceFilter.doFilter(Ljavax/servlet/ServletRequest;Ljavax/servlet/ServletResponse;Ljavax/servlet/FilterChain;)V+165
j  org.springframework.security.web.FilterChainProxy$VirtualFilterChain.doFilter(Ljavax/servlet/ServletRequest;Ljavax/servlet/ServletResponse;)V+192
j  org.springframework.security.web.context.request.async.WebAsyncManagerIntegrationFilter.doFilterInternal(Ljavax/servlet/http/HttpServletRequest;Ljavax/servlet/http/HttpServletResponse;Ljavax/servlet/FilterChain;)V+42
j  org.springframework.web.filter.OncePerRequestFilter.doFilter(Ljavax/servlet/ServletRequest;Ljavax/servlet/ServletResponse;Ljavax/servlet/FilterChain;)V+111
j  org.springframework.security.web.FilterChainProxy$VirtualFilterChain.doFilter(Ljavax/servlet/ServletRequest;Ljavax/servlet/ServletResponse;)V+192
j  org.springframework.security.web.FilterChainProxy.doFilterInternal(Ljavax/servlet/ServletRequest;Ljavax/servlet/ServletResponse;Ljavax/servlet/FilterChain;)V+142
j  org.springframework.security.web.FilterChainProxy.doFilter(Ljavax/servlet/ServletRequest;Ljavax/servlet/ServletResponse;Ljavax/servlet/FilterChain;)V+40
j  org.springframework.web.filter.DelegatingFilterProxy.invokeDelegate(Ljavax/servlet/Filter;Ljavax/servlet/ServletRequest;Ljavax/servlet/ServletResponse;Ljavax/servlet/FilterChain;)V+5
j  org.springframework.web.filter.DelegatingFilterProxy.doFilter(Ljavax/servlet/ServletRequest;Ljavax/servlet/ServletResponse;Ljavax/servlet/FilterChain;)V+85
j  org.apache.catalina.core.ApplicationFilterChain.internalDoFilter(Ljavax/servlet/ServletRequest;Ljavax/servlet/ServletResponse;)V+135
j  org.apache.catalina.core.ApplicationFilterChain.doFilter(Ljavax/servlet/ServletRequest;Ljavax/servlet/ServletResponse;)V+101
j  org.springframework.orm.jpa.support.OpenEntityManagerInViewFilter.doFilterInternal(Ljavax/servlet/http/HttpServletRequest;Ljavax/servlet/http/HttpServletResponse;Ljavax/servlet/FilterChain;)V+155
j  org.springframework.web.filter.OncePerRequestFilter.doFilter(Ljavax/servlet/ServletRequest;Ljavax/servlet/ServletResponse;Ljavax/servlet/FilterChain;)V+111
j  org.apache.catalina.core.ApplicationFilterChain.internalDoFilter(Ljavax/servlet/ServletRequest;Ljavax/servlet/ServletResponse;)V+135
j  org.apache.catalina.core.ApplicationFilterChain.doFilter(Ljavax/servlet/ServletRequest;Ljavax/servlet/ServletResponse;)V+101
j  org.springframework.web.filter.CharacterEncodingFilter.doFilterInternal(Ljavax/servlet/http/HttpServletRequest;Ljavax/servlet/http/HttpServletResponse;Ljavax/servlet/FilterChain;)V+53
j  org.springframework.web.filter.OncePerRequestFilter.doFilter(Ljavax/servlet/ServletRequest;Ljavax/servlet/ServletResponse;Ljavax/servlet/FilterChain;)V+111
j  org.apache.catalina.core.ApplicationFilterChain.internalDoFilter(Ljavax/servlet/ServletRequest;Ljavax/servlet/ServletResponse;)V+135
j  org.apache.catalina.core.ApplicationFilterChain.doFilter(Ljavax/servlet/ServletRequest;Ljavax/servlet/ServletResponse;)V+101
j  org.apache.catalina.core.StandardWrapperValve.invoke(Lorg/apache/catalina/connector/Request;Lorg/apache/catalina/connector/Response;)V+688
j  org.apache.catalina.core.StandardContextValve.invoke(Lorg/apache/catalina/connector/Request;Lorg/apache/catalina/connector/Response;)V+166
j  org.apache.catalina.authenticator.AuthenticatorBase.invoke(Lorg/apache/catalina/connector/Request;Lorg/apache/catalina/connector/Response;)V+260
j  org.apache.catalina.core.StandardHostValve.invoke(Lorg/apache/catalina/connector/Request;Lorg/apache/catalina/connector/Response;)V+138
j  org.apache.catalina.valves.ErrorReportValve.invoke(Lorg/apache/catalina/connector/Request;Lorg/apache/catalina/connector/Response;)V+6
j  org.apache.catalina.core.StandardEngineValve.invoke(Lorg/apache/catalina/connector/Request;Lorg/apache/catalina/connector/Response;)V+71
j  org.apache.catalina.connector.CoyoteAdapter.service(Lorg/apache/coyote/Request;Lorg/apache/coyote/Response;)V+200
j  org.apache.coyote.http11.Http11Processor.service(Lorg/apache/tomcat/util/net/SocketWrapperBase;)Lorg/apache/tomcat/util/net/AbstractEndpoint$Handler$SocketState;+814
j  org.apache.coyote.AbstractProcessorLight.process(Lorg/apache/tomcat/util/net/SocketWrapperBase;Lorg/apache/tomcat/util/net/SocketEvent;)Lorg/apache/tomcat/util/net/AbstractEndpoint$Handler$SocketState;+113
j  org.apache.coyote.AbstractProtocol$ConnectionHandler.process(Lorg/apache/tomcat/util/net/SocketWrapperBase;Lorg/apache/tomcat/util/net/SocketEvent;)Lorg/apache/tomcat/util/net/AbstractEndpoint$Handler$SocketState;+414
j  org.apache.tomcat.util.net.NioEndpoint$SocketProcessor.doRun()V+191
j  org.apache.tomcat.util.net.SocketProcessorBase.run()V+21
j  java.util.concurrent.ThreadPoolExecutor.runWorker(Ljava/util/concurrent/ThreadPoolExecutor$Worker;)V+92 java.base@10
j  java.util.concurrent.ThreadPoolExecutor$Worker.run()V+5 java.base@10
j  org.apache.tomcat.util.threads.TaskThread$WrappingRunnable.run()V+4
j  java.lang.Thread.run()V+11 java.base@10
v  ~StubRoutines::call_stub

siginfo: EXCEPTION_ACCESS_VIOLATION (0xc0000005), reading address 0x0000000000000008


Register to memory mapping:

RIP=0x000000006a2ca2c2 jvm.dll
RAX=0x0000000000000010 is an unknown value
RBX=0x0000024374e4de10 is an unknown value
RCX=0x00000006f0b001c0 is an oop
java.lang.invoke.ResolvedMethodName 
{0x00000006f0b001c0} - klass: 'java/lang/invoke/ResolvedMethodName'
RDX=0x0000000000000010 is an unknown value
RSP=0x000000a4e86f8b50 is pointing into the stack for thread: 0x000002431d4d6800
RBP=0x000002431d4d6800 is a thread
RSI=0x0000000000000000 is an unknown value
RDI=0x0000000000000000 is an unknown value
R8 =0x0000000000000000 is an unknown value
R9 ={method} {0x000002432917fa28} 'getApis' '()Ljava/util/List;' in 'net/oopscraft/application/api/ApiController'
R10=0x0000000000000006 is an unknown value
R11=0x0000000000000006 is an unknown value
R12=0x000002431d4d6800 is a thread
R13=0x00000007c06fec50 is pointing into metadata
R14=0x000000a4e86f8c70 is pointing into the stack for thread: 0x000002431d4d6800
R15=0x0000000000000000 is an unknown value


Registers:
RAX=0x0000000000000010, RBX=0x0000024374e4de10, RCX=0x00000006f0b001c0, RDX=0x0000000000000010
RSP=0x000000a4e86f8b50, RBP=0x000002431d4d6800, RSI=0x0000000000000000, RDI=0x0000000000000000
R8 =0x0000000000000000, R9 =0x000002432917fa20, R10=0x0000000000000006, R11=0x0000000000000006
R12=0x000002431d4d6800, R13=0x00000007c06fec50, R14=0x000000a4e86f8c70, R15=0x0000000000000000
RIP=0x000000006a2ca2c2, EFLAGS=0x0000000000010202

Top of Stack: (sp=0x000000a4e86f8b50)
0x000000a4e86f8b50:   0000024374e4de10 000000a4e86f8bd0
0x000000a4e86f8b60:   000002431d4d6800 0000000000000000
0x000000a4e86f8b70:   00000006f0b001c0 000000006a07e6fb
0x000000a4e86f8b80:   000002431a9ec298 000002431d4d6800
0x000000a4e86f8b90:   000000a4e86f8bd0 0000000000000000
0x000000a4e86f8ba0:   000002431ebba650 000000006a1811f6
0x000000a4e86f8bb0:   0000000000000000 0000024327a40a50
0x000000a4e86f8bc0:   3ed0530a65d6ab07 3ed0530a65d6ab07
0x000000a4e86f8bd0:   0000024327a40a50 000002431d4d6800
0x000000a4e86f8be0:   000002431dd40778 000000006a17c495
0x000000a4e86f8bf0:   000000a4e86f8c70 00000007c06fec50
0x000000a4e86f8c00:   0000024327a40a50 0000000000000008
0x000000a4e86f8c10:   0000024327a40a50 000002431d4d6800
0x000000a4e86f8c20:   0000000000000000 000000a4e86f8d70
0x000000a4e86f8c30:   000000000000000b 000002431d4d6800
0x000000a4e86f8c40:   0000000000000000 000000006a081149 

Instructions: (pc=0x000000006a2ca2c2)
0x000000006a2ca2a2:   e8 09 85 d9 ff 48 8b cf 48 8b f0 48 8b 44 24 30
0x000000006a2ca2b2:   48 85 c0 74 03 48 8b 08 48 8b d6 e8 1e 74 db ff
0x000000006a2ca2c2:   48 8b 46 08 48 8b 48 08 48 8b 41 18 b9 00 80 00
0x000000006a2ca2d2:   00 66 09 88 12 01 00 00 48 8b 44 24 30 48 85 c0 



---------------  P R O C E S S  ---------------

Threads class SMR info:
_java_thread_list=0x000002431a6b4f70, length=33, elements={
0x0000024374e4e800, 0x000002431995f000, 0x0000024319961000, 0x0000024319959000,
0x000002431995a000, 0x00000243199bc000, 0x00000243199cd000, 0x00000243199db000,
0x00000243199bd000, 0x00000243199ec000, 0x0000024319d53800, 0x0000024319d55000,
0x0000024319ce1000, 0x0000024319cb2800, 0x000002431a38c000, 0x000002431d58e800,
0x000002431d58f000, 0x000002431d58b800, 0x000002431d4d8800, 0x000002431d4db800,
0x000002431d4dc800, 0x000002431d4d6800, 0x0000024326be5000, 0x0000024326be1000,
0x0000024326be8000, 0x0000024326be2800, 0x0000024326be3800, 0x0000024326be5800,
0x0000024326be6800, 0x0000024326be7000, 0x0000024326be8800, 0x0000024326be2000,
0x0000024326be9800
}

Java Threads: ( => current thread )
  0x0000024374e4e800 JavaThread "main" [_thread_blocked, id=19224, stack(0x000000a4e5900000,0x000000a4e5a00000)]
  0x000002431995f000 JavaThread "Reference Handler" daemon [_thread_blocked, id=10280, stack(0x000000a4e6f00000,0x000000a4e7000000)]
  0x0000024319961000 JavaThread "Finalizer" daemon [_thread_blocked, id=17872, stack(0x000000a4e7000000,0x000000a4e7100000)]
  0x0000024319959000 JavaThread "Signal Dispatcher" daemon [_thread_blocked, id=13396, stack(0x000000a4e7100000,0x000000a4e7200000)]
  0x000002431995a000 JavaThread "Attach Listener" daemon [_thread_blocked, id=10088, stack(0x000000a4e7200000,0x000000a4e7300000)]
  0x00000243199bc000 JavaThread "C2 CompilerThread0" daemon [_thread_blocked, id=9744, stack(0x000000a4e7300000,0x000000a4e7400000)]
  0x00000243199cd000 JavaThread "C2 CompilerThread1" daemon [_thread_blocked, id=10528, stack(0x000000a4e7400000,0x000000a4e7500000)]
  0x00000243199db000 JavaThread "C2 CompilerThread2" daemon [_thread_blocked, id=19212, stack(0x000000a4e7500000,0x000000a4e7600000)]
  0x00000243199bd000 JavaThread "C1 CompilerThread3" daemon [_thread_blocked, id=7316, stack(0x000000a4e7600000,0x000000a4e7700000)]
  0x00000243199ec000 JavaThread "Sweeper thread" daemon [_thread_blocked, id=2620, stack(0x000000a4e7700000,0x000000a4e7800000)]
  0x0000024319d53800 JavaThread "JDWP Transport Listener: dt_socket" daemon [_thread_blocked, id=8736, stack(0x000000a4e7800000,0x000000a4e7900000)]
  0x0000024319d55000 JavaThread "JDWP Event Helper Thread" daemon [_thread_blocked, id=3928, stack(0x000000a4e7900000,0x000000a4e7a00000)]
  0x0000024319ce1000 JavaThread "JDWP Command Reader" daemon [_thread_in_native, id=18176, stack(0x000000a4e7a00000,0x000000a4e7b00000)]
  0x0000024319cb2800 JavaThread "Common-Cleaner" daemon [_thread_blocked, id=3560, stack(0x000000a4e7b00000,0x000000a4e7c00000)]
  0x000002431a38c000 JavaThread "Service Thread" daemon [_thread_blocked, id=16688, stack(0x000000a4e7c00000,0x000000a4e7d00000)]
  0x000002431d58e800 JavaThread "Log4j2-TF-3-Scheduled-1" daemon [_thread_blocked, id=16572, stack(0x000000a4e7e00000,0x000000a4e7f00000)]
  0x000002431d58f000 JavaThread "Abandoned connection cleanup thread" daemon [_thread_blocked, id=15816, stack(0x000000a4e7f00000,0x000000a4e8000000)]
  0x000002431d58b800 JavaThread "NioBlockingSelector.BlockPoller-1" daemon [_thread_in_native, id=8732, stack(0x000000a4e8000000,0x000000a4e8100000)]
  0x000002431d4d8800 JavaThread "ContainerBackgroundProcessor[StandardEngine[Tomcat]]" daemon [_thread_blocked, id=11228, stack(0x000000a4e8300000,0x000000a4e8400000)]
  0x000002431d4db800 JavaThread "http-nio-10001-exec-1" daemon [_thread_blocked, id=9872, stack(0x000000a4e8400000,0x000000a4e8500000)]
  0x000002431d4dc800 JavaThread "http-nio-10001-exec-2" daemon [_thread_blocked, id=17228, stack(0x000000a4e8500000,0x000000a4e8600000)]
=>0x000002431d4d6800 JavaThread "http-nio-10001-exec-3" daemon [_thread_in_vm, id=14792, stack(0x000000a4e8600000,0x000000a4e8700000)]
  0x0000024326be5000 JavaThread "http-nio-10001-exec-4" daemon [_thread_blocked, id=640, stack(0x000000a4e8700000,0x000000a4e8800000)]
  0x0000024326be1000 JavaThread "http-nio-10001-exec-5" daemon [_thread_blocked, id=15172, stack(0x000000a4e8800000,0x000000a4e8900000)]
  0x0000024326be8000 JavaThread "http-nio-10001-exec-6" daemon [_thread_blocked, id=10708, stack(0x000000a4e8900000,0x000000a4e8a00000)]
  0x0000024326be2800 JavaThread "http-nio-10001-exec-7" daemon [_thread_blocked, id=13504, stack(0x000000a4e8a00000,0x000000a4e8b00000)]
  0x0000024326be3800 JavaThread "http-nio-10001-exec-8" daemon [_thread_blocked, id=7656, stack(0x000000a4e8b00000,0x000000a4e8c00000)]
  0x0000024326be5800 JavaThread "http-nio-10001-exec-9" daemon [_thread_blocked, id=4160, stack(0x000000a4e8c00000,0x000000a4e8d00000)]
  0x0000024326be6800 JavaThread "http-nio-10001-exec-10" daemon [_thread_blocked, id=2548, stack(0x000000a4e8d00000,0x000000a4e8e00000)]
  0x0000024326be7000 JavaThread "http-nio-10001-ClientPoller-0" daemon [_thread_in_native, id=15040, stack(0x000000a4e8e00000,0x000000a4e8f00000)]
  0x0000024326be8800 JavaThread "http-nio-10001-ClientPoller-1" daemon [_thread_in_native, id=18116, stack(0x000000a4e8f00000,0x000000a4e9000000)]
  0x0000024326be2000 JavaThread "http-nio-10001-Acceptor-0" daemon [_thread_in_native, id=15404, stack(0x000000a4e9000000,0x000000a4e9100000)]
  0x0000024326be9800 JavaThread "http-nio-10001-AsyncTimeout" daemon [_thread_blocked, id=9692, stack(0x000000a4e9100000,0x000000a4e9200000)]

Other Threads:
  0x0000024319949800 VMThread "VM Thread" [stack: 0x000000a4e6e00000,0x000000a4e6f00000] [id=11324]
  0x000002431a327000 WatcherThread [stack: 0x000000a4e7d00000,0x000000a4e7e00000] [id=17920]
  0x0000024374e64800 GCTaskThread "GC Thread#0" [stack: 0x000000a4e5a00000,0x000000a4e5b00000] [id=14252]
  0x0000024374e68000 GCTaskThread "GC Thread#1" [stack: 0x000000a4e5b00000,0x000000a4e5c00000] [id=17840]
  0x0000024374e6b000 GCTaskThread "GC Thread#2" [stack: 0x000000a4e5c00000,0x000000a4e5d00000] [id=16908]
  0x0000024374e6c800 GCTaskThread "GC Thread#3" [stack: 0x000000a4e5d00000,0x000000a4e5e00000] [id=18600]
  0x0000024374e71800 GCTaskThread "GC Thread#4" [stack: 0x000000a4e5e00000,0x000000a4e5f00000] [id=11620]
  0x0000024374e73800 GCTaskThread "GC Thread#5" [stack: 0x000000a4e5f00000,0x000000a4e6000000] [id=8748]
  0x0000024374e79800 GCTaskThread "GC Thread#6" [stack: 0x000000a4e6000000,0x000000a4e6100000] [id=15148]
  0x0000024374e7a800 GCTaskThread "GC Thread#7" [stack: 0x000000a4e6100000,0x000000a4e6200000] [id=9712]
  0x0000024374eba800 ConcurrentGCThread "G1 Main Marker" [stack: 0x000000a4e6200000,0x000000a4e6300000] [id=12040]
  0x0000024374ebb800 ConcurrentGCThread "G1 Conc#0" [stack: 0x000000a4e6300000,0x000000a4e6400000] [id=13456]
  0x0000024374ec3800 ConcurrentGCThread "G1 Conc#1" [stack: 0x000000a4e6400000,0x000000a4e6500000] [id=9256]
  0x0000024316730800 ConcurrentGCThread "G1 Refine#0" [stack: 0x000000a4e6500000,0x000000a4e6600000] [id=10544]
  0x0000024316731000 ConcurrentGCThread "G1 Refine#1" [stack: 0x000000a4e6600000,0x000000a4e6700000] [id=18920]
  0x0000024316732000 ConcurrentGCThread "G1 Refine#2" [stack: 0x000000a4e6700000,0x000000a4e6800000] [id=11132]
  0x0000024316737000 ConcurrentGCThread "G1 Refine#3" [stack: 0x000000a4e6800000,0x000000a4e6900000] [id=6300]
  0x000002431673a000 ConcurrentGCThread "G1 Refine#4" [stack: 0x000000a4e6900000,0x000000a4e6a00000] [id=15204]
  0x000002431673b000 ConcurrentGCThread "G1 Refine#5" [stack: 0x000000a4e6a00000,0x000000a4e6b00000] [id=16440]
  0x000002431673f800 ConcurrentGCThread "G1 Refine#6" [stack: 0x000000a4e6b00000,0x000000a4e6c00000] [id=18552]
  0x0000024316748000 ConcurrentGCThread "G1 Refine#7" [stack: 0x000000a4e6c00000,0x000000a4e6d00000] [id=18900]
  0x0000024316749000 ConcurrentGCThread "G1 Young RemSet Sampling" [stack: 0x000000a4e6d00000,0x000000a4e6e00000] [id=17320]

Threads with active compile tasks:
C1 CompilerThread39336       3       java.util.stream.ReferencePipeline$3::<init> (20 bytes)

VM state:synchronizing (normal execution)

VM Mutex/Monitor currently owned by a thread:  ([mutex/lock_event])
[0x0000024374e4e440] Threads_lock - owner thread: 0x0000024319949800
[0x0000024374e4de10] ResolvedMethodTable_lock - owner thread: 0x000002431d4d6800

Heap address: 0x00000006e1e00000, size: 3554 MB, Compressed Oops mode: Zero based, Oop shift amount: 3
Narrow klass base: 0x0000000000000000, Narrow klass shift: 3
Compressed class space size: 1073741824 Address: 0x00000007c0000000

Heap:
 garbage-first heap   total 275456K, used 87593K [0x00000006e1e00000, 0x00000007c0000000)
  region size 1024K, 51 young (52224K), 19 survivors (19456K)
 Metaspace       used 83859K, capacity 84987K, committed 85376K, reserved 1126400K
  class space    used 8846K, capacity 9218K, committed 9344K, reserved 1048576K
Heap Regions: E=young(eden), S=young(survivor), O=old, HS=humongous(starts), HC=humongous(continues), CS=collection set, F=free, A=archive, TS=gc time stamp, AC=allocation context, TAMS=top-at-mark-start (previous, next)
|   0|0x00000006e1e00000, 0x00000006e1f00000, 0x00000006e1f00000|100%|HS|  |TS  0|AC  0|TAMS 0x00000006e1f00000, 0x00000006e1f00000|
|   1|0x00000006e1f00000, 0x00000006e2000000, 0x00000006e2000000|100%| O|  |TS  0|AC  0|TAMS 0x00000006e2000000, 0x00000006e2000000|
|   2|0x00000006e2000000, 0x00000006e2100000, 0x00000006e2100000|100%| O|  |TS  0|AC  0|TAMS 0x00000006e2100000, 0x00000006e2100000|
|   3|0x00000006e2100000, 0x00000006e2200000, 0x00000006e2200000|100%| O|  |TS  0|AC  0|TAMS 0x00000006e2200000, 0x00000006e2200000|
|   4|0x00000006e2200000, 0x00000006e2300000, 0x00000006e2300000|100%| O|  |TS  0|AC  0|TAMS 0x00000006e2300000, 0x00000006e2300000|
|   5|0x00000006e2300000, 0x00000006e2400000, 0x00000006e2400000|100%| O|  |TS  0|AC  0|TAMS 0x00000006e2400000, 0x00000006e2400000|
|   6|0x00000006e2400000, 0x00000006e2500000, 0x00000006e2500000|100%| O|  |TS  0|AC  0|TAMS 0x00000006e2500000, 0x00000006e2500000|
|   7|0x00000006e2500000, 0x00000006e2600000, 0x00000006e2600000|100%| O|  |TS  0|AC  0|TAMS 0x00000006e2600000, 0x00000006e2600000|
|   8|0x00000006e2600000, 0x00000006e2700000, 0x00000006e2700000|100%| O|  |TS  0|AC  0|TAMS 0x00000006e2700000, 0x00000006e2700000|
|   9|0x00000006e2700000, 0x00000006e2800000, 0x00000006e2800000|100%| O|  |TS  0|AC  0|TAMS 0x00000006e2800000, 0x00000006e2800000|
|  10|0x00000006e2800000, 0x00000006e2900000, 0x00000006e2900000|100%| O|  |TS  0|AC  0|TAMS 0x00000006e2900000, 0x00000006e2900000|
|  11|0x00000006e2900000, 0x00000006e2a00000, 0x00000006e2a00000|100%| O|  |TS  0|AC  0|TAMS 0x00000006e2a00000, 0x00000006e2a00000|
|  12|0x00000006e2a00000, 0x00000006e2b00000, 0x00000006e2b00000|100%| O|  |TS  0|AC  0|TAMS 0x00000006e2b00000, 0x00000006e2b00000|
|  13|0x00000006e2b00000, 0x00000006e2c00000, 0x00000006e2c00000|100%| O|  |TS  0|AC  0|TAMS 0x00000006e2c00000, 0x00000006e2c00000|
|  14|0x00000006e2c00000, 0x00000006e2d00000, 0x00000006e2d00000|100%| O|  |TS  0|AC  0|TAMS 0x00000006e2d00000, 0x00000006e2d00000|
|  15|0x00000006e2d00000, 0x00000006e2e00000, 0x00000006e2e00000|100%| O|  |TS  0|AC  0|TAMS 0x00000006e2e00000, 0x00000006e2e00000|
|  16|0x00000006e2e00000, 0x00000006e2f00000, 0x00000006e2f00000|100%| O|  |TS  0|AC  0|TAMS 0x00000006e2f00000, 0x00000006e2f00000|
|  17|0x00000006e2f00000, 0x00000006e3000000, 0x00000006e3000000|100%| O|  |TS  0|AC  0|TAMS 0x00000006e3000000, 0x00000006e3000000|
|  18|0x00000006e3000000, 0x00000006e3100000, 0x00000006e3100000|100%| O|  |TS  0|AC  0|TAMS 0x00000006e3100000, 0x00000006e3100000|
|  19|0x00000006e3100000, 0x00000006e3200000, 0x00000006e3200000|100%| O|  |TS  0|AC  0|TAMS 0x00000006e3200000, 0x00000006e3200000|
|  20|0x00000006e3200000, 0x00000006e3300000, 0x00000006e3300000|100%| O|  |TS  0|AC  0|TAMS 0x00000006e3300000, 0x00000006e3300000|
|  21|0x00000006e3300000, 0x00000006e3400000, 0x00000006e3400000|100%| O|  |TS  0|AC  0|TAMS 0x00000006e3400000, 0x00000006e3400000|
|  22|0x00000006e3400000, 0x00000006e3500000, 0x00000006e3500000|100%| O|  |TS  0|AC  0|TAMS 0x00000006e3500000, 0x00000006e3500000|
|  23|0x00000006e3500000, 0x00000006e3600000, 0x00000006e3600000|100%| O|  |TS  0|AC  0|TAMS 0x00000006e3600000, 0x00000006e3600000|
|  24|0x00000006e3600000, 0x00000006e3700000, 0x00000006e3700000|100%| O|  |TS  0|AC  0|TAMS 0x00000006e3700000, 0x00000006e3700000|
|  25|0x00000006e3700000, 0x00000006e3800000, 0x00000006e3800000|100%| O|  |TS  0|AC  0|TAMS 0x00000006e3800000, 0x00000006e3800000|
|  26|0x00000006e3800000, 0x00000006e3900000, 0x00000006e3900000|100%| O|  |TS  0|AC  0|TAMS 0x00000006e3900000, 0x00000006e3900000|
|  27|0x00000006e3900000, 0x00000006e3a00000, 0x00000006e3a00000|100%| O|  |TS  0|AC  0|TAMS 0x00000006e3a00000, 0x00000006e3a00000|
|  28|0x00000006e3a00000, 0x00000006e3b00000, 0x00000006e3b00000|100%| O|  |TS  0|AC  0|TAMS 0x00000006e3b00000, 0x00000006e3b00000|
|  29|0x00000006e3b00000, 0x00000006e3c00000, 0x00000006e3c00000|100%| O|  |TS  4|AC  0|TAMS 0x00000006e3bb2200, 0x00000006e3bb2200|
|  30|0x00000006e3c00000, 0x00000006e3d00000, 0x00000006e3d00000|100%| O|  |TS  4|AC  0|TAMS 0x00000006e3c00000, 0x00000006e3c00000|
|  31|0x00000006e3d00000, 0x00000006e3e00000, 0x00000006e3e00000|100%| O|  |TS  4|AC  0|TAMS 0x00000006e3d00000, 0x00000006e3d00000|
|  32|0x00000006e3e00000, 0x00000006e3f00000, 0x00000006e3f00000|100%| O|  |TS  4|AC  0|TAMS 0x00000006e3e00000, 0x00000006e3e00000|
|  33|0x00000006e3f00000, 0x00000006e4000000, 0x00000006e4000000|100%| O|  |TS  4|AC  0|TAMS 0x00000006e3f00000, 0x00000006e3f00000|
|  34|0x00000006e4000000, 0x00000006e4100000, 0x00000006e4100000|100%| O|  |TS  4|AC  0|TAMS 0x00000006e4000000, 0x00000006e4000000|
|  35|0x00000006e4100000, 0x00000006e418a600, 0x00000006e4200000| 54%| O|  |TS  4|AC  0|TAMS 0x00000006e4100000, 0x00000006e4100000|
|  36|0x00000006e4200000, 0x00000006e4200000, 0x00000006e4300000|  0%| F|  |TS  3|AC  0|TAMS 0x00000006e4200000, 0x00000006e4200000|
|  37|0x00000006e4300000, 0x00000006e4300000, 0x00000006e4400000|  0%| F|  |TS  3|AC  0|TAMS 0x00000006e4300000, 0x00000006e4300000|
|  38|0x00000006e4400000, 0x00000006e4400000, 0x00000006e4500000|  0%| F|  |TS  3|AC  0|TAMS 0x00000006e4400000, 0x00000006e4400000|
|  39|0x00000006e4500000, 0x00000006e4500000, 0x00000006e4600000|  0%| F|  |TS  3|AC  0|TAMS 0x00000006e4500000, 0x00000006e4500000|
|  40|0x00000006e4600000, 0x00000006e4600000, 0x00000006e4700000|  0%| F|  |TS  0|AC  0|TAMS 0x00000006e4600000, 0x00000006e4600000|
|  41|0x00000006e4700000, 0x00000006e4700000, 0x00000006e4800000|  0%| F|  |TS  0|AC  0|TAMS 0x00000006e4700000, 0x00000006e4700000|
|  42|0x00000006e4800000, 0x00000006e4800000, 0x00000006e4900000|  0%| F|  |TS  0|AC  0|TAMS 0x00000006e4800000, 0x00000006e4800000|
|  43|0x00000006e4900000, 0x00000006e4900000, 0x00000006e4a00000|  0%| F|  |TS  0|AC  0|TAMS 0x00000006e4900000, 0x00000006e4900000|
|  44|0x00000006e4a00000, 0x00000006e4a00000, 0x00000006e4b00000|  0%| F|  |TS  0|AC  0|TAMS 0x00000006e4a00000, 0x00000006e4a00000|
|  45|0x00000006e4b00000, 0x00000006e4b00000, 0x00000006e4c00000|  0%| F|  |TS  0|AC  0|TAMS 0x00000006e4b00000, 0x00000006e4b00000|
|  46|0x00000006e4c00000, 0x00000006e4c00000, 0x00000006e4d00000|  0%| F|  |TS  0|AC  0|TAMS 0x00000006e4c00000, 0x00000006e4c00000|
|  47|0x00000006e4d00000, 0x00000006e4d00000, 0x00000006e4e00000|  0%| F|  |TS  0|AC  0|TAMS 0x00000006e4d00000, 0x00000006e4d00000|
|  48|0x00000006e4e00000, 0x00000006e4e00000, 0x00000006e4f00000|  0%| F|  |TS  0|AC  0|TAMS 0x00000006e4e00000, 0x00000006e4e00000|
|  49|0x00000006e4f00000, 0x00000006e4f00000, 0x00000006e5000000|  0%| F|  |TS  0|AC  0|TAMS 0x00000006e4f00000, 0x00000006e4f00000|
|  50|0x00000006e5000000, 0x00000006e5000000, 0x00000006e5100000|  0%| F|  |TS  0|AC  0|TAMS 0x00000006e5000000, 0x00000006e5000000|
|  51|0x00000006e5100000, 0x00000006e5100000, 0x00000006e5200000|  0%| F|  |TS  0|AC  0|TAMS 0x00000006e5100000, 0x00000006e5100000|
|  52|0x00000006e5200000, 0x00000006e5200000, 0x00000006e5300000|  0%| F|  |TS  0|AC  0|TAMS 0x00000006e5200000, 0x00000006e5200000|
|  53|0x00000006e5300000, 0x00000006e5300000, 0x00000006e5400000|  0%| F|  |TS  0|AC  0|TAMS 0x00000006e5300000, 0x00000006e5300000|
|  54|0x00000006e5400000, 0x00000006e5400000, 0x00000006e5500000|  0%| F|  |TS  0|AC  0|TAMS 0x00000006e5400000, 0x00000006e5400000|
|  55|0x00000006e5500000, 0x00000006e5500000, 0x00000006e5600000|  0%| F|  |TS  0|AC  0|TAMS 0x00000006e5500000, 0x00000006e5500000|
|  56|0x00000006e5600000, 0x00000006e5600000, 0x00000006e5700000|  0%| F|  |TS  0|AC  0|TAMS 0x00000006e5600000, 0x00000006e5600000|
|  57|0x00000006e5700000, 0x00000006e5700000, 0x00000006e5800000|  0%| F|  |TS  0|AC  0|TAMS 0x00000006e5700000, 0x00000006e5700000|
|  58|0x00000006e5800000, 0x00000006e5800000, 0x00000006e5900000|  0%| F|  |TS  0|AC  0|TAMS 0x00000006e5800000, 0x00000006e5800000|
|  59|0x00000006e5900000, 0x00000006e5900000, 0x00000006e5a00000|  0%| F|  |TS  0|AC  0|TAMS 0x00000006e5900000, 0x00000006e5900000|
|  60|0x00000006e5a00000, 0x00000006e5a00000, 0x00000006e5b00000|  0%| F|  |TS  0|AC  0|TAMS 0x00000006e5a00000, 0x00000006e5a00000|
|  61|0x00000006e5b00000, 0x00000006e5b00000, 0x00000006e5c00000|  0%| F|  |TS  0|AC  0|TAMS 0x00000006e5b00000, 0x00000006e5b00000|
|  62|0x00000006e5c00000, 0x00000006e5c00000, 0x00000006e5d00000|  0%| F|  |TS  0|AC  0|TAMS 0x00000006e5c00000, 0x00000006e5c00000|
|  63|0x00000006e5d00000, 0x00000006e5d00000, 0x00000006e5e00000|  0%| F|  |TS  0|AC  0|TAMS 0x00000006e5d00000, 0x00000006e5d00000|
|  64|0x00000006e5e00000, 0x00000006e5e00000, 0x00000006e5f00000|  0%| F|  |TS  0|AC  0|TAMS 0x00000006e5e00000, 0x00000006e5e00000|
|  65|0x00000006e5f00000, 0x00000006e5f00000, 0x00000006e6000000|  0%| F|  |TS  0|AC  0|TAMS 0x00000006e5f00000, 0x00000006e5f00000|
|  66|0x00000006e6000000, 0x00000006e6000000, 0x00000006e6100000|  0%| F|  |TS  0|AC  0|TAMS 0x00000006e6000000, 0x00000006e6000000|
|  67|0x00000006e6100000, 0x00000006e6100000, 0x00000006e6200000|  0%| F|  |TS  0|AC  0|TAMS 0x00000006e6100000, 0x00000006e6100000|
|  68|0x00000006e6200000, 0x00000006e6200000, 0x00000006e6300000|  0%| F|  |TS  0|AC  0|TAMS 0x00000006e6200000, 0x00000006e6200000|
|  69|0x00000006e6300000, 0x00000006e6300000, 0x00000006e6400000|  0%| F|  |TS  0|AC  0|TAMS 0x00000006e6300000, 0x00000006e6300000|
|  70|0x00000006e6400000, 0x00000006e6400000, 0x00000006e6500000|  0%| F|  |TS  0|AC  0|TAMS 0x00000006e6400000, 0x00000006e6400000|
|  71|0x00000006e6500000, 0x00000006e6500000, 0x00000006e6600000|  0%| F|  |TS  0|AC  0|TAMS 0x00000006e6500000, 0x00000006e6500000|
|  72|0x00000006e6600000, 0x00000006e6600000, 0x00000006e6700000|  0%| F|  |TS  0|AC  0|TAMS 0x00000006e6600000, 0x00000006e6600000|
|  73|0x00000006e6700000, 0x00000006e6700000, 0x00000006e6800000|  0%| F|  |TS  0|AC  0|TAMS 0x00000006e6700000, 0x00000006e6700000|
|  74|0x00000006e6800000, 0x00000006e6800000, 0x00000006e6900000|  0%| F|  |TS  0|AC  0|TAMS 0x00000006e6800000, 0x00000006e6800000|
|  75|0x00000006e6900000, 0x00000006e6900000, 0x00000006e6a00000|  0%| F|  |TS  0|AC  0|TAMS 0x00000006e6900000, 0x00000006e6900000|
|  76|0x00000006e6a00000, 0x00000006e6a00000, 0x00000006e6b00000|  0%| F|  |TS  0|AC  0|TAMS 0x00000006e6a00000, 0x00000006e6a00000|
|  77|0x00000006e6b00000, 0x00000006e6b00000, 0x00000006e6c00000|  0%| F|  |TS  0|AC  0|TAMS 0x00000006e6b00000, 0x00000006e6b00000|
|  78|0x00000006e6c00000, 0x00000006e6c00000, 0x00000006e6d00000|  0%| F|  |TS  0|AC  0|TAMS 0x00000006e6c00000, 0x00000006e6c00000|
|  79|0x00000006e6d00000, 0x00000006e6d00000, 0x00000006e6e00000|  0%| F|  |TS  0|AC  0|TAMS 0x00000006e6d00000, 0x00000006e6d00000|
|  80|0x00000006e6e00000, 0x00000006e6e00000, 0x00000006e6f00000|  0%| F|  |TS  0|AC  0|TAMS 0x00000006e6e00000, 0x00000006e6e00000|
|  81|0x00000006e6f00000, 0x00000006e6f00000, 0x00000006e7000000|  0%| F|  |TS  0|AC  0|TAMS 0x00000006e6f00000, 0x00000006e6f00000|
|  82|0x00000006e7000000, 0x00000006e7000000, 0x00000006e7100000|  0%| F|  |TS  0|AC  0|TAMS 0x00000006e7000000, 0x00000006e7000000|
|  83|0x00000006e7100000, 0x00000006e7100000, 0x00000006e7200000|  0%| F|  |TS  0|AC  0|TAMS 0x00000006e7100000, 0x00000006e7100000|
|  84|0x00000006e7200000, 0x00000006e7200000, 0x00000006e7300000|  0%| F|  |TS  0|AC  0|TAMS 0x00000006e7200000, 0x00000006e7200000|
|  85|0x00000006e7300000, 0x00000006e7300000, 0x00000006e7400000|  0%| F|  |TS  0|AC  0|TAMS 0x00000006e7300000, 0x00000006e7300000|
|  86|0x00000006e7400000, 0x00000006e7400000, 0x00000006e7500000|  0%| F|  |TS  0|AC  0|TAMS 0x00000006e7400000, 0x00000006e7400000|
|  87|0x00000006e7500000, 0x00000006e7500000, 0x00000006e7600000|  0%| F|  |TS  0|AC  0|TAMS 0x00000006e7500000, 0x00000006e7500000|
|  88|0x00000006e7600000, 0x00000006e7600000, 0x00000006e7700000|  0%| F|  |TS  0|AC  0|TAMS 0x00000006e7600000, 0x00000006e7600000|
|  89|0x00000006e7700000, 0x00000006e7800000, 0x00000006e7800000|100%| S|CS|TS  4|AC  0|TAMS 0x00000006e7700000, 0x00000006e7700000|
|  90|0x00000006e7800000, 0x00000006e7900000, 0x00000006e7900000|100%| S|CS|TS  4|AC  0|TAMS 0x00000006e7800000, 0x00000006e7800000|
|  91|0x00000006e7900000, 0x00000006e7a00000, 0x00000006e7a00000|100%| S|CS|TS  4|AC  0|TAMS 0x00000006e7900000, 0x00000006e7900000|
|  92|0x00000006e7a00000, 0x00000006e7b00000, 0x00000006e7b00000|100%| S|CS|TS  4|AC  0|TAMS 0x00000006e7a00000, 0x00000006e7a00000|
|  93|0x00000006e7b00000, 0x00000006e7b00000, 0x00000006e7c00000|  0%| F|  |TS  4|AC  0|TAMS 0x00000006e7b00000, 0x00000006e7b00000|
|  94|0x00000006e7c00000, 0x00000006e7c00000, 0x00000006e7d00000|  0%| F|  |TS  4|AC  0|TAMS 0x00000006e7c00000, 0x00000006e7c00000|
|  95|0x00000006e7d00000, 0x00000006e7d00000, 0x00000006e7e00000|  0%| F|  |TS  4|AC  0|TAMS 0x00000006e7d00000, 0x00000006e7d00000|
|  96|0x00000006e7e00000, 0x00000006e7e00000, 0x00000006e7f00000|  0%| F|  |TS  4|AC  0|TAMS 0x00000006e7e00000, 0x00000006e7e00000|
|  97|0x00000006e7f00000, 0x00000006e8000000, 0x00000006e8000000|100%| S|CS|TS  4|AC  0|TAMS 0x00000006e7f00000, 0x00000006e7f00000|
|  98|0x00000006e8000000, 0x00000006e8100000, 0x00000006e8100000|100%| S|CS|TS  4|AC  0|TAMS 0x00000006e8000000, 0x00000006e8000000|
|  99|0x00000006e8100000, 0x00000006e8200000, 0x00000006e8200000|100%| S|CS|TS  4|AC  0|TAMS 0x00000006e8100000, 0x00000006e8100000|
| 100|0x00000006e8200000, 0x00000006e8300000, 0x00000006e8300000|100%| S|CS|TS  4|AC  0|TAMS 0x00000006e8200000, 0x00000006e8200000|
| 101|0x00000006e8300000, 0x00000006e8300000, 0x00000006e8400000|  0%| F|  |TS  4|AC  0|TAMS 0x00000006e8300000, 0x00000006e8300000|
| 102|0x00000006e8400000, 0x00000006e8400000, 0x00000006e8500000|  0%| F|  |TS  4|AC  0|TAMS 0x00000006e8400000, 0x00000006e8400000|
| 103|0x00000006e8500000, 0x00000006e8500000, 0x00000006e8600000|  0%| F|  |TS  4|AC  0|TAMS 0x00000006e8500000, 0x00000006e8500000|
| 104|0x00000006e8600000, 0x00000006e8600000, 0x00000006e8700000|  0%| F|  |TS  4|AC  0|TAMS 0x00000006e8600000, 0x00000006e8600000|
| 105|0x00000006e8700000, 0x00000006e8700000, 0x00000006e8800000|  0%| F|  |TS  4|AC  0|TAMS 0x00000006e8700000, 0x00000006e8700000|
| 106|0x00000006e8800000, 0x00000006e8800000, 0x00000006e8900000|  0%| F|  |TS  4|AC  0|TAMS 0x00000006e8800000, 0x00000006e8800000|
| 107|0x00000006e8900000, 0x00000006e8900000, 0x00000006e8a00000|  0%| F|  |TS  4|AC  0|TAMS 0x00000006e8900000, 0x00000006e8900000|
| 108|0x00000006e8a00000, 0x00000006e8b00000, 0x00000006e8b00000|100%| S|CS|TS  4|AC  0|TAMS 0x00000006e8a00000, 0x00000006e8a00000|
| 109|0x00000006e8b00000, 0x00000006e8c00000, 0x00000006e8c00000|100%| S|CS|TS  4|AC  0|TAMS 0x00000006e8b00000, 0x00000006e8b00000|
| 110|0x00000006e8c00000, 0x00000006e8d00000, 0x00000006e8d00000|100%| S|CS|TS  4|AC  0|TAMS 0x00000006e8c00000, 0x00000006e8c00000|
| 111|0x00000006e8d00000, 0x00000006e8e00000, 0x00000006e8e00000|100%| S|CS|TS  4|AC  0|TAMS 0x00000006e8d00000, 0x00000006e8d00000|
| 112|0x00000006e8e00000, 0x00000006e8f00000, 0x00000006e8f00000|100%| S|CS|TS  4|AC  0|TAMS 0x00000006e8e00000, 0x00000006e8e00000|
| 113|0x00000006e8f00000, 0x00000006e9000000, 0x00000006e9000000|100%| S|CS|TS  4|AC  0|TAMS 0x00000006e8f00000, 0x00000006e8f00000|
| 114|0x00000006e9000000, 0x00000006e9100000, 0x00000006e9100000|100%| S|CS|TS  4|AC  0|TAMS 0x00000006e9000000, 0x00000006e9000000|
| 115|0x00000006e9100000, 0x00000006e9100000, 0x00000006e9200000|  0%| F|  |TS  4|AC  0|TAMS 0x00000006e9100000, 0x00000006e9100000|
| 116|0x00000006e9200000, 0x00000006e9200000, 0x00000006e9300000|  0%| F|  |TS  4|AC  0|TAMS 0x00000006e9200000, 0x00000006e9200000|
| 117|0x00000006e9300000, 0x00000006e9300000, 0x00000006e9400000|  0%| F|  |TS  4|AC  0|TAMS 0x00000006e9300000, 0x00000006e9300000|
| 118|0x00000006e9400000, 0x00000006e9400000, 0x00000006e9500000|  0%| F|  |TS  4|AC  0|TAMS 0x00000006e9400000, 0x00000006e9400000|
| 119|0x00000006e9500000, 0x00000006e9600000, 0x00000006e9600000|100%| S|CS|TS  4|AC  0|TAMS 0x00000006e9500000, 0x00000006e9500000|
| 120|0x00000006e9600000, 0x00000006e9700000, 0x00000006e9700000|100%| S|CS|TS  4|AC  0|TAMS 0x00000006e9600000, 0x00000006e9600000|
| 121|0x00000006e9700000, 0x00000006e9800000, 0x00000006e9800000|100%| S|CS|TS  4|AC  0|TAMS 0x00000006e9700000, 0x00000006e9700000|
| 122|0x00000006e9800000, 0x00000006e9900000, 0x00000006e9900000|100%| S|CS|TS  4|AC  0|TAMS 0x00000006e9800000, 0x00000006e9800000|
| 123|0x00000006e9900000, 0x00000006e9900000, 0x00000006e9a00000|  0%| F|  |TS  4|AC  0|TAMS 0x00000006e9900000, 0x00000006e9900000|
| 124|0x00000006e9a00000, 0x00000006e9a00000, 0x00000006e9b00000|  0%| F|  |TS  4|AC  0|TAMS 0x00000006e9a00000, 0x00000006e9a00000|
| 125|0x00000006e9b00000, 0x00000006e9b00000, 0x00000006e9c00000|  0%| F|  |TS  4|AC  0|TAMS 0x00000006e9b00000, 0x00000006e9b00000|
| 126|0x00000006e9c00000, 0x00000006e9c00000, 0x00000006e9d00000|  0%| F|  |TS  4|AC  0|TAMS 0x00000006e9c00000, 0x00000006e9c00000|
| 127|0x00000006e9d00000, 0x00000006e9d00000, 0x00000006e9e00000|  0%| F|  |TS  4|AC  0|TAMS 0x00000006e9d00000, 0x00000006e9d00000|
| 128|0x00000006e9e00000, 0x00000006e9e00000, 0x00000006e9f00000|  0%| F|  |TS  4|AC  0|TAMS 0x00000006e9e00000, 0x00000006e9e00000|
| 129|0x00000006e9f00000, 0x00000006e9f00000, 0x00000006ea000000|  0%| F|  |TS  4|AC  0|TAMS 0x00000006e9f00000, 0x00000006e9f00000|
| 130|0x00000006ea000000, 0x00000006ea000000, 0x00000006ea100000|  0%| F|  |TS  4|AC  0|TAMS 0x00000006ea000000, 0x00000006ea000000|
| 131|0x00000006ea100000, 0x00000006ea100000, 0x00000006ea200000|  0%| F|  |TS  4|AC  0|TAMS 0x00000006ea100000, 0x00000006ea100000|
| 132|0x00000006ea200000, 0x00000006ea200000, 0x00000006ea300000|  0%| F|  |TS  4|AC  0|TAMS 0x00000006ea200000, 0x00000006ea200000|
| 133|0x00000006ea300000, 0x00000006ea300000, 0x00000006ea400000|  0%| F|  |TS  4|AC  0|TAMS 0x00000006ea300000, 0x00000006ea300000|
| 134|0x00000006ea400000, 0x00000006ea400000, 0x00000006ea500000|  0%| F|  |TS  4|AC  0|TAMS 0x00000006ea400000, 0x00000006ea400000|
| 135|0x00000006ea500000, 0x00000006ea500000, 0x00000006ea600000|  0%| F|  |TS  4|AC  0|TAMS 0x00000006ea500000, 0x00000006ea500000|
| 136|0x00000006ea600000, 0x00000006ea600000, 0x00000006ea700000|  0%| F|  |TS  4|AC  0|TAMS 0x00000006ea600000, 0x00000006ea600000|
| 137|0x00000006ea700000, 0x00000006ea700000, 0x00000006ea800000|  0%| F|  |TS  4|AC  0|TAMS 0x00000006ea700000, 0x00000006ea700000|
| 138|0x00000006ea800000, 0x00000006ea800000, 0x00000006ea900000|  0%| F|  |TS  4|AC  0|TAMS 0x00000006ea800000, 0x00000006ea800000|
| 139|0x00000006ea900000, 0x00000006ea900000, 0x00000006eaa00000|  0%| F|  |TS  4|AC  0|TAMS 0x00000006ea900000, 0x00000006ea900000|
| 140|0x00000006eaa00000, 0x00000006eaa00000, 0x00000006eab00000|  0%| F|  |TS  4|AC  0|TAMS 0x00000006eaa00000, 0x00000006eaa00000|
| 141|0x00000006eab00000, 0x00000006eab00000, 0x00000006eac00000|  0%| F|  |TS  4|AC  0|TAMS 0x00000006eab00000, 0x00000006eab00000|
| 142|0x00000006eac00000, 0x00000006eac00000, 0x00000006ead00000|  0%| F|  |TS  4|AC  0|TAMS 0x00000006eac00000, 0x00000006eac00000|
| 143|0x00000006ead00000, 0x00000006ead00000, 0x00000006eae00000|  0%| F|  |TS  4|AC  0|TAMS 0x00000006ead00000, 0x00000006ead00000|
| 144|0x00000006eae00000, 0x00000006eae00000, 0x00000006eaf00000|  0%| F|  |TS  4|AC  0|TAMS 0x00000006eae00000, 0x00000006eae00000|
| 145|0x00000006eaf00000, 0x00000006eaf00000, 0x00000006eb000000|  0%| F|  |TS  4|AC  0|TAMS 0x00000006eaf00000, 0x00000006eaf00000|
| 146|0x00000006eb000000, 0x00000006eb000000, 0x00000006eb100000|  0%| F|  |TS  4|AC  0|TAMS 0x00000006eb000000, 0x00000006eb000000|
| 147|0x00000006eb100000, 0x00000006eb100000, 0x00000006eb200000|  0%| F|  |TS  4|AC  0|TAMS 0x00000006eb100000, 0x00000006eb100000|
| 148|0x00000006eb200000, 0x00000006eb200000, 0x00000006eb300000|  0%| F|  |TS  4|AC  0|TAMS 0x00000006eb200000, 0x00000006eb200000|
| 149|0x00000006eb300000, 0x00000006eb300000, 0x00000006eb400000|  0%| F|  |TS  4|AC  0|TAMS 0x00000006eb300000, 0x00000006eb300000|
| 150|0x00000006eb400000, 0x00000006eb400000, 0x00000006eb500000|  0%| F|  |TS  4|AC  0|TAMS 0x00000006eb400000, 0x00000006eb400000|
| 151|0x00000006eb500000, 0x00000006eb500000, 0x00000006eb600000|  0%| F|  |TS  4|AC  0|TAMS 0x00000006eb500000, 0x00000006eb500000|
| 152|0x00000006eb600000, 0x00000006eb600000, 0x00000006eb700000|  0%| F|  |TS  4|AC  0|TAMS 0x00000006eb600000, 0x00000006eb600000|
| 153|0x00000006eb700000, 0x00000006eb700000, 0x00000006eb800000|  0%| F|  |TS  4|AC  0|TAMS 0x00000006eb700000, 0x00000006eb700000|
| 154|0x00000006eb800000, 0x00000006eb800000, 0x00000006eb900000|  0%| F|  |TS  4|AC  0|TAMS 0x00000006eb800000, 0x00000006eb800000|
| 155|0x00000006eb900000, 0x00000006eb900000, 0x00000006eba00000|  0%| F|  |TS  4|AC  0|TAMS 0x00000006eb900000, 0x00000006eb900000|
| 156|0x00000006eba00000, 0x00000006eba00000, 0x00000006ebb00000|  0%| F|  |TS  4|AC  0|TAMS 0x00000006eba00000, 0x00000006eba00000|
| 157|0x00000006ebb00000, 0x00000006ebb00000, 0x00000006ebc00000|  0%| F|  |TS  4|AC  0|TAMS 0x00000006ebb00000, 0x00000006ebb00000|
| 158|0x00000006ebc00000, 0x00000006ebc00000, 0x00000006ebd00000|  0%| F|  |TS  4|AC  0|TAMS 0x00000006ebc00000, 0x00000006ebc00000|
| 159|0x00000006ebd00000, 0x00000006ebd00000, 0x00000006ebe00000|  0%| F|  |TS  4|AC  0|TAMS 0x00000006ebd00000, 0x00000006ebd00000|
| 160|0x00000006ebe00000, 0x00000006ebe00000, 0x00000006ebf00000|  0%| F|  |TS  4|AC  0|TAMS 0x00000006ebe00000, 0x00000006ebe00000|
| 161|0x00000006ebf00000, 0x00000006ebf00000, 0x00000006ec000000|  0%| F|  |TS  4|AC  0|TAMS 0x00000006ebf00000, 0x00000006ebf00000|
| 162|0x00000006ec000000, 0x00000006ec000000, 0x00000006ec100000|  0%| F|  |TS  4|AC  0|TAMS 0x00000006ec000000, 0x00000006ec000000|
| 163|0x00000006ec100000, 0x00000006ec100000, 0x00000006ec200000|  0%| F|  |TS  4|AC  0|TAMS 0x00000006ec100000, 0x00000006ec100000|
| 164|0x00000006ec200000, 0x00000006ec200000, 0x00000006ec300000|  0%| F|  |TS  4|AC  0|TAMS 0x00000006ec200000, 0x00000006ec200000|
| 165|0x00000006ec300000, 0x00000006ec300000, 0x00000006ec400000|  0%| F|  |TS  4|AC  0|TAMS 0x00000006ec300000, 0x00000006ec300000|
| 166|0x00000006ec400000, 0x00000006ec400000, 0x00000006ec500000|  0%| F|  |TS  4|AC  0|TAMS 0x00000006ec400000, 0x00000006ec400000|
| 167|0x00000006ec500000, 0x00000006ec500000, 0x00000006ec600000|  0%| F|  |TS  4|AC  0|TAMS 0x00000006ec500000, 0x00000006ec500000|
| 168|0x00000006ec600000, 0x00000006ec600000, 0x00000006ec700000|  0%| F|  |TS  4|AC  0|TAMS 0x00000006ec600000, 0x00000006ec600000|
| 169|0x00000006ec700000, 0x00000006ec700000, 0x00000006ec800000|  0%| F|  |TS  4|AC  0|TAMS 0x00000006ec700000, 0x00000006ec700000|
| 170|0x00000006ec800000, 0x00000006ec800000, 0x00000006ec900000|  0%| F|  |TS  4|AC  0|TAMS 0x00000006ec800000, 0x00000006ec800000|
| 171|0x00000006ec900000, 0x00000006ec900000, 0x00000006eca00000|  0%| F|  |TS  4|AC  0|TAMS 0x00000006ec900000, 0x00000006ec900000|
| 172|0x00000006eca00000, 0x00000006eca00000, 0x00000006ecb00000|  0%| F|  |TS  4|AC  0|TAMS 0x00000006eca00000, 0x00000006eca00000|
| 173|0x00000006ecb00000, 0x00000006ecb00000, 0x00000006ecc00000|  0%| F|  |TS  4|AC  0|TAMS 0x00000006ecb00000, 0x00000006ecb00000|
| 174|0x00000006ecc00000, 0x00000006ecc00000, 0x00000006ecd00000|  0%| F|  |TS  4|AC  0|TAMS 0x00000006ecc00000, 0x00000006ecc00000|
| 175|0x00000006ecd00000, 0x00000006ecd00000, 0x00000006ece00000|  0%| F|  |TS  4|AC  0|TAMS 0x00000006ecd00000, 0x00000006ecd00000|
| 176|0x00000006ece00000, 0x00000006ece00000, 0x00000006ecf00000|  0%| F|  |TS  4|AC  0|TAMS 0x00000006ece00000, 0x00000006ece00000|
| 177|0x00000006ecf00000, 0x00000006ecf00000, 0x00000006ed000000|  0%| F|  |TS  4|AC  0|TAMS 0x00000006ecf00000, 0x00000006ecf00000|
| 178|0x00000006ed000000, 0x00000006ed000000, 0x00000006ed100000|  0%| F|  |TS  4|AC  0|TAMS 0x00000006ed000000, 0x00000006ed000000|
| 179|0x00000006ed100000, 0x00000006ed100000, 0x00000006ed200000|  0%| F|  |TS  4|AC  0|TAMS 0x00000006ed100000, 0x00000006ed100000|
| 180|0x00000006ed200000, 0x00000006ed200000, 0x00000006ed300000|  0%| F|  |TS  4|AC  0|TAMS 0x00000006ed200000, 0x00000006ed200000|
| 181|0x00000006ed300000, 0x00000006ed300000, 0x00000006ed400000|  0%| F|  |TS  4|AC  0|TAMS 0x00000006ed300000, 0x00000006ed300000|
| 182|0x00000006ed400000, 0x00000006ed400000, 0x00000006ed500000|  0%| F|  |TS  4|AC  0|TAMS 0x00000006ed400000, 0x00000006ed400000|
| 183|0x00000006ed500000, 0x00000006ed500000, 0x00000006ed600000|  0%| F|  |TS  4|AC  0|TAMS 0x00000006ed500000, 0x00000006ed500000|
| 184|0x00000006ed600000, 0x00000006ed600000, 0x00000006ed700000|  0%| F|  |TS  4|AC  0|TAMS 0x00000006ed600000, 0x00000006ed600000|
| 185|0x00000006ed700000, 0x00000006ed700000, 0x00000006ed800000|  0%| F|  |TS  4|AC  0|TAMS 0x00000006ed700000, 0x00000006ed700000|
| 186|0x00000006ed800000, 0x00000006ed800000, 0x00000006ed900000|  0%| F|  |TS  4|AC  0|TAMS 0x00000006ed800000, 0x00000006ed800000|
| 187|0x00000006ed900000, 0x00000006ed900000, 0x00000006eda00000|  0%| F|  |TS  4|AC  0|TAMS 0x00000006ed900000, 0x00000006ed900000|
| 188|0x00000006eda00000, 0x00000006eda00000, 0x00000006edb00000|  0%| F|  |TS  4|AC  0|TAMS 0x00000006eda00000, 0x00000006eda00000|
| 189|0x00000006edb00000, 0x00000006edb00000, 0x00000006edc00000|  0%| F|  |TS  4|AC  0|TAMS 0x00000006edb00000, 0x00000006edb00000|
| 190|0x00000006edc00000, 0x00000006edc00000, 0x00000006edd00000|  0%| F|  |TS  4|AC  0|TAMS 0x00000006edc00000, 0x00000006edc00000|
| 191|0x00000006edd00000, 0x00000006edd00000, 0x00000006ede00000|  0%| F|  |TS  4|AC  0|TAMS 0x00000006edd00000, 0x00000006edd00000|
| 192|0x00000006ede00000, 0x00000006ede00000, 0x00000006edf00000|  0%| F|  |TS  4|AC  0|TAMS 0x00000006ede00000, 0x00000006ede00000|
| 193|0x00000006edf00000, 0x00000006edf00000, 0x00000006ee000000|  0%| F|  |TS  4|AC  0|TAMS 0x00000006edf00000, 0x00000006edf00000|
| 194|0x00000006ee000000, 0x00000006ee000000, 0x00000006ee100000|  0%| F|  |TS  4|AC  0|TAMS 0x00000006ee000000, 0x00000006ee000000|
| 195|0x00000006ee100000, 0x00000006ee100000, 0x00000006ee200000|  0%| F|  |TS  4|AC  0|TAMS 0x00000006ee100000, 0x00000006ee100000|
| 196|0x00000006ee200000, 0x00000006ee200000, 0x00000006ee300000|  0%| F|  |TS  4|AC  0|TAMS 0x00000006ee200000, 0x00000006ee200000|
| 197|0x00000006ee300000, 0x00000006ee300000, 0x00000006ee400000|  0%| F|  |TS  4|AC  0|TAMS 0x00000006ee300000, 0x00000006ee300000|
| 198|0x00000006ee400000, 0x00000006ee400000, 0x00000006ee500000|  0%| F|  |TS  4|AC  0|TAMS 0x00000006ee400000, 0x00000006ee400000|
| 199|0x00000006ee500000, 0x00000006ee500000, 0x00000006ee600000|  0%| F|  |TS  4|AC  0|TAMS 0x00000006ee500000, 0x00000006ee500000|
| 200|0x00000006ee600000, 0x00000006ee600000, 0x00000006ee700000|  0%| F|  |TS  4|AC  0|TAMS 0x00000006ee600000, 0x00000006ee600000|
| 201|0x00000006ee700000, 0x00000006ee700000, 0x00000006ee800000|  0%| F|  |TS  4|AC  0|TAMS 0x00000006ee700000, 0x00000006ee700000|
| 202|0x00000006ee800000, 0x00000006ee800000, 0x00000006ee900000|  0%| F|  |TS  4|AC  0|TAMS 0x00000006ee800000, 0x00000006ee800000|
| 203|0x00000006ee900000, 0x00000006ee900000, 0x00000006eea00000|  0%| F|  |TS  4|AC  0|TAMS 0x00000006ee900000, 0x00000006ee900000|
| 204|0x00000006eea00000, 0x00000006eea00000, 0x00000006eeb00000|  0%| F|  |TS  4|AC  0|TAMS 0x00000006eea00000, 0x00000006eea00000|
| 205|0x00000006eeb00000, 0x00000006eeb00000, 0x00000006eec00000|  0%| F|  |TS  4|AC  0|TAMS 0x00000006eeb00000, 0x00000006eeb00000|
| 206|0x00000006eec00000, 0x00000006eec00000, 0x00000006eed00000|  0%| F|  |TS  4|AC  0|TAMS 0x00000006eec00000, 0x00000006eec00000|
| 207|0x00000006eed00000, 0x00000006eed00000, 0x00000006eee00000|  0%| F|  |TS  4|AC  0|TAMS 0x00000006eed00000, 0x00000006eed00000|
| 208|0x00000006eee00000, 0x00000006eee00000, 0x00000006eef00000|  0%| F|  |TS  4|AC  0|TAMS 0x00000006eee00000, 0x00000006eee00000|
| 209|0x00000006eef00000, 0x00000006eef00000, 0x00000006ef000000|  0%| F|  |TS  4|AC  0|TAMS 0x00000006eef00000, 0x00000006eef00000|
| 210|0x00000006ef000000, 0x00000006ef000000, 0x00000006ef100000|  0%| F|  |TS  4|AC  0|TAMS 0x00000006ef000000, 0x00000006ef000000|
| 211|0x00000006ef100000, 0x00000006ef100000, 0x00000006ef200000|  0%| F|  |TS  4|AC  0|TAMS 0x00000006ef100000, 0x00000006ef100000|
| 212|0x00000006ef200000, 0x00000006ef200000, 0x00000006ef300000|  0%| F|  |TS  4|AC  0|TAMS 0x00000006ef200000, 0x00000006ef200000|
| 213|0x00000006ef300000, 0x00000006ef300000, 0x00000006ef400000|  0%| F|  |TS  4|AC  0|TAMS 0x00000006ef300000, 0x00000006ef300000|
| 214|0x00000006ef400000, 0x00000006ef400000, 0x00000006ef500000|  0%| F|  |TS  4|AC  0|TAMS 0x00000006ef400000, 0x00000006ef400000|
| 215|0x00000006ef500000, 0x00000006ef500000, 0x00000006ef600000|  0%| F|  |TS  4|AC  0|TAMS 0x00000006ef500000, 0x00000006ef500000|
| 216|0x00000006ef600000, 0x00000006ef600000, 0x00000006ef700000|  0%| F|  |TS  4|AC  0|TAMS 0x00000006ef600000, 0x00000006ef600000|
| 217|0x00000006ef700000, 0x00000006ef700000, 0x00000006ef800000|  0%| F|  |TS  4|AC  0|TAMS 0x00000006ef700000, 0x00000006ef700000|
| 218|0x00000006ef800000, 0x00000006ef800000, 0x00000006ef900000|  0%| F|  |TS  4|AC  0|TAMS 0x00000006ef800000, 0x00000006ef800000|
| 219|0x00000006ef900000, 0x00000006ef900000, 0x00000006efa00000|  0%| F|  |TS  4|AC  0|TAMS 0x00000006ef900000, 0x00000006ef900000|
| 220|0x00000006efa00000, 0x00000006efa00000, 0x00000006efb00000|  0%| F|  |TS  4|AC  0|TAMS 0x00000006efa00000, 0x00000006efa00000|
| 221|0x00000006efb00000, 0x00000006efb00000, 0x00000006efc00000|  0%| F|  |TS  4|AC  0|TAMS 0x00000006efb00000, 0x00000006efb00000|
| 222|0x00000006efc00000, 0x00000006efc00000, 0x00000006efd00000|  0%| F|  |TS  4|AC  0|TAMS 0x00000006efc00000, 0x00000006efc00000|
| 223|0x00000006efd00000, 0x00000006efd00000, 0x00000006efe00000|  0%| F|  |TS  4|AC  0|TAMS 0x00000006efd00000, 0x00000006efd00000|
| 224|0x00000006efe00000, 0x00000006efe00000, 0x00000006eff00000|  0%| F|  |TS  4|AC  0|TAMS 0x00000006efe00000, 0x00000006efe00000|
| 225|0x00000006eff00000, 0x00000006eff00000, 0x00000006f0000000|  0%| F|  |TS  4|AC  0|TAMS 0x00000006eff00000, 0x00000006eff00000|
| 226|0x00000006f0000000, 0x00000006f0000000, 0x00000006f0100000|  0%| F|  |TS  4|AC  0|TAMS 0x00000006f0000000, 0x00000006f0000000|
| 227|0x00000006f0100000, 0x00000006f0100000, 0x00000006f0200000|  0%| F|  |TS  4|AC  0|TAMS 0x00000006f0100000, 0x00000006f0100000|
| 228|0x00000006f0200000, 0x00000006f0200000, 0x00000006f0300000|  0%| F|  |TS  4|AC  0|TAMS 0x00000006f0200000, 0x00000006f0200000|
| 229|0x00000006f0300000, 0x00000006f0300000, 0x00000006f0400000|  0%| F|  |TS  4|AC  0|TAMS 0x00000006f0300000, 0x00000006f0300000|
| 230|0x00000006f0400000, 0x00000006f0400000, 0x00000006f0500000|  0%| F|  |TS  4|AC  0|TAMS 0x00000006f0400000, 0x00000006f0400000|
| 231|0x00000006f0500000, 0x00000006f0500000, 0x00000006f0600000|  0%| F|  |TS  4|AC  0|TAMS 0x00000006f0500000, 0x00000006f0500000|
| 232|0x00000006f0600000, 0x00000006f0600000, 0x00000006f0700000|  0%| F|  |TS  4|AC  0|TAMS 0x00000006f0600000, 0x00000006f0600000|
| 233|0x00000006f0700000, 0x00000006f0700000, 0x00000006f0800000|  0%| F|  |TS  4|AC  0|TAMS 0x00000006f0700000, 0x00000006f0700000|
| 234|0x00000006f0800000, 0x00000006f0800000, 0x00000006f0900000|  0%| F|  |TS  4|AC  0|TAMS 0x00000006f0800000, 0x00000006f0800000|
| 235|0x00000006f0900000, 0x00000006f0900000, 0x00000006f0a00000|  0%| F|  |TS  4|AC  0|TAMS 0x00000006f0900000, 0x00000006f0900000|
| 236|0x00000006f0a00000, 0x00000006f0a00000, 0x00000006f0b00000|  0%| F|  |TS  4|AC  0|TAMS 0x00000006f0a00000, 0x00000006f0a00000|
| 237|0x00000006f0b00000, 0x00000006f0b00800, 0x00000006f0c00000|  0%| E|  |TS  4|AC  0|TAMS 0x00000006f0b00000, 0x00000006f0b00000|
| 238|0x00000006f0c00000, 0x00000006f0d00000, 0x00000006f0d00000|100%| E|CS|TS  4|AC  0|TAMS 0x00000006f0c00000, 0x00000006f0c00000|
| 239|0x00000006f0d00000, 0x00000006f0e00000, 0x00000006f0e00000|100%| E|CS|TS  4|AC  0|TAMS 0x00000006f0d00000, 0x00000006f0d00000|
| 240|0x00000006f0e00000, 0x00000006f0f00000, 0x00000006f0f00000|100%| E|CS|TS  4|AC  0|TAMS 0x00000006f0e00000, 0x00000006f0e00000|
| 241|0x00000006f0f00000, 0x00000006f1000000, 0x00000006f1000000|100%| E|CS|TS  4|AC  0|TAMS 0x00000006f0f00000, 0x00000006f0f00000|
| 242|0x00000006f1000000, 0x00000006f1100000, 0x00000006f1100000|100%| E|CS|TS  4|AC  0|TAMS 0x00000006f1000000, 0x00000006f1000000|
| 243|0x00000006f1100000, 0x00000006f1200000, 0x00000006f1200000|100%| E|CS|TS  4|AC  0|TAMS 0x00000006f1100000, 0x00000006f1100000|
| 244|0x00000006f1200000, 0x00000006f1300000, 0x00000006f1300000|100%| E|CS|TS  4|AC  0|TAMS 0x00000006f1200000, 0x00000006f1200000|
| 245|0x00000006f1300000, 0x00000006f1400000, 0x00000006f1400000|100%| E|CS|TS  4|AC  0|TAMS 0x00000006f1300000, 0x00000006f1300000|
| 246|0x00000006f1400000, 0x00000006f1500000, 0x00000006f1500000|100%| E|CS|TS  4|AC  0|TAMS 0x00000006f1400000, 0x00000006f1400000|
| 247|0x00000006f1500000, 0x00000006f1600000, 0x00000006f1600000|100%| E|CS|TS  4|AC  0|TAMS 0x00000006f1500000, 0x00000006f1500000|
| 248|0x00000006f1600000, 0x00000006f1700000, 0x00000006f1700000|100%| E|CS|TS  4|AC  0|TAMS 0x00000006f1600000, 0x00000006f1600000|
| 249|0x00000006f1700000, 0x00000006f1800000, 0x00000006f1800000|100%| E|CS|TS  4|AC  0|TAMS 0x00000006f1700000, 0x00000006f1700000|
| 250|0x00000006f1800000, 0x00000006f1900000, 0x00000006f1900000|100%| E|CS|TS  4|AC  0|TAMS 0x00000006f1800000, 0x00000006f1800000|
| 251|0x00000006f1900000, 0x00000006f1a00000, 0x00000006f1a00000|100%| E|CS|TS  4|AC  0|TAMS 0x00000006f1900000, 0x00000006f1900000|
| 252|0x00000006f1a00000, 0x00000006f1b00000, 0x00000006f1b00000|100%| E|CS|TS  4|AC  0|TAMS 0x00000006f1a00000, 0x00000006f1a00000|
| 253|0x00000006f1b00000, 0x00000006f1c00000, 0x00000006f1c00000|100%| E|CS|TS  4|AC  0|TAMS 0x00000006f1b00000, 0x00000006f1b00000|
| 254|0x00000006f1c00000, 0x00000006f1d00000, 0x00000006f1d00000|100%| E|CS|TS  4|AC  0|TAMS 0x00000006f1c00000, 0x00000006f1c00000|
| 255|0x00000006f1d00000, 0x00000006f1e00000, 0x00000006f1e00000|100%| E|CS|TS  4|AC  0|TAMS 0x00000006f1d00000, 0x00000006f1d00000|
| 256|0x00000006f1e00000, 0x00000006f1f00000, 0x00000006f1f00000|100%| E|CS|TS  4|AC  0|TAMS 0x00000006f1e00000, 0x00000006f1e00000|
| 257|0x00000006f1f00000, 0x00000006f2000000, 0x00000006f2000000|100%| E|CS|TS  4|AC  0|TAMS 0x00000006f1f00000, 0x00000006f1f00000|
| 258|0x00000006f2000000, 0x00000006f2100000, 0x00000006f2100000|100%| E|CS|TS  4|AC  0|TAMS 0x00000006f2000000, 0x00000006f2000000|
| 259|0x00000006f2100000, 0x00000006f2200000, 0x00000006f2200000|100%| E|CS|TS  4|AC  0|TAMS 0x00000006f2100000, 0x00000006f2100000|
| 260|0x00000006f2200000, 0x00000006f2300000, 0x00000006f2300000|100%| E|CS|TS  4|AC  0|TAMS 0x00000006f2200000, 0x00000006f2200000|
| 261|0x00000006f2300000, 0x00000006f2400000, 0x00000006f2400000|100%| E|CS|TS  4|AC  0|TAMS 0x00000006f2300000, 0x00000006f2300000|
| 262|0x00000006f2400000, 0x00000006f2500000, 0x00000006f2500000|100%| E|CS|TS  4|AC  0|TAMS 0x00000006f2400000, 0x00000006f2400000|
| 263|0x00000006f2500000, 0x00000006f2600000, 0x00000006f2600000|100%| E|CS|TS  4|AC  0|TAMS 0x00000006f2500000, 0x00000006f2500000|
| 264|0x00000006f2600000, 0x00000006f2700000, 0x00000006f2700000|100%| E|CS|TS  4|AC  0|TAMS 0x00000006f2600000, 0x00000006f2600000|
| 265|0x00000006f2700000, 0x00000006f2800000, 0x00000006f2800000|100%| E|CS|TS  4|AC  0|TAMS 0x00000006f2700000, 0x00000006f2700000|
| 266|0x00000006f2800000, 0x00000006f2900000, 0x00000006f2900000|100%| E|CS|TS  4|AC  0|TAMS 0x00000006f2800000, 0x00000006f2800000|
| 267|0x00000006f2900000, 0x00000006f2a00000, 0x00000006f2a00000|100%| E|CS|TS  4|AC  0|TAMS 0x00000006f2900000, 0x00000006f2900000|
| 268|0x00000006f2a00000, 0x00000006f2b00000, 0x00000006f2b00000|100%| E|CS|TS  4|AC  0|TAMS 0x00000006f2a00000, 0x00000006f2a00000|

Card table byte_map: [0x000002437f790000,0x000002437fe90000] byte_map_base: 0x000002437c081000

Marking Bits (Prev, Next): (CMBitMap*) 0x0000024374eb9f38, (CMBitMap*) 0x0000024374eb9f00
 Prev Bits: [0x0000024312e90000, 0x0000024316618000)
 Next Bits: [0x000002430f700000, 0x0000024312e88000)

Polling page: 0x0000024373480000

CodeHeap 'non-profiled nmethods': size=120000Kb used=8187Kb max_used=10837Kb free=111812Kb
 bounds [0x0000024307ad0000, 0x0000024308590000, 0x000002430f000000]
CodeHeap 'profiled nmethods': size=120000Kb used=17324Kb max_used=22452Kb free=102675Kb
 bounds [0x00000243005a0000, 0x0000024301b90000, 0x0000024307ad0000]
CodeHeap 'non-nmethods': size=5760Kb used=2371Kb max_used=2482Kb free=3388Kb
 bounds [0x0000024300000000, 0x0000024300280000, 0x00000243005a0000]
 total_blobs=12854 nmethods=7654 adapters=805
 compilation: enabled

Compilation events (10 events):
Event: 460.005 Thread 0x00000243199bd000 nmethod 9331 0x00000243007df110 code [0x00000243007df4e0, 0x00000243007e1620]
Event: 460.005 Thread 0x00000243199bd000 9332   !   3       org.apache.catalina.core.ContainerBase::backgroundProcess (172 bytes)
Event: 460.006 Thread 0x00000243199bd000 nmethod 9332 0x00000243007f3090 code [0x00000243007f33e0, 0x00000243007f4be0]
Event: 460.006 Thread 0x00000243199bd000 9333       3       org.apache.catalina.mapper.MapperListener::lifecycleEvent (180 bytes)
Event: 460.007 Thread 0x00000243199bd000 nmethod 9333 0x00000243007e7410 code [0x00000243007e7720, 0x00000243007e8e80]
Event: 468.884 Thread 0x00000243199bc000 9334   !   4       java.lang.ref.ReferenceQueue::remove (125 bytes)
Event: 468.898 Thread 0x00000243199bc000 nmethod 9334 0x0000024307b5cf90 code [0x0000024307b5d160, 0x0000024307b5df68]
Event: 492.260 Thread 0x00000243199bd000 9335       3       java.util.stream.ReferencePipeline::map (26 bytes)
Event: 492.261 Thread 0x00000243199bd000 nmethod 9335 0x00000243007de710 code [0x00000243007de920, 0x00000243007deec0]
Event: 492.261 Thread 0x00000243199bd000 9336       3       java.util.stream.ReferencePipeline$3::<init> (20 bytes)

GC Heap History (10 events):
Event: 20.273 GC heap before
{Heap before GC invocations=18 (full 0):
 garbage-first heap   total 275456K, used 120228K [0x00000006e1e00000, 0x00000007c0000000)
  region size 1024K, 89 young (91136K), 12 survivors (12288K)
 Metaspace       used 58912K, capacity 59654K, committed 60160K, reserved 1101824K
  class space    used 6642K, capacity 6883K, committed 6912K, reserved 1048576K
}
Event: 20.275 GC heap after
{Heap after GC invocations=19 (full 0):
 garbage-first heap   total 275456K, used 32973K [0x00000006e1e00000, 0x00000007c0000000)
  region size 1024K, 3 young (3072K), 3 survivors (3072K)
 Metaspace       used 58912K, capacity 59654K, committed 60160K, reserved 1101824K
  class space    used 6642K, capacity 6883K, committed 6912K, reserved 1048576K
}
Event: 23.159 GC heap before
{Heap before GC invocations=20 (full 0):
 garbage-first heap   total 275456K, used 194765K [0x00000006e1e00000, 0x00000007c0000000)
  region size 1024K, 161 young (164864K), 3 survivors (3072K)
 Metaspace       used 62810K, capacity 63717K, committed 64000K, reserved 1105920K
  class space    used 7130K, capacity 7390K, committed 7424K, reserved 1048576K
}
Event: 23.166 GC heap after
{Heap after GC invocations=21 (full 0):
 garbage-first heap   total 275456K, used 37240K [0x00000006e1e00000, 0x00000007c0000000)
  region size 1024K, 7 young (7168K), 7 survivors (7168K)
 Metaspace       used 62810K, capacity 63717K, committed 64000K, reserved 1105920K
  class space    used 7130K, capacity 7390K, committed 7424K, reserved 1048576K
}
Event: 26.006 GC heap before
{Heap before GC invocations=21 (full 0):
 garbage-first heap   total 275456K, used 194936K [0x00000006e1e00000, 0x00000007c0000000)
  region size 1024K, 161 young (164864K), 7 survivors (7168K)
 Metaspace       used 67164K, capacity 68201K, committed 68352K, reserved 1110016K
  class space    used 7566K, capacity 7902K, committed 7936K, reserved 1048576K
}
Event: 26.016 GC heap after
{Heap after GC invocations=22 (full 0):
 garbage-first heap   total 275456K, used 41317K [0x00000006e1e00000, 0x00000007c0000000)
  region size 1024K, 11 young (11264K), 11 survivors (11264K)
 Metaspace       used 67164K, capacity 68201K, committed 68352K, reserved 1110016K
  class space    used 7566K, capacity 7902K, committed 7936K, reserved 1048576K
}
Event: 28.257 GC heap before
{Heap before GC invocations=22 (full 0):
 garbage-first heap   total 275456K, used 205157K [0x00000006e1e00000, 0x00000007c0000000)
  region size 1024K, 161 young (164864K), 11 survivors (11264K)
 Metaspace       used 73639K, capacity 74730K, committed 75008K, reserved 1116160K
  class space    used 8281K, capacity 8623K, committed 8704K, reserved 1048576K
}
Event: 28.268 GC heap after
{Heap after GC invocations=23 (full 0):
 garbage-first heap   total 275456K, used 45768K [0x00000006e1e00000, 0x00000007c0000000)
  region size 1024K, 15 young (15360K), 15 survivors (15360K)
 Metaspace       used 73639K, capacity 74730K, committed 75008K, reserved 1116160K
  class space    used 8281K, capacity 8623K, committed 8704K, reserved 1048576K
}
Event: 30.846 GC heap before
{Heap before GC invocations=23 (full 0):
 garbage-first heap   total 275456K, used 195272K [0x00000006e1e00000, 0x00000007c0000000)
  region size 1024K, 161 young (164864K), 15 survivors (15360K)
 Metaspace       used 82032K, capacity 83120K, committed 83456K, reserved 1124352K
  class space    used 8790K, capacity 9151K, committed 9216K, reserved 1048576K
}
Event: 30.873 GC heap after
{Heap after GC invocations=24 (full 0):
 garbage-first heap   total 275456K, used 55849K [0x00000006e1e00000, 0x00000007c0000000)
  region size 1024K, 19 young (19456K), 19 survivors (19456K)
 Metaspace       used 82032K, capacity 83120K, committed 83456K, reserved 1124352K
  class space    used 8790K, capacity 9151K, committed 9216K, reserved 1048576K
}

Deoptimization events (10 events):
Event: 409.998 Thread 0x000002431d4d8800 Uncommon trap: reason=unhandled action=none pc=0x0000024308474b20 method=java.lang.Class.getDeclaredMethod(Ljava/lang/String;[Ljava/lang/Class;)Ljava/lang/reflect/Method; @ 53 c2
Event: 419.999 Thread 0x000002431d4d8800 Uncommon trap: reason=unhandled action=none pc=0x0000024308474b20 method=java.lang.Class.getDeclaredMethod(Ljava/lang/String;[Ljava/lang/Class;)Ljava/lang/reflect/Method; @ 53 c2
Event: 430.001 Thread 0x000002431d4d8800 Uncommon trap: reason=unhandled action=none pc=0x0000024308474b20 method=java.lang.Class.getDeclaredMethod(Ljava/lang/String;[Ljava/lang/Class;)Ljava/lang/reflect/Method; @ 53 c2
Event: 440.001 Thread 0x000002431d4d8800 Uncommon trap: reason=unhandled action=none pc=0x0000024308474b20 method=java.lang.Class.getDeclaredMethod(Ljava/lang/String;[Ljava/lang/Class;)Ljava/lang/reflect/Method; @ 53 c2
Event: 450.002 Thread 0x000002431d4d8800 Uncommon trap: reason=unhandled action=none pc=0x0000024308474b20 method=java.lang.Class.getDeclaredMethod(Ljava/lang/String;[Ljava/lang/Class;)Ljava/lang/reflect/Method; @ 53 c2
Event: 460.002 Thread 0x000002431d4d8800 Uncommon trap: reason=unhandled action=none pc=0x0000024308474b20 method=java.lang.Class.getDeclaredMethod(Ljava/lang/String;[Ljava/lang/Class;)Ljava/lang/reflect/Method; @ 53 c2
Event: 470.004 Thread 0x000002431d4d8800 Uncommon trap: reason=unhandled action=none pc=0x0000024308474b20 method=java.lang.Class.getDeclaredMethod(Ljava/lang/String;[Ljava/lang/Class;)Ljava/lang/reflect/Method; @ 53 c2
Event: 480.006 Thread 0x000002431d4d8800 Uncommon trap: reason=unhandled action=none pc=0x0000024308474b20 method=java.lang.Class.getDeclaredMethod(Ljava/lang/String;[Ljava/lang/Class;)Ljava/lang/reflect/Method; @ 53 c2
Event: 487.540 Thread 0x0000024319d53800 Uncommon trap: reason=unstable_if action=reinterpret pc=0x0000024307f81240 method=sun.instrument.InstrumentationImpl.transform(Ljava/lang/Module;Ljava/lang/ClassLoader;Ljava/lang/String;Ljava/lang/Class;Ljava/security/ProtectionDomain;[BZ)[B @ 24 c2
Event: 490.008 Thread 0x000002431d4d8800 Uncommon trap: reason=unhandled action=none pc=0x0000024308474b20 method=java.lang.Class.getDeclaredMethod(Ljava/lang/String;[Ljava/lang/Class;)Ljava/lang/reflect/Method; @ 53 c2

Classes redefined (1 events):
Event: 487.608 Thread 0x0000024319949800 redefined class name=net.oopscraft.application.api.ApiController, count=1

Internal exceptions (10 events):
Event: 29.881 Thread 0x000002431d58a000 Exception <a 'java/lang/ClassNotFoundException'{0x00000006ef28aa70}: org/springframework/web/servlet/view/DefaultRequestToViewNameTranslatorCustomizer> (0x00000006ef28aa70) thrown at [t:/workspace/src/hotspot/share/classfile/systemDictionary.cpp, line 233
Event: 29.883 Thread 0x000002431d58a000 Exception <a 'java/lang/ClassNotFoundException'{0x00000006ef2b0090}: org/springframework/web/servlet/RequestToViewNameTranslatorCustomizer> (0x00000006ef2b0090) thrown at [t:/workspace/src/hotspot/share/classfile/systemDictionary.cpp, line 233]
Event: 29.898 Thread 0x000002431d58a000 Exception <a 'java/lang/ClassNotFoundException'{0x00000006ef14aea8}: org/springframework/web/servlet/support/SessionFlashMapManagerBeanInfo> (0x00000006ef14aea8) thrown at [t:/workspace/src/hotspot/share/classfile/systemDictionary.cpp, line 233]
Event: 29.902 Thread 0x000002431d58a000 Exception <a 'java/lang/ClassNotFoundException'{0x00000006ef15feb0}: org/springframework/web/servlet/support/AbstractFlashMapManagerBeanInfo> (0x00000006ef15feb0) thrown at [t:/workspace/src/hotspot/share/classfile/systemDictionary.cpp, line 233]
Event: 29.905 Thread 0x000002431d58a000 Exception <a 'java/lang/ClassNotFoundException'{0x00000006ef175598}: org/springframework/web/servlet/support/AbstractFlashMapManagerCustomizer> (0x00000006ef175598) thrown at [t:/workspace/src/hotspot/share/classfile/systemDictionary.cpp, line 233]
Event: 29.908 Thread 0x000002431d58a000 Exception <a 'java/lang/ClassNotFoundException'{0x00000006ef18fd88}: org/springframework/web/servlet/support/SessionFlashMapManagerCustomizer> (0x00000006ef18fd88) thrown at [t:/workspace/src/hotspot/share/classfile/systemDictionary.cpp, line 233]
Event: 29.911 Thread 0x000002431d58a000 Exception <a 'java/lang/ClassNotFoundException'{0x00000006ef1a5918}: org/springframework/web/servlet/FlashMapManagerCustomizer> (0x00000006ef1a5918) thrown at [t:/workspace/src/hotspot/share/classfile/systemDictionary.cpp, line 233]
Event: 29.936 Thread 0x000002431d58a000 Implicit null exception at 0x000002430822ce0c to 0x0000024308230f5a
Event: 30.204 Thread 0x000002431d4d6800 Exception <a 'java/lang/NoSuchMethodError'{0x00000006edf80518}: java.lang.Object.lambda$thenComparing$36697e65$1(Ljava/util/Comparator;Ljava/lang/Object;Ljava/lang/Object;)I> (0x00000006edf80518) thrown at [t:/workspace/src/hotspot/share/interpreter/linkR
Event: 30.214 Thread 0x000002431d4d6800 Exception <a 'java/lang/NoSuchMethodError'{0x00000006edfe2198}: method resolution failed> (0x00000006edfe2198) thrown at [t:/workspace/src/hotspot/share/prims/methodHandles.cpp, line 1226]

Events (10 events):
Event: 488.105 Executing VM operation: GetFrameLocation done
Event: 488.105 Executing VM operation: GetOrSetLocal
Event: 488.105 Executing VM operation: GetOrSetLocal done
Event: 490.008 Thread 0x000002431d4d8800 Uncommon trap: trap_request=0xffffffa7 fr.pc=0x0000024308474b20 relative=0x0000000000000900
Event: 490.008 Thread 0x000002431d4d8800 DEOPT PACKING pc=0x0000024308474b20 sp=0x000000a4e83fe810
Event: 490.008 Thread 0x000002431d4d8800 DEOPT UNPACKING pc=0x000002430003cc2f sp=0x000000a4e83fe808 mode 2
Event: 490.008 Thread 0x000002431d4d8800 DEOPT PACKING pc=0x00000243014d5fdc sp=0x000000a4e83fe8c0
Event: 490.008 Thread 0x000002431d4d8800 DEOPT UNPACKING pc=0x000002430003ca4e sp=0x000000a4e83fdda0 mode 1
Event: 492.260 Executing VM operation: GetObjectMonitorUsage
Event: 492.261 Executing VM operation: GetObjectMonitorUsage done


Dynamic libraries:
0x00007ff6d6570000 - 0x00007ff6d65ad000 	D:\oopscraft\sdk\jdk-10\bin\javaw.exe
0x00007ffbdd0a0000 - 0x00007ffbdd290000 	C:\WINDOWS\SYSTEM32\ntdll.dll
0x00007ffbdb160000 - 0x00007ffbdb212000 	C:\WINDOWS\System32\KERNEL32.DLL
0x00007ffbdada0000 - 0x00007ffbdb043000 	C:\WINDOWS\System32\KERNELBASE.dll
0x00007ffbdcad0000 - 0x00007ffbdcc64000 	C:\WINDOWS\System32\USER32.dll
0x00007ffbda5f0000 - 0x00007ffbda611000 	C:\WINDOWS\System32\win32u.dll
0x00007ffbdcaa0000 - 0x00007ffbdcac6000 	C:\WINDOWS\System32\GDI32.dll
0x00007ffbda0b0000 - 0x00007ffbda244000 	C:\WINDOWS\System32\gdi32full.dll
0x00007ffbdb050000 - 0x00007ffbdb0ee000 	C:\WINDOWS\System32\msvcp_win.dll
0x00007ffbda4d0000 - 0x00007ffbda5ca000 	C:\WINDOWS\System32\ucrtbase.dll
0x00007ffbbdf10000 - 0x00007ffbbe195000 	C:\WINDOWS\WinSxS\amd64_microsoft.windows.common-controls_6595b64144ccf1df_6.0.18362.720_none_e6beb5c51314836b\COMCTL32.dll
0x00007ffbdbc30000 - 0x00007ffbdbcce000 	C:\WINDOWS\System32\msvcrt.dll
0x00007ffbdbfa0000 - 0x00007ffbdc2d6000 	C:\WINDOWS\System32\combase.dll
0x00007ffbdbe60000 - 0x00007ffbdbf80000 	C:\WINDOWS\System32\RPCRT4.dll
0x00007ffbda030000 - 0x00007ffbda0b0000 	C:\WINDOWS\System32\bcryptPrimitives.dll
0x00007ffbdbcd0000 - 0x00007ffbdbcfe000 	C:\WINDOWS\System32\IMM32.DLL
0x00007ffba97d0000 - 0x00007ffba98bf000 	D:\oopscraft\sdk\jdk-10\bin\msvcr120.dll
0x00007ffbaab80000 - 0x00007ffbaac26000 	D:\oopscraft\sdk\jdk-10\bin\msvcp120.dll
0x0000000069d20000 - 0x000000006a70d000 	D:\oopscraft\sdk\jdk-10\bin\server\jvm.dll
0x00007ffbdccf0000 - 0x00007ffbdcd93000 	C:\WINDOWS\System32\ADVAPI32.dll
0x00007ffbdcfc0000 - 0x00007ffbdd057000 	C:\WINDOWS\System32\sechost.dll
0x00007ffbdb150000 - 0x00007ffbdb158000 	C:\WINDOWS\System32\PSAPI.DLL
0x00007ffbd2480000 - 0x00007ffbd248a000 	C:\WINDOWS\SYSTEM32\VERSION.dll
0x00007ffbb96f0000 - 0x00007ffbb96f9000 	C:\WINDOWS\SYSTEM32\WSOCK32.dll
0x00007ffbd0520000 - 0x00007ffbd0544000 	C:\WINDOWS\SYSTEM32\WINMM.dll
0x00007ffbdb510000 - 0x00007ffbdb57f000 	C:\WINDOWS\System32\WS2_32.dll
0x00007ffbd04f0000 - 0x00007ffbd051d000 	C:\WINDOWS\SYSTEM32\WINMMBASE.dll
0x00007ffbda250000 - 0x00007ffbda29a000 	C:\WINDOWS\System32\cfgmgr32.dll
0x00007ffbd52f0000 - 0x00007ffbd52ff000 	D:\oopscraft\sdk\jdk-10\bin\verify.dll
0x00007ffbd15c0000 - 0x00007ffbd17b4000 	C:\WINDOWS\SYSTEM32\DBGHELP.DLL
0x00007ffbd1590000 - 0x00007ffbd15ba000 	C:\WINDOWS\SYSTEM32\dbgcore.DLL
0x00007ffbc33f0000 - 0x00007ffbc3417000 	D:\oopscraft\sdk\jdk-10\bin\java.dll
0x00007ffbbb7d0000 - 0x00007ffbbb806000 	D:\oopscraft\sdk\jdk-10\bin\jdwp.dll
0x00007ffbbec40000 - 0x00007ffbbec6a000 	D:\oopscraft\sdk\jdk-10\bin\instrument.dll
0x00007ffbc34c0000 - 0x00007ffbc34d6000 	D:\oopscraft\sdk\jdk-10\bin\zip.dll
0x00007ffbd52e0000 - 0x00007ffbd52ea000 	D:\oopscraft\sdk\jdk-10\bin\jimage.dll
0x00007ffbdc2e0000 - 0x00007ffbdc9c5000 	C:\WINDOWS\System32\SHELL32.dll
0x00007ffbdb220000 - 0x00007ffbdb2c9000 	C:\WINDOWS\System32\shcore.dll
0x00007ffbda620000 - 0x00007ffbdada0000 	C:\WINDOWS\System32\windows.storage.dll
0x00007ffbd9fe0000 - 0x00007ffbda003000 	C:\WINDOWS\System32\profapi.dll
0x00007ffbd9f70000 - 0x00007ffbd9fba000 	C:\WINDOWS\System32\powrprof.dll
0x00007ffbd9f60000 - 0x00007ffbd9f70000 	C:\WINDOWS\System32\UMPDC.dll
0x00007ffbdcf60000 - 0x00007ffbdcfb2000 	C:\WINDOWS\System32\shlwapi.dll
0x00007ffbd9fc0000 - 0x00007ffbd9fd1000 	C:\WINDOWS\System32\kernel.appcore.dll
0x00007ffbda5d0000 - 0x00007ffbda5e7000 	C:\WINDOWS\System32\cryptsp.dll
0x00007ffbd3af0000 - 0x00007ffbd3afa000 	D:\oopscraft\sdk\jdk-10\bin\dt_socket.dll
0x00007ffbd97d0000 - 0x00007ffbd9837000 	C:\WINDOWS\System32\mswsock.dll
0x00007ffbd9520000 - 0x00007ffbd95ea000 	C:\WINDOWS\SYSTEM32\DNSAPI.dll
0x00007ffbdcda0000 - 0x00007ffbdcda8000 	C:\WINDOWS\System32\NSI.dll
0x00007ffbd94e0000 - 0x00007ffbd951a000 	C:\WINDOWS\SYSTEM32\IPHLPAPI.DLL
0x000000006c380000 - 0x000000006c3a6000 	C:\Program Files\Bonjour\mdnsNSP.dll
0x00007ffbd2660000 - 0x00007ffbd26d7000 	C:\WINDOWS\System32\fwpuclnt.dll
0x00007ffbda4a0000 - 0x00007ffbda4c6000 	C:\WINDOWS\System32\bcrypt.dll
0x00007ffbd1f00000 - 0x00007ffbd1f0a000 	C:\Windows\System32\rasadhlp.dll
0x00007ffbc3460000 - 0x00007ffbc347a000 	D:\oopscraft\sdk\jdk-10\bin\net.dll
0x00007ffbd1f10000 - 0x00007ffbd2001000 	C:\WINDOWS\SYSTEM32\WINHTTP.dll
0x00007ffbc33d0000 - 0x00007ffbc33e1000 	D:\oopscraft\sdk\jdk-10\bin\nio.dll
0x00007ffbd27e0000 - 0x00007ffbd27e9000 	D:\oopscraft\sdk\jdk-10\bin\management.dll
0x00007ffbd27b0000 - 0x00007ffbd27ba000 	D:\oopscraft\sdk\jdk-10\bin\management_ext.dll
0x00007ffbbeed0000 - 0x00007ffbbeee6000 	C:\WINDOWS\system32\napinsp.dll
0x00007ffbbeeb0000 - 0x00007ffbbeeca000 	C:\WINDOWS\system32\pnrpnsp.dll
0x00007ffbbeea0000 - 0x00007ffbbeeae000 	C:\WINDOWS\System32\winrnr.dll
0x00007ffbd3a00000 - 0x00007ffbd3a1c000 	C:\WINDOWS\system32\NLAapi.dll
0x00007ffbd5f70000 - 0x00007ffbd5f85000 	C:\WINDOWS\system32\wshbth.dll
0x00007ffbd9340000 - 0x00007ffbd9373000 	C:\WINDOWS\system32\rsaenh.dll
0x00007ffbd9e80000 - 0x00007ffbd9ea5000 	C:\WINDOWS\SYSTEM32\USERENV.dll
0x00007ffbd99a0000 - 0x00007ffbd99ac000 	C:\WINDOWS\SYSTEM32\CRYPTBASE.dll
0x00007ffbd2d00000 - 0x00007ffbd2d16000 	C:\WINDOWS\SYSTEM32\dhcpcsvc6.DLL
0x00007ffbd31f0000 - 0x00007ffbd320c000 	C:\WINDOWS\SYSTEM32\dhcpcsvc.DLL

dbghelp: loaded successfully - version: 4.0.5 - missing functions: none
symbol engine: initialized successfully - sym options: 0x614 - pdb path: .;D:\oopscraft\sdk\jdk-10\bin;C:\WINDOWS\SYSTEM32;C:\WINDOWS\WinSxS\amd64_microsoft.windows.common-controls_6595b64144ccf1df_6.0.18362.720_none_e6beb5c51314836b;D:\oopscraft\sdk\jdk-10\bin\server;C:\Program Files\Bonjour

VM Arguments:
jvm_args: -agentlib:jdwp=transport=dt_socket,suspend=y,address=localhost:63517 -Dapplication.entityManagerFactory.generateDdl=true -javaagent:D:\oopscraft\sdk\eclipse\configuration\org.eclipse.osgi\411\0\.cp\lib\javaagent-shaded.jar -Dfile.encoding=utf-8 
java_command: net.oopscraft.application.Application
java_class_path (initial): C:\Users\chomookun\git\application\target\classes;C:\Users\chomookun\.m2\repository\junit\junit\4.12\junit-4.12.jar;C:\Users\chomookun\.m2\repository\org\hamcrest\hamcrest-core\1.3\hamcrest-core-1.3.jar;C:\Users\chomookun\.m2\repository\org\springframework\spring-core\5.0.1.RELEASE\spring-core-5.0.1.RELEASE.jar;C:\Users\chomookun\.m2\repository\org\springframework\spring-jcl\5.0.1.RELEASE\spring-jcl-5.0.1.RELEASE.jar;C:\Users\chomookun\.m2\repository\org\springframework\spring-beans\5.0.1.RELEASE\spring-beans-5.0.1.RELEASE.jar;C:\Users\chomookun\.m2\repository\org\springframework\spring-context\5.0.1.RELEASE\spring-context-5.0.1.RELEASE.jar;C:\Users\chomookun\.m2\repository\org\springframework\spring-web\5.0.1.RELEASE\spring-web-5.0.1.RELEASE.jar;C:\Users\chomookun\.m2\repository\org\springframework\spring-webmvc\5.0.1.RELEASE\spring-webmvc-5.0.1.RELEASE.jar;C:\Users\chomookun\.m2\repository\org\springframework\spring-jdbc\5.0.1.RELEASE\spring-jdbc-5.0.1.RELEASE.jar;C:\Users\chomookun\.m2\repository\org\springframework\spring-orm\5.0.1.RELEASE\spring-orm-5.0.1.RELEASE.jar;C:\Users\chomookun\.m2\repository\org\springframework\spring-tx\5.0.1.RELEASE\spring-tx-5.0.1.RELEASE.jar;C:\Users\chomookun\.m2\repository\org\springframework\spring-test\5.0.1.RELEASE\spring-test-5.0.1.RELEASE.jar;C:\Users\chomookun\.m2\repository\org\springframework\spring-websocket\5.0.1.RELEASE\spring-websocket-5.0.1.RELEASE.jar;C:\Users\chomookun\.m2\repository\org\springframework\spring-expression\5.0.1.RELEASE\spring-expression-5.0.1.RELEASE.jar;C:\Users\chomookun\.m2\repository\org\springframework\spring-aop\5.0.1.RELEASE\spring-aop-5.0.1.RELEASE.jar;C:\Users\chomookun\.m2\repository\commons-dbcp\commons-dbcp\1.4\commons-dbcp-1.4.jar;C:\Users\chomookun\.m2\repository\commons-pool\commons-pool\1.5.4\commons-pool-1.5.4.jar;C:\Users\chomookun\.m2\repository\commons-lang\commons-lang\2.6\commons-lang-2.6.jar;C:\Users\chomookun\.m2\repository\org\apache\commons\comm
Launcher Type: SUN_STANDARD

Logging:
Log output configuration:
#0: stdout all=warning uptime,level,tags
#1: stderr all=off uptime,level,tags

Environment Variables:
JAVA_HOME=C:\Program Files\ojdkbuild\java-1.8.0-openjdk-1.8.0.212-1
PATH=C:/Program Files/ojdkbuild/java-1.8.0-openjdk-1.8.0.212-1/bin/../jre/bin/server;C:/Program Files/ojdkbuild/java-1.8.0-openjdk-1.8.0.212-1/bin/../jre/bin;C:/Program Files/ojdkbuild/java-1.8.0-openjdk-1.8.0.212-1/bin/../jre/lib/amd64;C:\WINDOWS\system32;C:\WINDOWS;C:\WINDOWS\System32\Wbem;C:\WINDOWS\System32\WindowsPowerShell\v1.0\;C:\Program Files\ojdkbuild\java-1.8.0-openjdk-1.8.0.212-1\bin;C:\WINDOWS\System32\OpenSSH\;C:\Program Files\Git\cmd;C:\Program Files\nodejs\;C:\Users\chomookun\AppData\Local\Microsoft\WindowsApps;C:\Users\chomookun\AppData\Roaming\npm;C:\Users\chomookun\AppData\Local\Programs\Microsoft VS Code\bin;D:\oopscraft\sdk\eclipse;
USERNAME=chomookun
OS=Windows_NT
PROCESSOR_IDENTIFIER=AMD64 Family 23 Model 24 Stepping 1, AuthenticAMD



---------------  S Y S T E M  ---------------

OS: Windows 10 , 64 bit Build 18362 (10.0.18362.329)

CPU:total 8 (initial active 8) (8 cores per cpu, 2 threads per core) family 23 model 24 stepping 1, cmov, cx8, fxsr, mmx, sse, sse2, sse3, ssse3, sse4.1, sse4.2, popcnt, avx, avx2, aes, clmul, mmxext, 3dnowpref, lzcnt, sse4a, ht, tsc, tscinvbit, tscinv, bmi1, bmi2, adx, sha, fma

Memory: 4k page, physical 14554396k(7030428k free), swap 19272988k(6954376k free)

vm_info: OpenJDK 64-Bit Server VM (10+44) for windows-amd64 JRE (10+44), built on Feb 16 2018 20:30:25 by "mach5one" with MS VC++ 12.0 (VS2013)

END.
